[ 2017-10-28T01:43:18+08:00 ] 202.108.211.56 /
INFO: [ app_init ] --START--
INFO: Run Behavior\BuildLiteBehavior [ RunTime:0.000015s ]
INFO: [ app_init ] --END-- [ RunTime:0.000426s ]
INFO: [ app_begin ] --START--
INFO: Run Behavior\ReadHtmlCacheBehavior [ RunTime:0.000464s ]
INFO: [ app_begin ] --END-- [ RunTime:0.000507s ]
INFO: [ view_parse ] --START--
INFO: Run Behavior\ParseTemplateBehavior [ RunTime:0.000237s ]
INFO: [ view_parse ] --END-- [ RunTime:0.000285s ]
INFO: [ view_filter ] --START--
INFO: Run Behavior\WriteHtmlCacheBehavior [ RunTime:0.000215s ]
INFO: [ view_filter ] --END-- [ RunTime:0.000252s ]
INFO: [ app_end ] --START--
INFO: Run Behavior\ShowPageTraceBehavior [ RunTime:0.000495s ]
INFO: [ app_end ] --END-- [ RunTime:0.000533s ]

[ 2017-10-28T08:35:35+08:00 ] 61.52.128.119 /
INFO: [ app_init ] --START--
INFO: Run Behavior\BuildLiteBehavior [ RunTime:0.000015s ]
INFO: [ app_init ] --END-- [ RunTime:0.000393s ]
INFO: [ app_begin ] --START--
INFO: Run Behavior\ReadHtmlCacheBehavior [ RunTime:0.000490s ]
INFO: [ app_begin ] --END-- [ RunTime:0.000552s ]
INFO: [ view_parse ] --START--
INFO: Run Behavior\ParseTemplateBehavior [ RunTime:0.000235s ]
INFO: [ view_parse ] --END-- [ RunTime:0.000279s ]
INFO: [ view_filter ] --START--
INFO: Run Behavior\WriteHtmlCacheBehavior [ RunTime:0.000262s ]
INFO: [ view_filter ] --END-- [ RunTime:0.000312s ]
INFO: [ app_end ] --START--
INFO: Run Behavior\ShowPageTraceBehavior [ RunTime:0.000535s ]
INFO: [ app_end ] --END-- [ RunTime:0.000586s ]

[ 2017-10-28T08:35:35+08:00 ] 61.52.128.119 /favicon.ico
INFO: [ app_init ] --START--
INFO: Run Behavior\BuildLiteBehavior [ RunTime:0.000013s ]
INFO: [ app_init ] --END-- [ RunTime:0.000358s ]

[ 2017-10-28T08:47:21+08:00 ] 61.52.128.119 /
INFO: [ app_init ] --START--
INFO: Run Behavior\BuildLiteBehavior [ RunTime:0.000014s ]
INFO: [ app_init ] --END-- [ RunTime:0.000368s ]
INFO: [ app_begin ] --START--
INFO: Run Behavior\ReadHtmlCacheBehavior [ RunTime:0.000464s ]
INFO: [ app_begin ] --END-- [ RunTime:0.000508s ]
INFO: [ view_parse ] --START--
INFO: Run Behavior\ParseTemplateBehavior [ RunTime:0.000259s ]
INFO: [ view_parse ] --END-- [ RunTime:0.000302s ]
INFO: [ view_filter ] --START--
INFO: Run Behavior\WriteHtmlCacheBehavior [ RunTime:0.000222s ]
INFO: [ view_filter ] --END-- [ RunTime:0.000260s ]
INFO: [ app_end ] --START--
INFO: Run Behavior\ShowPageTraceBehavior [ RunTime:0.000495s ]
INFO: [ app_end ] --END-- [ RunTime:0.000535s ]

[ 2017-10-28T08:47:22+08:00 ] 61.52.128.119 /favicon.ico
INFO: [ app_init ] --START--
INFO: Run Behavior\BuildLiteBehavior [ RunTime:0.000014s ]
INFO: [ app_init ] --END-- [ RunTime:0.000361s ]

[ 2017-10-28T09:06:44+08:00 ] 61.52.128.119 /Pay/dowxpaycom
INFO: [ app_init ] --START--
INFO: Run Behavior\BuildLiteBehavior [ RunTime:0.000014s ]
INFO: [ app_init ] --END-- [ RunTime:0.000372s ]
INFO: [ app_begin ] --START--
INFO: Run Behavior\ReadHtmlCacheBehavior [ RunTime:0.000489s ]
INFO: [ app_begin ] --END-- [ RunTime:0.000532s ]
ERR: 非法操作:dowxpaycom

[ 2017-10-28T09:07:03+08:00 ] 123.151.77.72 /
INFO: [ app_init ] --START--
INFO: Run Behavior\BuildLiteBehavior [ RunTime:0.000013s ]
INFO: [ app_init ] --END-- [ RunTime:0.000356s ]
INFO: [ app_begin ] --START--
INFO: Run Behavior\ReadHtmlCacheBehavior [ RunTime:0.000580s ]
INFO: [ app_begin ] --END-- [ RunTime:0.000625s ]
INFO: [ view_parse ] --START--
INFO: Run Behavior\ParseTemplateBehavior [ RunTime:0.000282s ]
INFO: [ view_parse ] --END-- [ RunTime:0.000325s ]
INFO: [ view_filter ] --START--
INFO: Run Behavior\WriteHtmlCacheBehavior [ RunTime:0.000220s ]
INFO: [ view_filter ] --END-- [ RunTime:0.000257s ]
INFO: [ app_end ] --START--
INFO: Run Behavior\ShowPageTraceBehavior [ RunTime:0.000554s ]
INFO: [ app_end ] --END-- [ RunTime:0.000594s ]

[ 2017-10-28T09:07:03+08:00 ] 111.30.142.78 /
INFO: [ app_init ] --START--
INFO: Run Behavior\BuildLiteBehavior [ RunTime:0.000012s ]
INFO: [ app_init ] --END-- [ RunTime:0.000335s ]
INFO: [ app_begin ] --START--
INFO: Run Behavior\ReadHtmlCacheBehavior [ RunTime:0.000468s ]
INFO: [ app_begin ] --END-- [ RunTime:0.000524s ]
INFO: [ view_parse ] --START--
INFO: Run Behavior\ParseTemplateBehavior [ RunTime:0.000226s ]
INFO: [ view_parse ] --END-- [ RunTime:0.000270s ]
INFO: [ view_filter ] --START--
INFO: Run Behavior\WriteHtmlCacheBehavior [ RunTime:0.000277s ]
INFO: [ view_filter ] --END-- [ RunTime:0.000329s ]
INFO: [ app_end ] --START--
INFO: Run Behavior\ShowPageTraceBehavior [ RunTime:0.000496s ]
INFO: [ app_end ] --END-- [ RunTime:0.000536s ]

[ 2017-10-28T09:20:32+08:00 ] 61.52.128.119 /
INFO: [ app_init ] --START--
INFO: Run Behavior\BuildLiteBehavior [ RunTime:0.000015s ]
INFO: [ app_init ] --END-- [ RunTime:0.000372s ]
INFO: [ app_begin ] --START--
INFO: Run Behavior\ReadHtmlCacheBehavior [ RunTime:0.000508s ]
INFO: [ app_begin ] --END-- [ RunTime:0.000552s ]
INFO: [ view_parse ] --START--
INFO: Run Behavior\ParseTemplateBehavior [ RunTime:0.000250s ]
INFO: [ view_parse ] --END-- [ RunTime:0.000293s ]
INFO: [ view_filter ] --START--
INFO: Run Behavior\WriteHtmlCacheBehavior [ RunTime:0.000210s ]
INFO: [ view_filter ] --END-- [ RunTime:0.000255s ]
INFO: [ app_end ] --START--
INFO: Run Behavior\ShowPageTraceBehavior [ RunTime:0.000554s ]
INFO: [ app_end ] --END-- [ RunTime:0.000593s ]

[ 2017-10-28T09:20:32+08:00 ] 61.52.128.119 /favicon.ico
INFO: [ app_init ] --START--
INFO: Run Behavior\BuildLiteBehavior [ RunTime:0.000014s ]
INFO: [ app_init ] --END-- [ RunTime:0.000368s ]

[ 2017-10-28T09:20:47+08:00 ] 101.226.233.152 /MP_verify_EB5NfUxoLRFz8bKR.txt
INFO: [ app_init ] --START--
INFO: Run Behavior\BuildLiteBehavior [ RunTime:0.000016s ]
INFO: [ app_init ] --END-- [ RunTime:0.000492s ]
INFO: [ app_begin ] --START--
INFO: Run Behavior\ReadHtmlCacheBehavior [ RunTime:0.000466s ]
INFO: [ app_begin ] --END-- [ RunTime:0.000510s ]
ERR: 无法加载控制器:MP_verify_EB5NfUxoLRFz8bKR.txt

[ 2017-10-28T09:23:48+08:00 ] 101.226.233.148 /MP_verify_EB5NfUxoLRFz8bKR.txt
INFO: [ app_init ] --START--
INFO: Run Behavior\BuildLiteBehavior [ RunTime:0.000014s ]
INFO: [ app_init ] --END-- [ RunTime:0.000357s ]
INFO: [ app_begin ] --START--
INFO: Run Behavior\ReadHtmlCacheBehavior [ RunTime:0.000462s ]
INFO: [ app_begin ] --END-- [ RunTime:0.000520s ]
ERR: 无法加载控制器:MP_verify_EB5NfUxoLRFz8bKR.txt

[ 2017-10-28T09:51:40+08:00 ] 61.52.128.119 /
INFO: [ app_init ] --START--
INFO: Run Behavior\BuildLiteBehavior [ RunTime:0.000018s ]
INFO: [ app_init ] --END-- [ RunTime:0.000411s ]
INFO: [ app_begin ] --START--
INFO: Run Behavior\ReadHtmlCacheBehavior [ RunTime:0.000553s ]
INFO: [ app_begin ] --END-- [ RunTime:0.000600s ]
INFO: [ view_parse ] --START--
INFO: Run Behavior\ParseTemplateBehavior [ RunTime:0.000238s ]
INFO: [ view_parse ] --END-- [ RunTime:0.000286s ]
INFO: [ view_filter ] --START--
INFO: Run Behavior\WriteHtmlCacheBehavior [ RunTime:0.000220s ]
INFO: [ view_filter ] --END-- [ RunTime:0.000260s ]
INFO: [ app_end ] --START--
INFO: Run Behavior\ShowPageTraceBehavior [ RunTime:0.000592s ]
INFO: [ app_end ] --END-- [ RunTime:0.000634s ]

[ 2017-10-28T09:51:40+08:00 ] 61.52.128.119 /favicon.ico
INFO: [ app_init ] --START--
INFO: Run Behavior\BuildLiteBehavior [ RunTime:0.000017s ]
INFO: [ app_init ] --END-- [ RunTime:0.000399s ]

[ 2017-10-28T09:51:42+08:00 ] 61.52.128.119 /
INFO: [ app_init ] --START--
INFO: Run Behavior\BuildLiteBehavior [ RunTime:0.000022s ]
INFO: [ app_init ] --END-- [ RunTime:0.000441s ]
INFO: [ app_begin ] --START--
INFO: Run Behavior\ReadHtmlCacheBehavior [ RunTime:0.000529s ]
INFO: [ app_begin ] --END-- [ RunTime:0.000589s ]
INFO: [ view_parse ] --START--
INFO: Run Behavior\ParseTemplateBehavior [ RunTime:0.000318s ]
INFO: [ view_parse ] --END-- [ RunTime:0.000365s ]
INFO: [ view_filter ] --START--
INFO: Run Behavior\WriteHtmlCacheBehavior [ RunTime:0.000272s ]
INFO: [ view_filter ] --END-- [ RunTime:0.000314s ]
INFO: [ app_end ] --START--
INFO: Run Behavior\ShowPageTraceBehavior [ RunTime:0.000539s ]
INFO: [ app_end ] --END-- [ RunTime:0.000606s ]

[ 2017-10-28T09:52:10+08:00 ] 157.55.39.150 /robots.txt
INFO: [ app_init ] --START--
INFO: Run Behavior\BuildLiteBehavior [ RunTime:0.000018s ]
INFO: [ app_init ] --END-- [ RunTime:0.000404s ]
INFO: [ app_begin ] --START--
INFO: Run Behavior\ReadHtmlCacheBehavior [ RunTime:0.000551s ]
INFO: [ app_begin ] --END-- [ RunTime:0.000604s ]
ERR: 无法加载控制器:Robots.txt

[ 2017-10-28T09:52:12+08:00 ] 207.46.13.184 /
INFO: [ app_init ] --START--
INFO: Run Behavior\BuildLiteBehavior [ RunTime:0.000013s ]
INFO: [ app_init ] --END-- [ RunTime:0.000395s ]
INFO: [ app_begin ] --START--
INFO: Run Behavior\ReadHtmlCacheBehavior [ RunTime:0.000513s ]
INFO: [ app_begin ] --END-- [ RunTime:0.000562s ]
INFO: [ view_parse ] --START--
INFO: Run Behavior\ParseTemplateBehavior [ RunTime:0.000278s ]
INFO: [ view_parse ] --END-- [ RunTime:0.000345s ]
INFO: [ view_filter ] --START--
INFO: Run Behavior\WriteHtmlCacheBehavior [ RunTime:0.000243s ]
INFO: [ view_filter ] --END-- [ RunTime:0.000285s ]
INFO: [ app_end ] --START--
INFO: Run Behavior\ShowPageTraceBehavior [ RunTime:0.000535s ]
INFO: [ app_end ] --END-- [ RunTime:0.000590s ]

[ 2017-10-28T09:52:52+08:00 ] 101.226.233.142 /MP_verify_EB5NfUxoLRFz8bKR.txt
INFO: [ app_init ] --START--
INFO: Run Behavior\BuildLiteBehavior [ RunTime:0.000014s ]
INFO: [ app_init ] --END-- [ RunTime:0.000378s ]
INFO: [ app_begin ] --START--
INFO: Run Behavior\ReadHtmlCacheBehavior [ RunTime:0.000530s ]
INFO: [ app_begin ] --END-- [ RunTime:0.000579s ]
ERR: 无法加载控制器:MP_verify_EB5NfUxoLRFz8bKR.txt

[ 2017-10-28T10:20:59+08:00 ] 140.207.185.111 /index.php/Home/Company/company
INFO: [ app_init ] --START--
INFO: Run Behavior\BuildLiteBehavior [ RunTime:0.000014s ]
INFO: [ app_init ] --END-- [ RunTime:0.000385s ]
INFO: [ app_begin ] --START--
INFO: Run Behavior\ReadHtmlCacheBehavior [ RunTime:0.000498s ]
INFO: [ app_begin ] --END-- [ RunTime:0.000541s ]
ERR: 无法加载控制器:Company

[ 2017-10-28T10:21:02+08:00 ] 140.207.124.105 /index.php/Home/Release/resource
INFO: [ app_init ] --START--
INFO: Run Behavior\BuildLiteBehavior [ RunTime:0.000026s ]
INFO: [ app_init ] --END-- [ RunTime:0.000496s ]
INFO: [ app_begin ] --START--
INFO: Run Behavior\ReadHtmlCacheBehavior [ RunTime:0.000537s ]
INFO: [ app_begin ] --END-- [ RunTime:0.000611s ]
ERR: 无法加载控制器:Release

[ 2017-10-28T10:27:25+08:00 ] 123.151.77.90 /
INFO: [ app_init ] --START--
INFO: Run Behavior\BuildLiteBehavior [ RunTime:0.000012s ]
INFO: [ app_init ] --END-- [ RunTime:0.000331s ]
INFO: [ app_begin ] --START--
INFO: Run Behavior\ReadHtmlCacheBehavior [ RunTime:0.000445s ]
INFO: [ app_begin ] --END-- [ RunTime:0.000490s ]
INFO: [ view_parse ] --START--
INFO: Run Behavior\ParseTemplateBehavior [ RunTime:0.000233s ]
INFO: [ view_parse ] --END-- [ RunTime:0.000277s ]
INFO: [ view_filter ] --START--
INFO: Run Behavior\WriteHtmlCacheBehavior [ RunTime:0.000244s ]
INFO: [ view_filter ] --END-- [ RunTime:0.000294s ]
INFO: [ app_end ] --START--
INFO: Run Behavior\ShowPageTraceBehavior [ RunTime:0.000515s ]
INFO: [ app_end ] --END-- [ RunTime:0.000556s ]

[ 2017-10-28T10:27:25+08:00 ] 111.30.142.233 /
INFO: [ app_init ] --START--
INFO: Run Behavior\BuildLiteBehavior [ RunTime:0.000019s ]
INFO: [ app_init ] --END-- [ RunTime:0.000416s ]
INFO: [ app_begin ] --START--
INFO: Run Behavior\ReadHtmlCacheBehavior [ RunTime:0.000706s ]
INFO: [ app_begin ] --END-- [ RunTime:0.000775s ]
INFO: [ view_parse ] --START--
INFO: Run Behavior\ParseTemplateBehavior [ RunTime:0.000231s ]
INFO: [ view_parse ] --END-- [ RunTime:0.000276s ]
INFO: [ view_filter ] --START--
INFO: Run Behavior\WriteHtmlCacheBehavior [ RunTime:0.000229s ]
INFO: [ view_filter ] --END-- [ RunTime:0.000267s ]
INFO: [ app_end ] --START--
INFO: Run Behavior\ShowPageTraceBehavior [ RunTime:0.000524s ]
INFO: [ app_end ] --END-- [ RunTime:0.000563s ]

[ 2017-10-28T10:40:00+08:00 ] 121.0.27.1 /index.php/Home/pay/notify_url
INFO: [ app_init ] --START--
INFO: Run Behavior\BuildLiteBehavior [ RunTime:0.000014s ]
INFO: [ app_init ] --END-- [ RunTime:0.000382s ]
INFO: [ app_begin ] --START--
INFO: Run Behavior\ReadHtmlCacheBehavior [ RunTime:0.000527s ]
INFO: [ app_begin ] --END-- [ RunTime:0.000573s ]
NOTIC: [8] Array to string conversion /www/web/renli/public_html/PC/Home/Controller/PayController.class.php 第 57 行.
SQL: SHOW COLUMNS FROM `enroll` [ RunTime:0.0020s ]
SQL: SELECT `statu` FROM `enroll` WHERE `order` = '4733c8c6354fbb1d4af549545299b9ce' LIMIT 1   [ RunTime:0.0014s ]
SQL: UPDATE `enroll` SET `pay_time`='2017-10-28 10:40:00',`pay_type`='alipay',`pay_return_no`='2017102821001004940200314025',`pay_return_sts`='TRADE_SUCCESS',`buyer_email`='xfs***@sandbox.com',`statu`='1',`pay_money`='200.00' WHERE `order` = '4733c8c6354fbb1d4af549545299b9ce' [ RunTime:0.0024s ]
INFO: [ app_end ] --START--
INFO: Run Behavior\ShowPageTraceBehavior [ RunTime:0.000550s ]
INFO: [ app_end ] --END-- [ RunTime:0.000602s ]

[ 2017-10-28T10:44:11+08:00 ] 121.0.27.2 /index.php/Home/pay/notify_url
INFO: [ app_init ] --START--
INFO: Run Behavior\BuildLiteBehavior [ RunTime:0.000014s ]
INFO: [ app_init ] --END-- [ RunTime:0.000357s ]
INFO: [ app_begin ] --START--
INFO: Run Behavior\ReadHtmlCacheBehavior [ RunTime:0.000490s ]
INFO: [ app_begin ] --END-- [ RunTime:0.000553s ]
NOTIC: [8] Array to string conversion /www/web/renli/public_html/PC/Home/Controller/PayController.class.php 第 72 行.
SQL: SHOW COLUMNS FROM `enroll` [ RunTime:0.0019s ]
SQL: SELECT `statu` FROM `enroll` WHERE `order` = '059250e948e5c8dfe43118e89386414f' LIMIT 1   [ RunTime:0.0013s ]
SQL: UPDATE `enroll` SET `pay_time`='2017-10-28 10:44:11',`pay_type`='alipay',`pay_return_no`='2017102821001004940200313880',`pay_return_sts`='TRADE_SUCCESS',`buyer_email`='xfs***@sandbox.com',`statu`='1',`pay_money`='200.00' WHERE `order` = '059250e948e5c8dfe43118e89386414f' [ RunTime:0.0022s ]
SQL: SHOW COLUMNS FROM `commission` [ RunTime:0.0017s ]
NOTIC: [8] Undefined variable: order /www/web/renli/public_html/PC/Home/Controller/PayController.class.php 第 54 行.
ERR: 1064:You have an error in your SQL syntax; check the manual that corresponds to your MySQL server version for the right syntax to use near 'order='' ) LIMIT 1' at line 1
 [ SQL语句 ] : SELECT `recode`,`uid`,`cid`,`order` FROM `enroll` WHERE ( order='' ) LIMIT 1  
ERR: 1064:You have an error in your SQL syntax; check the manual that corresponds to your MySQL server version for the right syntax to use near 'order='' ) LIMIT 1' at line 1
 [ SQL语句 ] : SELECT `recode`,`uid`,`cid`,`order` FROM `enroll` WHERE ( order='' ) LIMIT 1  

[ 2017-10-28T10:48:25+08:00 ] 121.0.27.3 /index.php/Home/pay/notify_url
INFO: [ app_init ] --START--
INFO: Run Behavior\BuildLiteBehavior [ RunTime:0.000014s ]
INFO: [ app_init ] --END-- [ RunTime:0.000402s ]
INFO: [ app_begin ] --START--
INFO: Run Behavior\ReadHtmlCacheBehavior [ RunTime:0.000503s ]
INFO: [ app_begin ] --END-- [ RunTime:0.000548s ]
NOTIC: [8] Array to string conversion /www/web/renli/public_html/PC/Home/Controller/PayController.class.php 第 72 行.
SQL: SHOW COLUMNS FROM `enroll` [ RunTime:0.0019s ]
SQL: SELECT `statu` FROM `enroll` WHERE `order` = '059250e948e5c8dfe43118e89386414f' LIMIT 1   [ RunTime:0.0014s ]
INFO: [ app_end ] --START--
INFO: Run Behavior\ShowPageTraceBehavior [ RunTime:0.000666s ]
INFO: [ app_end ] --END-- [ RunTime:0.000709s ]

[ 2017-10-28T10:50:40+08:00 ] 61.52.128.119 /favicon.ico
INFO: [ app_init ] --START--
INFO: Run Behavior\BuildLiteBehavior [ RunTime:0.000015s ]
INFO: [ app_init ] --END-- [ RunTime:0.000349s ]

[ 2017-10-28T10:51:11+08:00 ] 121.0.27.87 /index.php/Home/pay/notify_url
INFO: [ app_init ] --START--
INFO: Run Behavior\BuildLiteBehavior [ RunTime:0.000013s ]
INFO: [ app_init ] --END-- [ RunTime:0.000408s ]
INFO: [ app_begin ] --START--
INFO: Run Behavior\ReadHtmlCacheBehavior [ RunTime:0.000617s ]
INFO: [ app_begin ] --END-- [ RunTime:0.000665s ]
NOTIC: [8] Array to string conversion /www/web/renli/public_html/PC/Home/Controller/PayController.class.php 第 72 行.
SQL: SHOW COLUMNS FROM `enroll` [ RunTime:0.0019s ]
SQL: SELECT `statu` FROM `enroll` WHERE `order` = 'e69f7a60e9c1b4acdb02e1f4ba086bef' LIMIT 1   [ RunTime:0.0015s ]
SQL: UPDATE `enroll` SET `pay_time`='2017-10-28 10:51:11',`pay_type`='alipay',`pay_return_no`='2017102821001004940200313881',`pay_return_sts`='TRADE_SUCCESS',`buyer_email`='xfs***@sandbox.com',`statu`='1',`pay_money`='200.00' WHERE `order` = 'e69f7a60e9c1b4acdb02e1f4ba086bef' [ RunTime:0.0022s ]
SQL: SHOW COLUMNS FROM `commission` [ RunTime:0.0022s ]
NOTIC: [8] Undefined variable: order /www/web/renli/public_html/PC/Home/Controller/PayController.class.php 第 54 行.
ERR: 1064:You have an error in your SQL syntax; check the manual that corresponds to your MySQL server version for the right syntax to use near 'order='' ) LIMIT 1' at line 1
 [ SQL语句 ] : SELECT `recode`,`uid`,`cid`,`order` FROM `enroll` WHERE ( order='' ) LIMIT 1  
ERR: 1064:You have an error in your SQL syntax; check the manual that corresponds to your MySQL server version for the right syntax to use near 'order='' ) LIMIT 1' at line 1
 [ SQL语句 ] : SELECT `recode`,`uid`,`cid`,`order` FROM `enroll` WHERE ( order='' ) LIMIT 1  

[ 2017-10-28T10:54:43+08:00 ] 121.0.27.89 /index.php/Home/pay/notify_url
INFO: [ app_init ] --START--
INFO: Run Behavior\BuildLiteBehavior [ RunTime:0.000014s ]
INFO: [ app_init ] --END-- [ RunTime:0.000349s ]
INFO: [ app_begin ] --START--
INFO: Run Behavior\ReadHtmlCacheBehavior [ RunTime:0.000455s ]
INFO: [ app_begin ] --END-- [ RunTime:0.000499s ]
NOTIC: [8] Array to string conversion /www/web/renli/public_html/PC/Home/Controller/PayController.class.php 第 74 行.
SQL: SHOW COLUMNS FROM `enroll` [ RunTime:0.0020s ]
SQL: SELECT `statu` FROM `enroll` WHERE `order` = '2d21f52970af5639d0de3de4dd172aa2' LIMIT 1   [ RunTime:0.0015s ]
SQL: UPDATE `enroll` SET `pay_time`='2017-10-28 10:54:43',`pay_type`='alipay',`pay_return_no`='2017102821001004940200313882',`pay_return_sts`='TRADE_SUCCESS',`buyer_email`='xfs***@sandbox.com',`statu`='1',`pay_money`='200.00' WHERE `order` = '2d21f52970af5639d0de3de4dd172aa2' [ RunTime:0.0024s ]
SQL: SHOW COLUMNS FROM `commission` [ RunTime:0.0019s ]
NOTIC: [8] Undefined variable: order /www/web/renli/public_html/PC/Home/Controller/PayController.class.php 第 54 行.
ERR: 1064:You have an error in your SQL syntax; check the manual that corresponds to your MySQL server version for the right syntax to use near 'order='' ) LIMIT 1' at line 1
 [ SQL语句 ] : SELECT `recode`,`uid`,`cid`,`order` FROM `enroll` WHERE ( order='' ) LIMIT 1  
ERR: 1064:You have an error in your SQL syntax; check the manual that corresponds to your MySQL server version for the right syntax to use near 'order='' ) LIMIT 1' at line 1
 [ SQL语句 ] : SELECT `recode`,`uid`,`cid`,`order` FROM `enroll` WHERE ( order='' ) LIMIT 1  

[ 2017-10-28T10:55:08+08:00 ] 121.0.27.3 /index.php/Home/pay/notify_url
INFO: [ app_init ] --START--
INFO: Run Behavior\BuildLiteBehavior [ RunTime:0.000021s ]
INFO: [ app_init ] --END-- [ RunTime:0.000523s ]
INFO: [ app_begin ] --START--
INFO: Run Behavior\ReadHtmlCacheBehavior [ RunTime:0.000577s ]
INFO: [ app_begin ] --END-- [ RunTime:0.000627s ]
NOTIC: [8] Array to string conversion /www/web/renli/public_html/PC/Home/Controller/PayController.class.php 第 74 行.
SQL: SHOW COLUMNS FROM `enroll` [ RunTime:0.0020s ]
SQL: SELECT `statu` FROM `enroll` WHERE `order` = 'e69f7a60e9c1b4acdb02e1f4ba086bef' LIMIT 1   [ RunTime:0.0016s ]
SQL: UPDATE `enroll` SET `pay_time`='2017-10-28 10:55:08',`pay_type`='alipay',`pay_return_no`='2017102821001004940200313881',`pay_return_sts`='TRADE_SUCCESS',`buyer_email`='xfs***@sandbox.com',`statu`='1',`pay_money`='200.00' WHERE `order` = 'e69f7a60e9c1b4acdb02e1f4ba086bef' [ RunTime:0.0016s ]
INFO: [ app_end ] --START--
INFO: Run Behavior\ShowPageTraceBehavior [ RunTime:0.000726s ]
INFO: [ app_end ] --END-- [ RunTime:0.000784s ]

[ 2017-10-28T10:57:08+08:00 ] 121.0.27.89 /index.php/Home/pay/notify_url
INFO: [ app_init ] --START--
INFO: Run Behavior\BuildLiteBehavior [ RunTime:0.000032s ]
INFO: [ app_init ] --END-- [ RunTime:0.000442s ]
INFO: [ app_begin ] --START--
INFO: Run Behavior\ReadHtmlCacheBehavior [ RunTime:0.000548s ]
INFO: [ app_begin ] --END-- [ RunTime:0.000593s ]
NOTIC: [8] Array to string conversion /www/web/renli/public_html/PC/Home/Controller/PayController.class.php 第 75 行.
SQL: SHOW COLUMNS FROM `enroll` [ RunTime:0.0022s ]
SQL: SELECT `statu` FROM `enroll` WHERE `order` = 'be1abb8b21ab7732901f565987602fc6' LIMIT 1   [ RunTime:0.0015s ]
SQL: UPDATE `enroll` SET `pay_time`='2017-10-28 10:57:08',`pay_type`='alipay',`pay_return_no`='2017102821001004940200313883',`pay_return_sts`='TRADE_SUCCESS',`buyer_email`='xfs***@sandbox.com',`statu`='1',`pay_money`='200.00' WHERE `order` = 'be1abb8b21ab7732901f565987602fc6' [ RunTime:0.0025s ]
SQL: SHOW COLUMNS FROM `commission` [ RunTime:0.0018s ]
NOTIC: [8] Undefined variable: order /www/web/renli/public_html/PC/Home/Controller/PayController.class.php 第 55 行.
ERR: 1064:You have an error in your SQL syntax; check the manual that corresponds to your MySQL server version for the right syntax to use near 'order='' ) LIMIT 1' at line 1
 [ SQL语句 ] : SELECT `recode`,`uid`,`cid`,`order` FROM `enroll` WHERE ( order='' ) LIMIT 1  
ERR: 1064:You have an error in your SQL syntax; check the manual that corresponds to your MySQL server version for the right syntax to use near 'order='' ) LIMIT 1' at line 1
 [ SQL语句 ] : SELECT `recode`,`uid`,`cid`,`order` FROM `enroll` WHERE ( order='' ) LIMIT 1  

[ 2017-10-28T10:58:15+08:00 ] 121.0.27.2 /index.php/Home/pay/notify_url
INFO: [ app_init ] --START--
INFO: Run Behavior\BuildLiteBehavior [ RunTime:0.000017s ]
INFO: [ app_init ] --END-- [ RunTime:0.000401s ]
INFO: [ app_begin ] --START--
INFO: Run Behavior\ReadHtmlCacheBehavior [ RunTime:0.000490s ]
INFO: [ app_begin ] --END-- [ RunTime:0.000536s ]
NOTIC: [8] Array to string conversion /www/web/renli/public_html/PC/Home/Controller/PayController.class.php 第 75 行.
SQL: SHOW COLUMNS FROM `enroll` [ RunTime:0.0021s ]
SQL: SELECT `statu` FROM `enroll` WHERE `order` = '2d21f52970af5639d0de3de4dd172aa2' LIMIT 1   [ RunTime:0.0014s ]
SQL: UPDATE `enroll` SET `pay_time`='2017-10-28 10:58:15',`pay_type`='alipay',`pay_return_no`='2017102821001004940200313882',`pay_return_sts`='TRADE_SUCCESS',`buyer_email`='xfs***@sandbox.com',`statu`='1',`pay_money`='200.00' WHERE `order` = '2d21f52970af5639d0de3de4dd172aa2' [ RunTime:0.0014s ]
INFO: [ app_end ] --START--
INFO: Run Behavior\ShowPageTraceBehavior [ RunTime:0.000526s ]
INFO: [ app_end ] --END-- [ RunTime:0.000576s ]

[ 2017-10-28T10:59:43+08:00 ] 121.0.27.87 /index.php/Home/pay/notify_url
INFO: [ app_init ] --START--
INFO: Run Behavior\BuildLiteBehavior [ RunTime:0.000022s ]
INFO: [ app_init ] --END-- [ RunTime:0.000568s ]
INFO: [ app_begin ] --START--
INFO: Run Behavior\ReadHtmlCacheBehavior [ RunTime:0.000742s ]
INFO: [ app_begin ] --END-- [ RunTime:0.000812s ]
NOTIC: [8] Array to string conversion /www/web/renli/public_html/PC/Home/Controller/PayController.class.php 第 75 行.
SQL: SHOW COLUMNS FROM `enroll` [ RunTime:0.0019s ]
SQL: SELECT `statu` FROM `enroll` WHERE `order` = 'a13435f5b0a40936041eda10cf04fcaf' LIMIT 1   [ RunTime:0.0013s ]
SQL: UPDATE `enroll` SET `pay_time`='2017-10-28 10:59:43',`pay_type`='alipay',`pay_return_no`='2017102821001004940200313884',`pay_return_sts`='TRADE_SUCCESS',`buyer_email`='xfs***@sandbox.com',`statu`='1',`pay_money`='200.00' WHERE `order` = 'a13435f5b0a40936041eda10cf04fcaf' [ RunTime:0.0022s ]
SQL: SHOW COLUMNS FROM `commission` [ RunTime:0.0016s ]
NOTIC: [8] Undefined variable: order /www/web/renli/public_html/PC/Home/Controller/PayController.class.php 第 55 行.
ERR: 1064:You have an error in your SQL syntax; check the manual that corresponds to your MySQL server version for the right syntax to use near 'order='' ) LIMIT 1' at line 1
 [ SQL语句 ] : SELECT `recode`,`uid`,`cid`,`order` FROM `enroll` WHERE ( order='' ) LIMIT 1  
ERR: 1064:You have an error in your SQL syntax; check the manual that corresponds to your MySQL server version for the right syntax to use near 'order='' ) LIMIT 1' at line 1
 [ SQL语句 ] : SELECT `recode`,`uid`,`cid`,`order` FROM `enroll` WHERE ( order='' ) LIMIT 1  

[ 2017-10-28T11:01:08+08:00 ] 121.0.27.1 /index.php/Home/pay/notify_url
INFO: [ app_init ] --START--
INFO: Run Behavior\BuildLiteBehavior [ RunTime:0.000013s ]
INFO: [ app_init ] --END-- [ RunTime:0.000374s ]
INFO: [ app_begin ] --START--
INFO: Run Behavior\ReadHtmlCacheBehavior [ RunTime:0.000525s ]
INFO: [ app_begin ] --END-- [ RunTime:0.000571s ]
NOTIC: [8] Array to string conversion /www/web/renli/public_html/PC/Home/Controller/PayController.class.php 第 75 行.
SQL: SHOW COLUMNS FROM `enroll` [ RunTime:0.0028s ]
SQL: SELECT `statu` FROM `enroll` WHERE `order` = 'be1abb8b21ab7732901f565987602fc6' LIMIT 1   [ RunTime:0.0015s ]
SQL: UPDATE `enroll` SET `pay_time`='2017-10-28 11:01:08',`pay_type`='alipay',`pay_return_no`='2017102821001004940200313883',`pay_return_sts`='TRADE_SUCCESS',`buyer_email`='xfs***@sandbox.com',`statu`='1',`pay_money`='200.00' WHERE `order` = 'be1abb8b21ab7732901f565987602fc6' [ RunTime:0.0016s ]
INFO: [ app_end ] --START--
INFO: Run Behavior\ShowPageTraceBehavior [ RunTime:0.001101s ]
INFO: [ app_end ] --END-- [ RunTime:0.001180s ]

[ 2017-10-28T11:03:14+08:00 ] 121.0.27.87 /index.php/Home/pay/notify_url
INFO: [ app_init ] --START--
INFO: Run Behavior\BuildLiteBehavior [ RunTime:0.000014s ]
INFO: [ app_init ] --END-- [ RunTime:0.000351s ]
INFO: [ app_begin ] --START--
INFO: Run Behavior\ReadHtmlCacheBehavior [ RunTime:0.000762s ]
INFO: [ app_begin ] --END-- [ RunTime:0.000808s ]
NOTIC: [8] Array to string conversion /www/web/renli/public_html/PC/Home/Controller/PayController.class.php 第 75 行.
SQL: SHOW COLUMNS FROM `enroll` [ RunTime:0.0019s ]
SQL: SELECT `statu` FROM `enroll` WHERE `order` = 'a13435f5b0a40936041eda10cf04fcaf' LIMIT 1   [ RunTime:0.0018s ]
INFO: [ app_end ] --START--
INFO: Run Behavior\ShowPageTraceBehavior [ RunTime:0.000708s ]
INFO: [ app_end ] --END-- [ RunTime:0.000759s ]

[ 2017-10-28T11:14:03+08:00 ] 121.0.27.2 /index.php/Home/pay/notify_url
INFO: [ app_init ] --START--
INFO: Run Behavior\BuildLiteBehavior [ RunTime:0.000013s ]
INFO: [ app_init ] --END-- [ RunTime:0.000406s ]
INFO: [ app_begin ] --START--
INFO: Run Behavior\ReadHtmlCacheBehavior [ RunTime:0.000462s ]
INFO: [ app_begin ] --END-- [ RunTime:0.000507s ]
NOTIC: [8] Undefined variable: arr /www/web/renli/public_html/PC/Home/Controller/PayController.class.php 第 77 行.
INFO: [ app_end ] --START--
INFO: Run Behavior\ShowPageTraceBehavior [ RunTime:0.000489s ]
INFO: [ app_end ] --END-- [ RunTime:0.000537s ]

[ 2017-10-28T11:14:07+08:00 ] 120.92.32.154 /
INFO: [ app_init ] --START--
INFO: Run Behavior\BuildLiteBehavior [ RunTime:0.000017s ]
INFO: [ app_init ] --END-- [ RunTime:0.000467s ]
INFO: [ app_begin ] --START--
INFO: Run Behavior\ReadHtmlCacheBehavior [ RunTime:0.000569s ]
INFO: [ app_begin ] --END-- [ RunTime:0.000613s ]
INFO: [ view_parse ] --START--
INFO: Run Behavior\ParseTemplateBehavior [ RunTime:0.000290s ]
INFO: [ view_parse ] --END-- [ RunTime:0.000344s ]
INFO: [ view_filter ] --START--
INFO: Run Behavior\WriteHtmlCacheBehavior [ RunTime:0.000212s ]
INFO: [ view_filter ] --END-- [ RunTime:0.000251s ]
INFO: [ app_end ] --START--
INFO: Run Behavior\ShowPageTraceBehavior [ RunTime:0.000622s ]
INFO: [ app_end ] --END-- [ RunTime:0.000661s ]

[ 2017-10-28T11:17:54+08:00 ] 121.0.27.1 /index.php/Home/pay/notify_url
INFO: [ app_init ] --START--
INFO: Run Behavior\BuildLiteBehavior [ RunTime:0.000014s ]
INFO: [ app_init ] --END-- [ RunTime:0.000366s ]
INFO: [ app_begin ] --START--
INFO: Run Behavior\ReadHtmlCacheBehavior [ RunTime:0.000469s ]
INFO: [ app_begin ] --END-- [ RunTime:0.000525s ]
NOTIC: [8] Undefined variable: arr /www/web/renli/public_html/PC/Home/Controller/PayController.class.php 第 77 行.
INFO: [ app_end ] --START--
INFO: Run Behavior\ShowPageTraceBehavior [ RunTime:0.000580s ]
INFO: [ app_end ] --END-- [ RunTime:0.000638s ]

[ 2017-10-28T11:18:13+08:00 ] 121.0.27.1 /index.php/Home/pay/notify_url
INFO: [ app_init ] --START--
INFO: Run Behavior\BuildLiteBehavior [ RunTime:0.000018s ]
INFO: [ app_init ] --END-- [ RunTime:0.000389s ]
INFO: [ app_begin ] --START--
INFO: Run Behavior\ReadHtmlCacheBehavior [ RunTime:0.000494s ]
INFO: [ app_begin ] --END-- [ RunTime:0.000563s ]
NOTIC: [8] Undefined variable: arr /www/web/renli/public_html/PC/Home/Controller/PayController.class.php 第 77 行.
INFO: [ app_end ] --START--
INFO: Run Behavior\ShowPageTraceBehavior [ RunTime:0.000493s ]
INFO: [ app_end ] --END-- [ RunTime:0.000544s ]

[ 2017-10-28T11:18:15+08:00 ] 121.0.27.87 /index.php/Home/pay/notify_url
INFO: [ app_init ] --START--
INFO: Run Behavior\BuildLiteBehavior [ RunTime:0.000015s ]
INFO: [ app_init ] --END-- [ RunTime:0.000356s ]
INFO: [ app_begin ] --START--
INFO: Run Behavior\ReadHtmlCacheBehavior [ RunTime:0.000462s ]
INFO: [ app_begin ] --END-- [ RunTime:0.000521s ]
NOTIC: [8] Undefined variable: arr /www/web/renli/public_html/PC/Home/Controller/PayController.class.php 第 77 行.
INFO: [ app_end ] --START--
INFO: Run Behavior\ShowPageTraceBehavior [ RunTime:0.000504s ]
INFO: [ app_end ] --END-- [ RunTime:0.000559s ]

[ 2017-10-28T11:18:33+08:00 ] 121.0.27.87 /index.php/Home/pay/notify_url
INFO: [ app_init ] --START--
INFO: Run Behavior\BuildLiteBehavior [ RunTime:0.000013s ]
INFO: [ app_init ] --END-- [ RunTime:0.000357s ]
INFO: [ app_begin ] --START--
INFO: Run Behavior\ReadHtmlCacheBehavior [ RunTime:0.000504s ]
INFO: [ app_begin ] --END-- [ RunTime:0.000551s ]
NOTIC: [8] Array to string conversion /www/web/renli/public_html/PC/Home/Controller/PayController.class.php 第 75 行.
SQL: SHOW COLUMNS FROM `enroll` [ RunTime:0.0020s ]
SQL: SELECT `statu` FROM `enroll` WHERE `order` = '025b7255cd4ddc2cdcf084a39e1b1e1f' LIMIT 1   [ RunTime:0.0015s ]
SQL: UPDATE `enroll` SET `pay_time`='2017-10-28 11:18:33',`pay_type`='alipay',`pay_return_no`='2017102821001004940200314026',`pay_return_sts`='TRADE_SUCCESS',`buyer_email`='xfs***@sandbox.com',`statu`='1',`pay_money`='200.00' WHERE `order` = '025b7255cd4ddc2cdcf084a39e1b1e1f' [ RunTime:0.0015s ]
INFO: [ app_end ] --START--
INFO: Run Behavior\ShowPageTraceBehavior [ RunTime:0.000551s ]
INFO: [ app_end ] --END-- [ RunTime:0.000595s ]

[ 2017-10-28T11:19:23+08:00 ] 121.0.27.89 /index.php/Home/pay/notify_url
INFO: [ app_init ] --START--
INFO: Run Behavior\BuildLiteBehavior [ RunTime:0.000017s ]
INFO: [ app_init ] --END-- [ RunTime:0.000422s ]
INFO: [ app_begin ] --START--
INFO: Run Behavior\ReadHtmlCacheBehavior [ RunTime:0.000552s ]
INFO: [ app_begin ] --END-- [ RunTime:0.000608s ]
NOTIC: [8] Array to string conversion /www/web/renli/public_html/PC/Home/Controller/PayController.class.php 第 75 行.
SQL: SHOW COLUMNS FROM `enroll` [ RunTime:0.0019s ]
SQL: SELECT `statu` FROM `enroll` WHERE `order` = 'c975413f6bfdcf10504b885b8d07c61d' LIMIT 1   [ RunTime:0.0014s ]
SQL: UPDATE `enroll` SET `pay_time`='2017-10-28 11:19:23',`pay_type`='alipay',`pay_return_no`='2017102821001004940200314027',`pay_return_sts`='TRADE_SUCCESS',`buyer_email`='xfs***@sandbox.com',`statu`='1',`pay_money`='200.00' WHERE `order` = 'c975413f6bfdcf10504b885b8d07c61d' [ RunTime:0.0023s ]
SQL: SHOW COLUMNS FROM `commission` [ RunTime:0.0017s ]
NOTIC: [8] Undefined variable: order /www/web/renli/public_html/PC/Home/Controller/PayController.class.php 第 55 行.
ERR: 1064:You have an error in your SQL syntax; check the manual that corresponds to your MySQL server version for the right syntax to use near 'order='' ) LIMIT 1' at line 1
 [ SQL语句 ] : SELECT `recode`,`uid`,`cid`,`order` FROM `enroll` WHERE ( order='' ) LIMIT 1  
ERR: 1064:You have an error in your SQL syntax; check the manual that corresponds to your MySQL server version for the right syntax to use near 'order='' ) LIMIT 1' at line 1
 [ SQL语句 ] : SELECT `recode`,`uid`,`cid`,`order` FROM `enroll` WHERE ( order='' ) LIMIT 1  

[ 2017-10-28T11:20:49+08:00 ] 121.0.27.3 /index.php/Home/pay/notify_url
INFO: [ app_init ] --START--
INFO: Run Behavior\BuildLiteBehavior [ RunTime:0.000014s ]
INFO: [ app_init ] --END-- [ RunTime:0.000360s ]
INFO: [ app_begin ] --START--
INFO: Run Behavior\ReadHtmlCacheBehavior [ RunTime:0.000475s ]
INFO: [ app_begin ] --END-- [ RunTime:0.000520s ]
NOTIC: [8] Undefined variable: arr /www/web/renli/public_html/PC/Home/Controller/PayController.class.php 第 79 行.
INFO: [ app_end ] --START--
INFO: Run Behavior\ShowPageTraceBehavior [ RunTime:0.000515s ]
INFO: [ app_end ] --END-- [ RunTime:0.000566s ]

[ 2017-10-28T11:21:09+08:00 ] 121.0.27.3 /index.php/Home/pay/notify_url
INFO: [ app_init ] --START--
INFO: Run Behavior\BuildLiteBehavior [ RunTime:0.000014s ]
INFO: [ app_init ] --END-- [ RunTime:0.000387s ]
INFO: [ app_begin ] --START--
INFO: Run Behavior\ReadHtmlCacheBehavior [ RunTime:0.000493s ]
INFO: [ app_begin ] --END-- [ RunTime:0.000539s ]
NOTIC: [8] Undefined variable: arr /www/web/renli/public_html/PC/Home/Controller/PayController.class.php 第 79 行.
INFO: [ app_end ] --START--
INFO: Run Behavior\ShowPageTraceBehavior [ RunTime:0.000480s ]
INFO: [ app_end ] --END-- [ RunTime:0.000527s ]

[ 2017-10-28T11:21:26+08:00 ] 121.0.27.2 /index.php/Home/pay/notify_url
INFO: [ app_init ] --START--
INFO: Run Behavior\BuildLiteBehavior [ RunTime:0.000017s ]
INFO: [ app_init ] --END-- [ RunTime:0.000364s ]
INFO: [ app_begin ] --START--
INFO: Run Behavior\ReadHtmlCacheBehavior [ RunTime:0.000458s ]
INFO: [ app_begin ] --END-- [ RunTime:0.000504s ]
NOTIC: [8] Undefined variable: arr /www/web/renli/public_html/PC/Home/Controller/PayController.class.php 第 79 行.
INFO: [ app_end ] --START--
INFO: Run Behavior\ShowPageTraceBehavior [ RunTime:0.000513s ]
INFO: [ app_end ] --END-- [ RunTime:0.000562s ]

[ 2017-10-28T11:21:30+08:00 ] 121.0.27.2 /index.php/Home/pay/notify_url
INFO: [ app_init ] --START--
INFO: Run Behavior\BuildLiteBehavior [ RunTime:0.000014s ]
INFO: [ app_init ] --END-- [ RunTime:0.000416s ]
INFO: [ app_begin ] --START--
INFO: Run Behavior\ReadHtmlCacheBehavior [ RunTime:0.000583s ]
INFO: [ app_begin ] --END-- [ RunTime:0.000645s ]
NOTIC: [8] Undefined variable: arr /www/web/renli/public_html/PC/Home/Controller/PayController.class.php 第 79 行.
INFO: [ app_end ] --START--
INFO: Run Behavior\ShowPageTraceBehavior [ RunTime:0.000536s ]
INFO: [ app_end ] --END-- [ RunTime:0.000589s ]

[ 2017-10-28T11:22:07+08:00 ] 121.0.27.3 /index.php/Home/pay/notify_url
INFO: [ app_init ] --START--
INFO: Run Behavior\BuildLiteBehavior [ RunTime:0.000017s ]
INFO: [ app_init ] --END-- [ RunTime:0.000381s ]
INFO: [ app_begin ] --START--
INFO: Run Behavior\ReadHtmlCacheBehavior [ RunTime:0.000497s ]
INFO: [ app_begin ] --END-- [ RunTime:0.000548s ]
SQL: SHOW COLUMNS FROM `enroll` [ RunTime:0.0020s ]
SQL: SELECT `statu` FROM `enroll` WHERE `order` = '97549ce5f519b967e277ce89fb9b51b7' LIMIT 1   [ RunTime:0.0015s ]
SQL: UPDATE `enroll` SET `pay_time`='2017-10-28 11:22:07',`pay_type`='alipay',`pay_return_no`='2017102821001004940200313886',`pay_return_sts`='TRADE_SUCCESS',`buyer_email`='xfs***@sandbox.com',`statu`='1',`pay_money`='200.00' WHERE `order` = '97549ce5f519b967e277ce89fb9b51b7' [ RunTime:0.0024s ]
SQL: SHOW COLUMNS FROM `commission` [ RunTime:0.0018s ]
NOTIC: [8] Undefined variable: order /www/web/renli/public_html/PC/Home/Controller/PayController.class.php 第 55 行.
ERR: 1064:You have an error in your SQL syntax; check the manual that corresponds to your MySQL server version for the right syntax to use near 'order='' ) LIMIT 1' at line 1
 [ SQL语句 ] : SELECT `recode`,`uid`,`cid`,`order` FROM `enroll` WHERE ( order='' ) LIMIT 1  
ERR: 1064:You have an error in your SQL syntax; check the manual that corresponds to your MySQL server version for the right syntax to use near 'order='' ) LIMIT 1' at line 1
 [ SQL语句 ] : SELECT `recode`,`uid`,`cid`,`order` FROM `enroll` WHERE ( order='' ) LIMIT 1  

[ 2017-10-28T11:23:07+08:00 ] 121.0.27.128 /index.php/Home/pay/notify_url
INFO: [ app_init ] --START--
INFO: Run Behavior\BuildLiteBehavior [ RunTime:0.000015s ]
INFO: [ app_init ] --END-- [ RunTime:0.000363s ]
INFO: [ app_begin ] --START--
INFO: Run Behavior\ReadHtmlCacheBehavior [ RunTime:0.000484s ]
INFO: [ app_begin ] --END-- [ RunTime:0.000542s ]
SQL: SHOW COLUMNS FROM `enroll` [ RunTime:0.0021s ]
SQL: SELECT `statu` FROM `enroll` WHERE `order` = 'c975413f6bfdcf10504b885b8d07c61d' LIMIT 1   [ RunTime:0.0020s ]
SQL: UPDATE `enroll` SET `pay_time`='2017-10-28 11:23:07',`pay_type`='alipay',`pay_return_no`='2017102821001004940200314027',`pay_return_sts`='TRADE_SUCCESS',`buyer_email`='xfs***@sandbox.com',`statu`='1',`pay_money`='200.00' WHERE `order` = 'c975413f6bfdcf10504b885b8d07c61d' [ RunTime:0.0014s ]
INFO: [ app_end ] --START--
INFO: Run Behavior\ShowPageTraceBehavior [ RunTime:0.000764s ]
INFO: [ app_end ] --END-- [ RunTime:0.000811s ]

[ 2017-10-28T11:24:16+08:00 ] 121.0.27.2 /index.php/Home/pay/notify_url
INFO: [ app_init ] --START--
INFO: Run Behavior\BuildLiteBehavior [ RunTime:0.000015s ]
INFO: [ app_init ] --END-- [ RunTime:0.000361s ]
INFO: [ app_begin ] --START--
INFO: Run Behavior\ReadHtmlCacheBehavior [ RunTime:0.000501s ]
INFO: [ app_begin ] --END-- [ RunTime:0.000559s ]
SQL: SHOW COLUMNS FROM `enroll` [ RunTime:0.0020s ]
SQL: SELECT `statu` FROM `enroll` WHERE `order` = '191a592e0e2d56fe0c49692c7503cd45' LIMIT 1   [ RunTime:0.0015s ]
SQL: UPDATE `enroll` SET `pay_time`='2017-10-28 11:24:16',`pay_type`='alipay',`pay_return_no`='2017102821001004940200314028',`pay_return_sts`='TRADE_SUCCESS',`buyer_email`='xfs***@sandbox.com',`statu`='1',`pay_money`='200.00' WHERE `order` = '191a592e0e2d56fe0c49692c7503cd45' [ RunTime:0.0015s ]
INFO: [ app_end ] --START--
INFO: Run Behavior\ShowPageTraceBehavior [ RunTime:0.000672s ]
INFO: [ app_end ] --END-- [ RunTime:0.000729s ]

[ 2017-10-28T11:26:07+08:00 ] 121.0.27.89 /index.php/Home/pay/notify_url
INFO: [ app_init ] --START--
INFO: Run Behavior\BuildLiteBehavior [ RunTime:0.000014s ]
INFO: [ app_init ] --END-- [ RunTime:0.000396s ]
INFO: [ app_begin ] --START--
INFO: Run Behavior\ReadHtmlCacheBehavior [ RunTime:0.000463s ]
INFO: [ app_begin ] --END-- [ RunTime:0.000519s ]
SQL: SHOW COLUMNS FROM `enroll` [ RunTime:0.0020s ]
SQL: SELECT `statu` FROM `enroll` WHERE `order` = '97549ce5f519b967e277ce89fb9b51b7' LIMIT 1   [ RunTime:0.0014s ]
INFO: [ app_end ] --START--
INFO: Run Behavior\ShowPageTraceBehavior [ RunTime:0.000664s ]
INFO: [ app_end ] --END-- [ RunTime:0.000714s ]

[ 2017-10-28T11:27:54+08:00 ] 121.0.27.3 /index.php/Home/pay/notify_url
INFO: [ app_init ] --START--
INFO: Run Behavior\BuildLiteBehavior [ RunTime:0.000013s ]
INFO: [ app_init ] --END-- [ RunTime:0.000360s ]
INFO: [ app_begin ] --START--
INFO: Run Behavior\ReadHtmlCacheBehavior [ RunTime:0.000517s ]
INFO: [ app_begin ] --END-- [ RunTime:0.000592s ]
SQL: SHOW COLUMNS FROM `enroll` [ RunTime:0.0019s ]
SQL: SELECT `statu` FROM `enroll` WHERE `order` = 'dc58c7b07a8369240e1b833027ff0353' LIMIT 1   [ RunTime:0.0014s ]
SQL: UPDATE `enroll` SET `pay_time`='2017-10-28 11:27:54',`pay_type`='alipay',`pay_return_no`='2017102821001004940200314029',`pay_return_sts`='TRADE_SUCCESS',`buyer_email`='xfs***@sandbox.com',`statu`='1',`pay_money`='200.00' WHERE `order` = 'dc58c7b07a8369240e1b833027ff0353' [ RunTime:0.0023s ]
SQL: SHOW COLUMNS FROM `commission` [ RunTime:0.0017s ]
NOTIC: [8] Undefined variable: order /www/web/renli/public_html/PC/Home/Controller/PayController.class.php 第 55 行.
ERR: 1064:You have an error in your SQL syntax; check the manual that corresponds to your MySQL server version for the right syntax to use near 'order='' ) LIMIT 1' at line 1
 [ SQL语句 ] : SELECT `recode`,`uid`,`cid`,`order` FROM `enroll` WHERE ( order='' ) LIMIT 1  
ERR: 1064:You have an error in your SQL syntax; check the manual that corresponds to your MySQL server version for the right syntax to use near 'order='' ) LIMIT 1' at line 1
 [ SQL语句 ] : SELECT `recode`,`uid`,`cid`,`order` FROM `enroll` WHERE ( order='' ) LIMIT 1  

[ 2017-10-28T11:30:26+08:00 ] 121.0.27.128 /index.php/Home/pay/notify_url
INFO: [ app_init ] --START--
INFO: Run Behavior\BuildLiteBehavior [ RunTime:0.000018s ]
INFO: [ app_init ] --END-- [ RunTime:0.000495s ]
INFO: [ app_begin ] --START--
INFO: Run Behavior\ReadHtmlCacheBehavior [ RunTime:0.000684s ]
INFO: [ app_begin ] --END-- [ RunTime:0.000751s ]

[ 2017-10-28T11:30:29+08:00 ] 61.52.128.119 /favicon.ico
INFO: [ app_init ] --START--
INFO: Run Behavior\BuildLiteBehavior [ RunTime:0.000013s ]
INFO: [ app_init ] --END-- [ RunTime:0.000383s ]

[ 2017-10-28T11:31:27+08:00 ] 121.0.27.2 /index.php/Home/pay/notify_url
INFO: [ app_init ] --START--
INFO: Run Behavior\BuildLiteBehavior [ RunTime:0.000015s ]
INFO: [ app_init ] --END-- [ RunTime:0.000395s ]
INFO: [ app_begin ] --START--
INFO: Run Behavior\ReadHtmlCacheBehavior [ RunTime:0.000543s ]
INFO: [ app_begin ] --END-- [ RunTime:0.000609s ]

[ 2017-10-28T11:31:33+08:00 ] 121.0.27.89 /index.php/Home/pay/notify_url
INFO: [ app_init ] --START--
INFO: Run Behavior\BuildLiteBehavior [ RunTime:0.000014s ]
INFO: [ app_init ] --END-- [ RunTime:0.000397s ]
INFO: [ app_begin ] --START--
INFO: Run Behavior\ReadHtmlCacheBehavior [ RunTime:0.000524s ]
INFO: [ app_begin ] --END-- [ RunTime:0.000569s ]

[ 2017-10-28T11:31:35+08:00 ] 121.0.27.2 /index.php/Home/pay/notify_url
INFO: [ app_init ] --START--
INFO: Run Behavior\BuildLiteBehavior [ RunTime:0.000021s ]
INFO: [ app_init ] --END-- [ RunTime:0.000371s ]
INFO: [ app_begin ] --START--
INFO: Run Behavior\ReadHtmlCacheBehavior [ RunTime:0.000452s ]
INFO: [ app_begin ] --END-- [ RunTime:0.000513s ]

[ 2017-10-28T11:32:16+08:00 ] 121.0.27.89 /index.php/Home/pay/notify_url
INFO: [ app_init ] --START--
INFO: Run Behavior\BuildLiteBehavior [ RunTime:0.000014s ]
INFO: [ app_init ] --END-- [ RunTime:0.000390s ]
INFO: [ app_begin ] --START--
INFO: Run Behavior\ReadHtmlCacheBehavior [ RunTime:0.000544s ]
INFO: [ app_begin ] --END-- [ RunTime:0.000600s ]

[ 2017-10-28T11:34:08+08:00 ] 121.0.27.2 /index.php/Home/pay/notify_url
INFO: [ app_init ] --START--
INFO: Run Behavior\BuildLiteBehavior [ RunTime:0.000014s ]
INFO: [ app_init ] --END-- [ RunTime:0.000426s ]
INFO: [ app_begin ] --START--
INFO: Run Behavior\ReadHtmlCacheBehavior [ RunTime:0.000459s ]
INFO: [ app_begin ] --END-- [ RunTime:0.000506s ]
SQL: SHOW COLUMNS FROM `enroll` [ RunTime:0.0021s ]
SQL: SELECT `statu` FROM `enroll` WHERE `order` = '85ddd33da3928e960b716ad6a0175b99' LIMIT 1   [ RunTime:0.0017s ]
SQL: UPDATE `enroll` SET `pay_time`='2017-10-28 11:34:08',`pay_type`='alipay',`pay_return_no`='2017102821001004940200313887',`pay_return_sts`='TRADE_SUCCESS',`buyer_email`='xfs***@sandbox.com',`statu`='1',`pay_money`='200.00' WHERE `order` = '85ddd33da3928e960b716ad6a0175b99' [ RunTime:0.0015s ]
INFO: [ app_end ] --START--
INFO: Run Behavior\ShowPageTraceBehavior [ RunTime:0.000542s ]
INFO: [ app_end ] --END-- [ RunTime:0.000590s ]

[ 2017-10-28T11:34:08+08:00 ] 121.0.27.3 /index.php/Home/pay/notify_url
INFO: [ app_init ] --START--
INFO: Run Behavior\BuildLiteBehavior [ RunTime:0.000015s ]
INFO: [ app_init ] --END-- [ RunTime:0.000351s ]
INFO: [ app_begin ] --START--
INFO: Run Behavior\ReadHtmlCacheBehavior [ RunTime:0.000456s ]
INFO: [ app_begin ] --END-- [ RunTime:0.000511s ]
SQL: SHOW COLUMNS FROM `enroll` [ RunTime:0.0018s ]
SQL: SELECT `statu` FROM `enroll` WHERE `order` = 'd8e5cdaf8f231e9be50aad66c3375255' LIMIT 1   [ RunTime:0.0015s ]
SQL: UPDATE `enroll` SET `pay_time`='2017-10-28 11:34:08',`pay_type`='alipay',`pay_return_no`='2017102821001004940200313888',`pay_return_sts`='TRADE_SUCCESS',`buyer_email`='xfs***@sandbox.com',`statu`='1',`pay_money`='200.00' WHERE `order` = 'd8e5cdaf8f231e9be50aad66c3375255' [ RunTime:0.0024s ]
SQL: SHOW COLUMNS FROM `commission` [ RunTime:0.0017s ]
NOTIC: [8] Undefined variable: order /www/web/renli/public_html/PC/Home/Controller/PayController.class.php 第 55 行.
ERR: 1064:You have an error in your SQL syntax; check the manual that corresponds to your MySQL server version for the right syntax to use near 'order='' ) LIMIT 1' at line 1
 [ SQL语句 ] : SELECT `recode`,`uid`,`cid`,`order` FROM `enroll` WHERE ( order='' ) LIMIT 1  
ERR: 1064:You have an error in your SQL syntax; check the manual that corresponds to your MySQL server version for the right syntax to use near 'order='' ) LIMIT 1' at line 1
 [ SQL语句 ] : SELECT `recode`,`uid`,`cid`,`order` FROM `enroll` WHERE ( order='' ) LIMIT 1  

[ 2017-10-28T11:36:09+08:00 ] 121.0.27.3 /index.php/Home/pay/notify_url
INFO: [ app_init ] --START--
INFO: Run Behavior\BuildLiteBehavior [ RunTime:0.000014s ]
INFO: [ app_init ] --END-- [ RunTime:0.000348s ]
INFO: [ app_begin ] --START--
INFO: Run Behavior\ReadHtmlCacheBehavior [ RunTime:0.000452s ]
INFO: [ app_begin ] --END-- [ RunTime:0.000505s ]
SQL: SHOW COLUMNS FROM `enroll` [ RunTime:0.0020s ]
SQL: SELECT `statu` FROM `enroll` WHERE `order` = 'e166fe4c27b67a613ba4c1a66363c4c2' LIMIT 1   [ RunTime:0.0015s ]
SQL: UPDATE `enroll` SET `pay_time`='2017-10-28 11:36:09',`pay_type`='alipay',`pay_return_no`='2017102821001004940200314030',`pay_return_sts`='TRADE_SUCCESS',`buyer_email`='xfs***@sandbox.com',`statu`='1',`pay_money`='200.00' WHERE `order` = 'e166fe4c27b67a613ba4c1a66363c4c2' [ RunTime:0.0014s ]
INFO: [ app_end ] --START--
INFO: Run Behavior\ShowPageTraceBehavior [ RunTime:0.000749s ]
INFO: [ app_end ] --END-- [ RunTime:0.000815s ]

[ 2017-10-28T11:36:18+08:00 ] 121.0.27.128 /index.php/Home/pay/notify_url
INFO: [ app_init ] --START--
INFO: Run Behavior\BuildLiteBehavior [ RunTime:0.000014s ]
INFO: [ app_init ] --END-- [ RunTime:0.000350s ]
INFO: [ app_begin ] --START--
INFO: Run Behavior\ReadHtmlCacheBehavior [ RunTime:0.000461s ]
INFO: [ app_begin ] --END-- [ RunTime:0.000515s ]
SQL: SHOW COLUMNS FROM `enroll` [ RunTime:0.0021s ]
SQL: SELECT `statu` FROM `enroll` WHERE `order` = '68fdd39349d51feb72ad19af4cafe433' LIMIT 1   [ RunTime:0.0016s ]
SQL: UPDATE `enroll` SET `pay_time`='2017-10-28 11:36:18',`pay_type`='alipay',`pay_return_no`='2017102821001004940200313889',`pay_return_sts`='TRADE_SUCCESS',`buyer_email`='xfs***@sandbox.com',`statu`='1',`pay_money`='200.00' WHERE `order` = '68fdd39349d51feb72ad19af4cafe433' [ RunTime:0.0025s ]
SQL: SHOW COLUMNS FROM `commission` [ RunTime:0.0018s ]
NOTIC: [8] Undefined variable: order /www/web/renli/public_html/PC/Home/Controller/PayController.class.php 第 55 行.
ERR: 1064:You have an error in your SQL syntax; check the manual that corresponds to your MySQL server version for the right syntax to use near 'order='' ) LIMIT 1' at line 1
 [ SQL语句 ] : SELECT `recode`,`uid`,`cid`,`order` FROM `enroll` WHERE ( order='' ) LIMIT 1  
ERR: 1064:You have an error in your SQL syntax; check the manual that corresponds to your MySQL server version for the right syntax to use near 'order='' ) LIMIT 1' at line 1
 [ SQL语句 ] : SELECT `recode`,`uid`,`cid`,`order` FROM `enroll` WHERE ( order='' ) LIMIT 1  

[ 2017-10-28T11:38:08+08:00 ] 121.0.27.2 /index.php/Home/pay/notify_url
INFO: [ app_init ] --START--
INFO: Run Behavior\BuildLiteBehavior [ RunTime:0.000019s ]
INFO: [ app_init ] --END-- [ RunTime:0.000406s ]
INFO: [ app_begin ] --START--
INFO: Run Behavior\ReadHtmlCacheBehavior [ RunTime:0.000496s ]
INFO: [ app_begin ] --END-- [ RunTime:0.000543s ]
SQL: SHOW COLUMNS FROM `enroll` [ RunTime:0.0021s ]
SQL: SELECT `statu` FROM `enroll` WHERE `order` = 'd8e5cdaf8f231e9be50aad66c3375255' LIMIT 1   [ RunTime:0.0015s ]
SQL: UPDATE `enroll` SET `pay_time`='2017-10-28 11:38:08',`pay_type`='alipay',`pay_return_no`='2017102821001004940200313888',`pay_return_sts`='TRADE_SUCCESS',`buyer_email`='xfs***@sandbox.com',`statu`='1',`pay_money`='200.00' WHERE `order` = 'd8e5cdaf8f231e9be50aad66c3375255' [ RunTime:0.0015s ]
INFO: [ app_end ] --START--
INFO: Run Behavior\ShowPageTraceBehavior [ RunTime:0.000610s ]
INFO: [ app_end ] --END-- [ RunTime:0.000667s ]

[ 2017-10-28T11:40:08+08:00 ] 121.0.27.128 /index.php/Home/pay/notify_url
INFO: [ app_init ] --START--
INFO: Run Behavior\BuildLiteBehavior [ RunTime:0.000019s ]
INFO: [ app_init ] --END-- [ RunTime:0.000399s ]
INFO: [ app_begin ] --START--
INFO: Run Behavior\ReadHtmlCacheBehavior [ RunTime:0.000558s ]
INFO: [ app_begin ] --END-- [ RunTime:0.000615s ]
SQL: SHOW COLUMNS FROM `enroll` [ RunTime:0.0021s ]
SQL: SELECT `statu` FROM `enroll` WHERE `order` = 'db9874dbc970ac7d5d6d9d07691770dc' LIMIT 1   [ RunTime:0.0016s ]
SQL: UPDATE `enroll` SET `pay_time`='2017-10-28 11:40:08',`pay_type`='alipay',`pay_return_no`='2017102821001004940200313890',`pay_return_sts`='TRADE_SUCCESS',`buyer_email`='xfs***@sandbox.com',`statu`='1',`pay_money`='200.00' WHERE `order` = 'db9874dbc970ac7d5d6d9d07691770dc' [ RunTime:0.0025s ]
NOTIC: [8] Undefined variable: order /www/web/renli/public_html/PC/Home/Controller/PayController.class.php 第 55 行.
ERR: 1064:You have an error in your SQL syntax; check the manual that corresponds to your MySQL server version for the right syntax to use near 'order='' ) LIMIT 1' at line 1
 [ SQL语句 ] : SELECT `recode`,`uid`,`cid`,`order` FROM `enroll` WHERE ( order='' ) LIMIT 1  
ERR: 1064:You have an error in your SQL syntax; check the manual that corresponds to your MySQL server version for the right syntax to use near 'order='' ) LIMIT 1' at line 1
 [ SQL语句 ] : SELECT `recode`,`uid`,`cid`,`order` FROM `enroll` WHERE ( order='' ) LIMIT 1  

[ 2017-10-28T11:40:09+08:00 ] 121.0.27.128 /index.php/Home/pay/notify_url
INFO: [ app_init ] --START--
INFO: Run Behavior\BuildLiteBehavior [ RunTime:0.000023s ]
INFO: [ app_init ] --END-- [ RunTime:0.000398s ]
INFO: [ app_begin ] --START--
INFO: Run Behavior\ReadHtmlCacheBehavior [ RunTime:0.000518s ]
INFO: [ app_begin ] --END-- [ RunTime:0.000564s ]
SQL: SHOW COLUMNS FROM `enroll` [ RunTime:0.0021s ]
SQL: SELECT `statu` FROM `enroll` WHERE `order` = '68fdd39349d51feb72ad19af4cafe433' LIMIT 1   [ RunTime:0.0017s ]
SQL: UPDATE `enroll` SET `pay_time`='2017-10-28 11:40:09',`pay_type`='alipay',`pay_return_no`='2017102821001004940200313889',`pay_return_sts`='TRADE_SUCCESS',`buyer_email`='xfs***@sandbox.com',`statu`='1',`pay_money`='200.00' WHERE `order` = '68fdd39349d51feb72ad19af4cafe433' [ RunTime:0.0015s ]
INFO: [ app_end ] --START--
INFO: Run Behavior\ShowPageTraceBehavior [ RunTime:0.000721s ]
INFO: [ app_end ] --END-- [ RunTime:0.000805s ]

[ 2017-10-28T11:40:09+08:00 ] 121.0.27.128 /index.php/Home/pay/notify_url
INFO: [ app_init ] --START--
INFO: Run Behavior\BuildLiteBehavior [ RunTime:0.000016s ]
INFO: [ app_init ] --END-- [ RunTime:0.000364s ]
INFO: [ app_begin ] --START--
INFO: Run Behavior\ReadHtmlCacheBehavior [ RunTime:0.000460s ]
INFO: [ app_begin ] --END-- [ RunTime:0.000506s ]
SQL: SHOW COLUMNS FROM `enroll` [ RunTime:0.0021s ]
SQL: SELECT `statu` FROM `enroll` WHERE `order` = '68fdd39349d51feb72ad19af4cafe433' LIMIT 1   [ RunTime:0.0015s ]
SQL: UPDATE `enroll` SET `pay_time`='2017-10-28 11:40:09',`pay_type`='alipay',`pay_return_no`='2017102821001004940200313889',`pay_return_sts`='TRADE_SUCCESS',`buyer_email`='xfs***@sandbox.com',`statu`='1',`pay_money`='200.00' WHERE `order` = '68fdd39349d51feb72ad19af4cafe433' [ RunTime:0.0017s ]
INFO: [ app_end ] --START--
INFO: Run Behavior\ShowPageTraceBehavior [ RunTime:0.000718s ]
INFO: [ app_end ] --END-- [ RunTime:0.000765s ]

[ 2017-10-28T11:42:12+08:00 ] 121.0.27.128 /index.php/Home/pay/notify_url
INFO: [ app_init ] --START--
INFO: Run Behavior\BuildLiteBehavior [ RunTime:0.000013s ]
INFO: [ app_init ] --END-- [ RunTime:0.000340s ]
INFO: [ app_begin ] --START--
INFO: Run Behavior\ReadHtmlCacheBehavior [ RunTime:0.000448s ]
INFO: [ app_begin ] --END-- [ RunTime:0.000494s ]
SQL: SHOW COLUMNS FROM `enroll` [ RunTime:0.0019s ]
SQL: SELECT `statu` FROM `enroll` WHERE `order` = '337cade3949fe9d1c65d279437b24eb5' LIMIT 1   [ RunTime:0.0014s ]
SQL: UPDATE `enroll` SET `pay_time`='2017-10-28 11:42:12',`pay_type`='alipay',`pay_return_no`='2017102821001004940200313891',`pay_return_sts`='TRADE_SUCCESS',`buyer_email`='xfs***@sandbox.com',`statu`='1',`pay_money`='200.00' WHERE `order` = '337cade3949fe9d1c65d279437b24eb5' [ RunTime:0.0024s ]
NOTIC: [8] Undefined variable: order /www/web/renli/public_html/PC/Home/Controller/PayController.class.php 第 55 行.
ERR: 1064:You have an error in your SQL syntax; check the manual that corresponds to your MySQL server version for the right syntax to use near 'order='' ) LIMIT 1' at line 1
 [ SQL语句 ] : SELECT `recode`,`uid`,`cid`,`order` FROM `enroll` WHERE ( order='' ) LIMIT 1  
ERR: 1064:You have an error in your SQL syntax; check the manual that corresponds to your MySQL server version for the right syntax to use near 'order='' ) LIMIT 1' at line 1
 [ SQL语句 ] : SELECT `recode`,`uid`,`cid`,`order` FROM `enroll` WHERE ( order='' ) LIMIT 1  

[ 2017-10-28T11:44:03+08:00 ] 121.0.27.1 /index.php/Home/pay/notify_url
INFO: [ app_init ] --START--
INFO: Run Behavior\BuildLiteBehavior [ RunTime:0.000016s ]
INFO: [ app_init ] --END-- [ RunTime:0.000383s ]
INFO: [ app_begin ] --START--
INFO: Run Behavior\ReadHtmlCacheBehavior [ RunTime:0.000681s ]
INFO: [ app_begin ] --END-- [ RunTime:0.000753s ]
SQL: SHOW COLUMNS FROM `enroll` [ RunTime:0.0020s ]
SQL: SELECT `statu` FROM `enroll` WHERE `order` = 'f97ab6f34273b29abcb47db9a5056069' LIMIT 1   [ RunTime:0.0015s ]
SQL: UPDATE `enroll` SET `pay_time`='2017-10-28 11:44:03',`pay_type`='alipay',`pay_return_no`='2017102821001004940200314031',`pay_return_sts`='TRADE_SUCCESS',`buyer_email`='xfs***@sandbox.com',`statu`='1',`pay_money`='200.00' WHERE `order` = 'f97ab6f34273b29abcb47db9a5056069' [ RunTime:0.0025s ]
NOTIC: [8] Undefined variable: order /www/web/renli/public_html/PC/Home/Controller/PayController.class.php 第 55 行.
ERR: 1064:You have an error in your SQL syntax; check the manual that corresponds to your MySQL server version for the right syntax to use near 'order='' ) LIMIT 1' at line 1
 [ SQL语句 ] : SELECT * FROM `enroll` WHERE ( order='' ) LIMIT 1  
ERR: 1064:You have an error in your SQL syntax; check the manual that corresponds to your MySQL server version for the right syntax to use near 'order='' ) LIMIT 1' at line 1
 [ SQL语句 ] : SELECT * FROM `enroll` WHERE ( order='' ) LIMIT 1  

[ 2017-10-28T11:44:10+08:00 ] 121.0.27.3 /index.php/Home/pay/notify_url
INFO: [ app_init ] --START--
INFO: Run Behavior\BuildLiteBehavior [ RunTime:0.000014s ]
INFO: [ app_init ] --END-- [ RunTime:0.000353s ]
INFO: [ app_begin ] --START--
INFO: Run Behavior\ReadHtmlCacheBehavior [ RunTime:0.000473s ]
INFO: [ app_begin ] --END-- [ RunTime:0.000526s ]
SQL: SHOW COLUMNS FROM `enroll` [ RunTime:0.0020s ]
SQL: SELECT `statu` FROM `enroll` WHERE `order` = 'db9874dbc970ac7d5d6d9d07691770dc' LIMIT 1   [ RunTime:0.0014s ]
SQL: UPDATE `enroll` SET `pay_time`='2017-10-28 11:44:10',`pay_type`='alipay',`pay_return_no`='2017102821001004940200313890',`pay_return_sts`='TRADE_SUCCESS',`buyer_email`='xfs***@sandbox.com',`statu`='1',`pay_money`='200.00' WHERE `order` = 'db9874dbc970ac7d5d6d9d07691770dc' [ RunTime:0.0014s ]
INFO: [ app_end ] --START--
INFO: Run Behavior\ShowPageTraceBehavior [ RunTime:0.000595s ]
INFO: [ app_end ] --END-- [ RunTime:0.000651s ]

[ 2017-10-28T11:46:21+08:00 ] 123.125.67.160 /
INFO: [ app_init ] --START--
INFO: Run Behavior\BuildLiteBehavior [ RunTime:0.000015s ]
INFO: [ app_init ] --END-- [ RunTime:0.000382s ]
INFO: [ app_begin ] --START--
INFO: Run Behavior\ReadHtmlCacheBehavior [ RunTime:0.000517s ]
INFO: [ app_begin ] --END-- [ RunTime:0.000564s ]
INFO: [ view_parse ] --START--
INFO: Run Behavior\ParseTemplateBehavior [ RunTime:0.000255s ]
INFO: [ view_parse ] --END-- [ RunTime:0.000299s ]
INFO: [ view_filter ] --START--
INFO: Run Behavior\WriteHtmlCacheBehavior [ RunTime:0.000210s ]
INFO: [ view_filter ] --END-- [ RunTime:0.000248s ]
INFO: [ app_end ] --START--
INFO: Run Behavior\ShowPageTraceBehavior [ RunTime:0.000520s ]
INFO: [ app_end ] --END-- [ RunTime:0.000558s ]

[ 2017-10-28T11:46:31+08:00 ] 121.0.27.3 /index.php/Home/pay/notify_url
INFO: [ app_init ] --START--
INFO: Run Behavior\BuildLiteBehavior [ RunTime:0.000013s ]
INFO: [ app_init ] --END-- [ RunTime:0.000395s ]
INFO: [ app_begin ] --START--
INFO: Run Behavior\ReadHtmlCacheBehavior [ RunTime:0.000791s ]
INFO: [ app_begin ] --END-- [ RunTime:0.000863s ]
SQL: SHOW COLUMNS FROM `enroll` [ RunTime:0.0021s ]
SQL: SELECT `statu` FROM `enroll` WHERE `order` = '337cade3949fe9d1c65d279437b24eb5' LIMIT 1   [ RunTime:0.0014s ]
SQL: UPDATE `enroll` SET `pay_time`='2017-10-28 11:46:31',`pay_type`='alipay',`pay_return_no`='2017102821001004940200313891',`pay_return_sts`='TRADE_SUCCESS',`buyer_email`='xfs***@sandbox.com',`statu`='1',`pay_money`='200.00' WHERE `order` = '337cade3949fe9d1c65d279437b24eb5' [ RunTime:0.0015s ]
INFO: [ app_end ] --START--
INFO: Run Behavior\ShowPageTraceBehavior [ RunTime:0.000633s ]
INFO: [ app_end ] --END-- [ RunTime:0.000680s ]

[ 2017-10-28T11:48:14+08:00 ] 121.0.27.1 /index.php/Home/pay/notify_url
INFO: [ app_init ] --START--
INFO: Run Behavior\BuildLiteBehavior [ RunTime:0.000014s ]
INFO: [ app_init ] --END-- [ RunTime:0.000358s ]
INFO: [ app_begin ] --START--
INFO: Run Behavior\ReadHtmlCacheBehavior [ RunTime:0.000458s ]
INFO: [ app_begin ] --END-- [ RunTime:0.000503s ]
SQL: SHOW COLUMNS FROM `enroll` [ RunTime:0.0019s ]
SQL: SELECT `statu` FROM `enroll` WHERE `order` = 'f97ab6f34273b29abcb47db9a5056069' LIMIT 1   [ RunTime:0.0014s ]
SQL: UPDATE `enroll` SET `pay_time`='2017-10-28 11:48:14',`pay_type`='alipay',`pay_return_no`='2017102821001004940200314031',`pay_return_sts`='TRADE_SUCCESS',`buyer_email`='xfs***@sandbox.com',`statu`='1',`pay_money`='200.00' WHERE `order` = 'f97ab6f34273b29abcb47db9a5056069' [ RunTime:0.0015s ]
INFO: [ app_end ] --START--
INFO: Run Behavior\ShowPageTraceBehavior [ RunTime:0.000564s ]
INFO: [ app_end ] --END-- [ RunTime:0.000610s ]

[ 2017-10-28T11:51:36+08:00 ] 121.0.27.128 /index.php/Home/pay/notify_url
INFO: [ app_init ] --START--
INFO: Run Behavior\BuildLiteBehavior [ RunTime:0.000014s ]
INFO: [ app_init ] --END-- [ RunTime:0.000362s ]
INFO: [ app_begin ] --START--
INFO: Run Behavior\ReadHtmlCacheBehavior [ RunTime:0.000503s ]
INFO: [ app_begin ] --END-- [ RunTime:0.000548s ]
SQL: SHOW COLUMNS FROM `enroll` [ RunTime:0.0021s ]
SQL: SELECT `statu` FROM `enroll` WHERE `order` = '25feeb22085c4759191e5ff7531bb622' LIMIT 1   [ RunTime:0.0016s ]
SQL: UPDATE `enroll` SET `pay_time`='2017-10-28 11:51:36',`pay_type`='alipay',`pay_return_no`='2017102821001004940200314168',`pay_return_sts`='TRADE_SUCCESS',`buyer_email`='xfs***@sandbox.com',`statu`='1',`pay_money`='200.00' WHERE `order` = '25feeb22085c4759191e5ff7531bb622' [ RunTime:0.0026s ]
SQL: SELECT * FROM `enroll` WHERE `order` = '25feeb22085c4759191e5ff7531bb622' LIMIT 1   [ RunTime:0.0016s ]
SQL: SHOW COLUMNS FROM `user` [ RunTime:0.0018s ]
SQL: SELECT `recode` FROM `user` WHERE `recode` = '0nqgnd' LIMIT 1   [ RunTime:0.0014s ]
SQL: SHOW COLUMNS FROM `commission` [ RunTime:0.0017s ]
SQL: INSERT INTO `commission` (`uid`,`cid`,`recode`,`order`,`batch`,`amount`,`time`) VALUES ('3','1','0nqgnd','25feeb22085c4759191e5ff7531bb622','1','50','2017-10-28 11:51:36') [ RunTime:0.0022s ]
INFO: [ app_end ] --START--
INFO: Run Behavior\ShowPageTraceBehavior [ RunTime:0.000551s ]
INFO: [ app_end ] --END-- [ RunTime:0.000596s ]

[ 2017-10-28T11:59:46+08:00 ] 58.61.141.9 /
INFO: [ app_init ] --START--
INFO: Run Behavior\BuildLiteBehavior [ RunTime:0.000017s ]
INFO: [ app_init ] --END-- [ RunTime:0.000376s ]
INFO: [ app_begin ] --START--
INFO: Run Behavior\ReadHtmlCacheBehavior [ RunTime:0.000481s ]
INFO: [ app_begin ] --END-- [ RunTime:0.000525s ]
INFO: [ view_parse ] --START--
INFO: Run Behavior\ParseTemplateBehavior [ RunTime:0.000254s ]
INFO: [ view_parse ] --END-- [ RunTime:0.000298s ]
INFO: [ view_filter ] --START--
INFO: Run Behavior\WriteHtmlCacheBehavior [ RunTime:0.000209s ]
INFO: [ view_filter ] --END-- [ RunTime:0.000246s ]
INFO: [ app_end ] --START--
INFO: Run Behavior\ShowPageTraceBehavior [ RunTime:0.000465s ]
INFO: [ app_end ] --END-- [ RunTime:0.000503s ]

[ 2017-10-28T13:16:43+08:00 ] 220.181.108.96 /Home/Match/details/id/7
INFO: [ app_init ] --START--
INFO: Run Behavior\BuildLiteBehavior [ RunTime:0.000014s ]
INFO: [ app_init ] --END-- [ RunTime:0.000404s ]
INFO: [ app_begin ] --START--
INFO: Run Behavior\ReadHtmlCacheBehavior [ RunTime:0.000534s ]
INFO: [ app_begin ] --END-- [ RunTime:0.000587s ]
ERR: 无法加载控制器:Match

[ 2017-10-28T13:21:54+08:00 ] 61.52.128.119 /favicon.ico
INFO: [ app_init ] --START--
INFO: Run Behavior\BuildLiteBehavior [ RunTime:0.000014s ]
INFO: [ app_init ] --END-- [ RunTime:0.000385s ]

[ 2017-10-28T13:48:55+08:00 ] 140.207.185.109 /index.php/Home/Company/company
INFO: [ app_init ] --START--
INFO: Run Behavior\BuildLiteBehavior [ RunTime:0.000014s ]
INFO: [ app_init ] --END-- [ RunTime:0.000395s ]
INFO: [ app_begin ] --START--
INFO: Run Behavior\ReadHtmlCacheBehavior [ RunTime:0.000504s ]
INFO: [ app_begin ] --END-- [ RunTime:0.000558s ]
ERR: 无法加载控制器:Company

[ 2017-10-28T13:49:00+08:00 ] 140.207.185.112 /index.php/Home/Person/person
INFO: [ app_init ] --START--
INFO: Run Behavior\BuildLiteBehavior [ RunTime:0.000013s ]
INFO: [ app_init ] --END-- [ RunTime:0.000429s ]
INFO: [ app_begin ] --START--
INFO: Run Behavior\ReadHtmlCacheBehavior [ RunTime:0.000571s ]
INFO: [ app_begin ] --END-- [ RunTime:0.000645s ]
ERR: 无法加载控制器:Person

[ 2017-10-28T13:51:20+08:00 ] 140.207.124.105 /index.php/Home/Person/wallet
INFO: [ app_init ] --START--
INFO: Run Behavior\BuildLiteBehavior [ RunTime:0.000013s ]
INFO: [ app_init ] --END-- [ RunTime:0.000355s ]
INFO: [ app_begin ] --START--
INFO: Run Behavior\ReadHtmlCacheBehavior [ RunTime:0.000461s ]
INFO: [ app_begin ] --END-- [ RunTime:0.000505s ]
ERR: 无法加载控制器:Person

[ 2017-10-28T13:51:43+08:00 ] 223.167.152.125 /index.php/Home/Person/commision
INFO: [ app_init ] --START--
INFO: Run Behavior\BuildLiteBehavior [ RunTime:0.000013s ]
INFO: [ app_init ] --END-- [ RunTime:0.000346s ]
INFO: [ app_begin ] --START--
INFO: Run Behavior\ReadHtmlCacheBehavior [ RunTime:0.000456s ]
INFO: [ app_begin ] --END-- [ RunTime:0.000500s ]
ERR: 无法加载控制器:Person

[ 2017-10-28T13:51:47+08:00 ] 61.52.128.119 /favicon.ico
INFO: [ app_init ] --START--
INFO: Run Behavior\BuildLiteBehavior [ RunTime:0.000020s ]
INFO: [ app_init ] --END-- [ RunTime:0.000383s ]

[ 2017-10-28T13:52:24+08:00 ] 61.52.128.119 /favicon.ico
INFO: [ app_init ] --START--
INFO: Run Behavior\BuildLiteBehavior [ RunTime:0.000014s ]
INFO: [ app_init ] --END-- [ RunTime:0.000443s ]

[ 2017-10-28T13:52:42+08:00 ] 101.226.66.174 /index.php/Home/Company/company
INFO: [ app_init ] --START--
INFO: Run Behavior\BuildLiteBehavior [ RunTime:0.000014s ]
INFO: [ app_init ] --END-- [ RunTime:0.000376s ]
INFO: [ app_begin ] --START--
INFO: Run Behavior\ReadHtmlCacheBehavior [ RunTime:0.000476s ]
INFO: [ app_begin ] --END-- [ RunTime:0.000520s ]
ERR: 无法加载控制器:Company

[ 2017-10-28T13:52:45+08:00 ] 101.226.65.107 /index.php/Home/Person/person
INFO: [ app_init ] --START--
INFO: Run Behavior\BuildLiteBehavior [ RunTime:0.000019s ]
INFO: [ app_init ] --END-- [ RunTime:0.000377s ]
INFO: [ app_begin ] --START--
INFO: Run Behavior\ReadHtmlCacheBehavior [ RunTime:0.000535s ]
INFO: [ app_begin ] --END-- [ RunTime:0.000580s ]
ERR: 无法加载控制器:Person

[ 2017-10-28T13:53:26+08:00 ] 223.167.152.125 /index.php/Home/Person/commisionlines
INFO: [ app_init ] --START--
INFO: Run Behavior\BuildLiteBehavior [ RunTime:0.000017s ]
INFO: [ app_init ] --END-- [ RunTime:0.000379s ]
INFO: [ app_begin ] --START--
INFO: Run Behavior\ReadHtmlCacheBehavior [ RunTime:0.000500s ]
INFO: [ app_begin ] --END-- [ RunTime:0.000545s ]
ERR: 无法加载控制器:Person

[ 2017-10-28T13:53:50+08:00 ] 61.52.128.119 /favicon.ico
INFO: [ app_init ] --START--
INFO: Run Behavior\BuildLiteBehavior [ RunTime:0.000013s ]
INFO: [ app_init ] --END-- [ RunTime:0.000341s ]

[ 2017-10-28T13:55:05+08:00 ] 101.226.66.174 /index.php/Home/Person/wallet
INFO: [ app_init ] --START--
INFO: Run Behavior\BuildLiteBehavior [ RunTime:0.000014s ]
INFO: [ app_init ] --END-- [ RunTime:0.000405s ]
INFO: [ app_begin ] --START--
INFO: Run Behavior\ReadHtmlCacheBehavior [ RunTime:0.000517s ]
INFO: [ app_begin ] --END-- [ RunTime:0.000562s ]
ERR: 无法加载控制器:Person

[ 2017-10-28T14:03:18+08:00 ] 61.52.128.119 /favicon.ico
INFO: [ app_init ] --START--
INFO: Run Behavior\BuildLiteBehavior [ RunTime:0.000015s ]
INFO: [ app_init ] --END-- [ RunTime:0.000365s ]

[ 2017-10-28T14:16:43+08:00 ] 123.125.71.76 /Home/Match/details/id/9
INFO: [ app_init ] --START--
INFO: Run Behavior\BuildLiteBehavior [ RunTime:0.000016s ]
INFO: [ app_init ] --END-- [ RunTime:0.000374s ]
INFO: [ app_begin ] --START--
INFO: Run Behavior\ReadHtmlCacheBehavior [ RunTime:0.000552s ]
INFO: [ app_begin ] --END-- [ RunTime:0.000598s ]
ERR: 无法加载控制器:Match

[ 2017-10-28T14:40:29+08:00 ] 61.52.128.119 /favicon.ico
INFO: [ app_init ] --START--
INFO: Run Behavior\BuildLiteBehavior [ RunTime:0.000013s ]
INFO: [ app_init ] --END-- [ RunTime:0.000357s ]

[ 2017-10-28T14:41:17+08:00 ] 61.52.128.119 /favicon.ico
INFO: [ app_init ] --START--
INFO: Run Behavior\BuildLiteBehavior [ RunTime:0.000021s ]
INFO: [ app_init ] --END-- [ RunTime:0.000408s ]

[ 2017-10-28T14:41:44+08:00 ] 61.52.128.119 /favicon.ico
INFO: [ app_init ] --START--
INFO: Run Behavior\BuildLiteBehavior [ RunTime:0.000037s ]
INFO: [ app_init ] --END-- [ RunTime:0.000448s ]

[ 2017-10-28T14:46:50+08:00 ] 223.167.152.125 /index.php/Home/Person/enrollline
INFO: [ app_init ] --START--
INFO: Run Behavior\BuildLiteBehavior [ RunTime:0.000013s ]
INFO: [ app_init ] --END-- [ RunTime:0.000351s ]
INFO: [ app_begin ] --START--
INFO: Run Behavior\ReadHtmlCacheBehavior [ RunTime:0.000487s ]
INFO: [ app_begin ] --END-- [ RunTime:0.000533s ]
ERR: 无法加载控制器:Person

[ 2017-10-28T14:46:59+08:00 ] 140.207.185.111 /index.php/Home/Person/myrelease
INFO: [ app_init ] --START--
INFO: Run Behavior\BuildLiteBehavior [ RunTime:0.000015s ]
INFO: [ app_init ] --END-- [ RunTime:0.000397s ]
INFO: [ app_begin ] --START--
INFO: Run Behavior\ReadHtmlCacheBehavior [ RunTime:0.000569s ]
INFO: [ app_begin ] --END-- [ RunTime:0.000626s ]
ERR: 无法加载控制器:Person

[ 2017-10-28T14:50:03+08:00 ] 123.125.71.52 /Home/Match/details/id/8
INFO: [ app_init ] --START--
INFO: Run Behavior\BuildLiteBehavior [ RunTime:0.000015s ]
INFO: [ app_init ] --END-- [ RunTime:0.000360s ]
INFO: [ app_begin ] --START--
INFO: Run Behavior\ReadHtmlCacheBehavior [ RunTime:0.000462s ]
INFO: [ app_begin ] --END-- [ RunTime:0.000508s ]
ERR: 无法加载控制器:Match

[ 2017-10-28T14:50:54+08:00 ] 101.226.65.107 /index.php/Home/Person/myrelease
INFO: [ app_init ] --START--
INFO: Run Behavior\BuildLiteBehavior [ RunTime:0.000014s ]
INFO: [ app_init ] --END-- [ RunTime:0.000408s ]
INFO: [ app_begin ] --START--
INFO: Run Behavior\ReadHtmlCacheBehavior [ RunTime:0.000556s ]
INFO: [ app_begin ] --END-- [ RunTime:0.000600s ]
ERR: 无法加载控制器:Person

[ 2017-10-28T14:51:21+08:00 ] 139.199.62.227 /
INFO: [ app_init ] --START--
INFO: Run Behavior\BuildLiteBehavior [ RunTime:0.000014s ]
INFO: [ app_init ] --END-- [ RunTime:0.000436s ]
INFO: [ app_begin ] --START--
INFO: Run Behavior\ReadHtmlCacheBehavior [ RunTime:0.000546s ]
INFO: [ app_begin ] --END-- [ RunTime:0.000590s ]
INFO: [ view_parse ] --START--
INFO: Run Behavior\ParseTemplateBehavior [ RunTime:0.000297s ]
INFO: [ view_parse ] --END-- [ RunTime:0.000353s ]
INFO: [ view_filter ] --START--
INFO: Run Behavior\WriteHtmlCacheBehavior [ RunTime:0.000213s ]
INFO: [ view_filter ] --END-- [ RunTime:0.000261s ]
INFO: [ app_end ] --START--
INFO: Run Behavior\ShowPageTraceBehavior [ RunTime:0.000477s ]
INFO: [ app_end ] --END-- [ RunTime:0.000517s ]

[ 2017-10-28T14:54:48+08:00 ] 61.52.128.119 /favicon.ico
INFO: [ app_init ] --START--
INFO: Run Behavior\BuildLiteBehavior [ RunTime:0.000014s ]
INFO: [ app_init ] --END-- [ RunTime:0.000371s ]

[ 2017-10-28T14:59:30+08:00 ] 61.52.128.119 /favicon.ico
INFO: [ app_init ] --START--
INFO: Run Behavior\BuildLiteBehavior [ RunTime:0.000013s ]
INFO: [ app_init ] --END-- [ RunTime:0.000343s ]

[ 2017-10-28T14:59:43+08:00 ] 61.52.128.119 /favicon.ico
INFO: [ app_init ] --START--
INFO: Run Behavior\BuildLiteBehavior [ RunTime:0.000015s ]
INFO: [ app_init ] --END-- [ RunTime:0.000354s ]

[ 2017-10-28T14:59:49+08:00 ] 61.52.128.119 /favicon.ico
INFO: [ app_init ] --START--
INFO: Run Behavior\BuildLiteBehavior [ RunTime:0.000014s ]
INFO: [ app_init ] --END-- [ RunTime:0.000374s ]

[ 2017-10-28T15:17:55+08:00 ] 61.52.128.119 /favicon.ico
INFO: [ app_init ] --START--
INFO: Run Behavior\BuildLiteBehavior [ RunTime:0.000014s ]
INFO: [ app_init ] --END-- [ RunTime:0.000388s ]

[ 2017-10-28T15:19:32+08:00 ] 218.0.48.10 /Home/News/details/id/74
INFO: [ app_init ] --START--
INFO: Run Behavior\BuildLiteBehavior [ RunTime:0.000015s ]
INFO: [ app_init ] --END-- [ RunTime:0.000351s ]
INFO: [ app_begin ] --START--
INFO: Run Behavior\ReadHtmlCacheBehavior [ RunTime:0.000463s ]
INFO: [ app_begin ] --END-- [ RunTime:0.000508s ]
ERR: 无法加载控制器:News

[ 2017-10-28T15:19:36+08:00 ] 218.0.48.10 /
INFO: [ app_init ] --START--
INFO: Run Behavior\BuildLiteBehavior [ RunTime:0.000013s ]
INFO: [ app_init ] --END-- [ RunTime:0.000357s ]
INFO: [ app_begin ] --START--
INFO: Run Behavior\ReadHtmlCacheBehavior [ RunTime:0.000464s ]
INFO: [ app_begin ] --END-- [ RunTime:0.000532s ]
INFO: [ view_parse ] --START--
INFO: Run Behavior\ParseTemplateBehavior [ RunTime:0.000249s ]
INFO: [ view_parse ] --END-- [ RunTime:0.000310s ]
INFO: [ view_filter ] --START--
INFO: Run Behavior\WriteHtmlCacheBehavior [ RunTime:0.000210s ]
INFO: [ view_filter ] --END-- [ RunTime:0.000246s ]
INFO: [ app_end ] --START--
INFO: Run Behavior\ShowPageTraceBehavior [ RunTime:0.000519s ]
INFO: [ app_end ] --END-- [ RunTime:0.000570s ]

[ 2017-10-28T15:19:37+08:00 ] 218.0.48.10 /favicon.ico
INFO: [ app_init ] --START--
INFO: Run Behavior\BuildLiteBehavior [ RunTime:0.000014s ]
INFO: [ app_init ] --END-- [ RunTime:0.000340s ]

[ 2017-10-28T15:19:42+08:00 ] 101.226.66.192 /Home/News/details/id/74
INFO: [ app_init ] --START--
INFO: Run Behavior\BuildLiteBehavior [ RunTime:0.000015s ]
INFO: [ app_init ] --END-- [ RunTime:0.000372s ]
INFO: [ app_begin ] --START--
INFO: Run Behavior\ReadHtmlCacheBehavior [ RunTime:0.000500s ]
INFO: [ app_begin ] --END-- [ RunTime:0.000547s ]
ERR: 无法加载控制器:News

[ 2017-10-28T15:23:23+08:00 ] 220.181.108.99 /Home/Match/details/id/4
INFO: [ app_init ] --START--
INFO: Run Behavior\BuildLiteBehavior [ RunTime:0.000015s ]
INFO: [ app_init ] --END-- [ RunTime:0.000495s ]
INFO: [ app_begin ] --START--
INFO: Run Behavior\ReadHtmlCacheBehavior [ RunTime:0.000620s ]
INFO: [ app_begin ] --END-- [ RunTime:0.000681s ]
ERR: 无法加载控制器:Match

[ 2017-10-28T15:23:29+08:00 ] 61.52.128.119 /favicon.ico
INFO: [ app_init ] --START--
INFO: Run Behavior\BuildLiteBehavior [ RunTime:0.000015s ]
INFO: [ app_init ] --END-- [ RunTime:0.000351s ]

[ 2017-10-28T15:23:40+08:00 ] 61.52.128.119 /favicon.ico
INFO: [ app_init ] --START--
INFO: Run Behavior\BuildLiteBehavior [ RunTime:0.000014s ]
INFO: [ app_init ] --END-- [ RunTime:0.000368s ]

[ 2017-10-28T15:56:43+08:00 ] 123.125.71.116 /Home/Match/details/id/5
INFO: [ app_init ] --START--
INFO: Run Behavior\BuildLiteBehavior [ RunTime:0.000016s ]
INFO: [ app_init ] --END-- [ RunTime:0.000378s ]
INFO: [ app_begin ] --START--
INFO: Run Behavior\ReadHtmlCacheBehavior [ RunTime:0.000469s ]
INFO: [ app_begin ] --END-- [ RunTime:0.000524s ]
ERR: 无法加载控制器:Match

[ 2017-10-28T16:28:37+08:00 ] 121.42.241.67 /
INFO: [ app_init ] --START--
INFO: Run Behavior\BuildLiteBehavior [ RunTime:0.000014s ]
INFO: [ app_init ] --END-- [ RunTime:0.000354s ]
INFO: [ app_begin ] --START--
INFO: Run Behavior\ReadHtmlCacheBehavior [ RunTime:0.000460s ]
INFO: [ app_begin ] --END-- [ RunTime:0.000515s ]
INFO: [ view_parse ] --START--
INFO: Run Behavior\ParseTemplateBehavior [ RunTime:0.000241s ]
INFO: [ view_parse ] --END-- [ RunTime:0.000296s ]
INFO: [ view_filter ] --START--
INFO: Run Behavior\WriteHtmlCacheBehavior [ RunTime:0.000227s ]
INFO: [ view_filter ] --END-- [ RunTime:0.000273s ]
INFO: [ app_end ] --START--
INFO: Run Behavior\ShowPageTraceBehavior [ RunTime:0.000517s ]
INFO: [ app_end ] --END-- [ RunTime:0.000566s ]

[ 2017-10-28T16:34:29+08:00 ] 111.206.36.144 /
INFO: [ app_init ] --START--
INFO: Run Behavior\BuildLiteBehavior [ RunTime:0.000028s ]
INFO: [ app_init ] --END-- [ RunTime:0.000358s ]
INFO: [ app_begin ] --START--
INFO: Run Behavior\ReadHtmlCacheBehavior [ RunTime:0.000490s ]
INFO: [ app_begin ] --END-- [ RunTime:0.000542s ]
INFO: [ view_parse ] --START--
INFO: Run Behavior\ParseTemplateBehavior [ RunTime:0.000235s ]
INFO: [ view_parse ] --END-- [ RunTime:0.000278s ]
INFO: [ view_filter ] --START--
INFO: Run Behavior\WriteHtmlCacheBehavior [ RunTime:0.000226s ]
INFO: [ view_filter ] --END-- [ RunTime:0.000265s ]
INFO: [ app_end ] --START--
INFO: Run Behavior\ShowPageTraceBehavior [ RunTime:0.000465s ]
INFO: [ app_end ] --END-- [ RunTime:0.000503s ]

[ 2017-10-28T16:47:47+08:00 ] 220.184.99.212 /
INFO: [ app_init ] --START--
INFO: Run Behavior\BuildLiteBehavior [ RunTime:0.000013s ]
INFO: [ app_init ] --END-- [ RunTime:0.000344s ]
INFO: [ app_begin ] --START--
INFO: Run Behavior\ReadHtmlCacheBehavior [ RunTime:0.000453s ]
INFO: [ app_begin ] --END-- [ RunTime:0.000498s ]
INFO: [ view_parse ] --START--
INFO: Run Behavior\ParseTemplateBehavior [ RunTime:0.000237s ]
INFO: [ view_parse ] --END-- [ RunTime:0.000280s ]
INFO: [ view_filter ] --START--
INFO: Run Behavior\WriteHtmlCacheBehavior [ RunTime:0.000211s ]
INFO: [ view_filter ] --END-- [ RunTime:0.000247s ]
INFO: [ app_end ] --START--
INFO: Run Behavior\ShowPageTraceBehavior [ RunTime:0.000514s ]
INFO: [ app_end ] --END-- [ RunTime:0.000554s ]

[ 2017-10-28T16:50:47+08:00 ] 182.138.163.128 /
INFO: [ app_init ] --START--
INFO: Run Behavior\BuildLiteBehavior [ RunTime:0.000014s ]
INFO: [ app_init ] --END-- [ RunTime:0.000357s ]
INFO: [ app_begin ] --START--
INFO: Run Behavior\ReadHtmlCacheBehavior [ RunTime:0.000565s ]
INFO: [ app_begin ] --END-- [ RunTime:0.000624s ]
INFO: [ view_parse ] --START--
INFO: Run Behavior\ParseTemplateBehavior [ RunTime:0.000314s ]
INFO: [ view_parse ] --END-- [ RunTime:0.000384s ]
INFO: [ view_filter ] --START--
INFO: Run Behavior\WriteHtmlCacheBehavior [ RunTime:0.000272s ]
INFO: [ view_filter ] --END-- [ RunTime:0.000312s ]
INFO: [ app_end ] --START--
INFO: Run Behavior\ShowPageTraceBehavior [ RunTime:0.000549s ]
INFO: [ app_end ] --END-- [ RunTime:0.000598s ]

[ 2017-10-28T17:04:14+08:00 ] 106.11.225.73 /
INFO: [ app_init ] --START--
INFO: Run Behavior\BuildLiteBehavior [ RunTime:0.000018s ]
INFO: [ app_init ] --END-- [ RunTime:0.000370s ]
INFO: [ app_begin ] --START--
INFO: Run Behavior\ReadHtmlCacheBehavior [ RunTime:0.000459s ]
INFO: [ app_begin ] --END-- [ RunTime:0.000515s ]
INFO: [ view_parse ] --START--
INFO: Run Behavior\ParseTemplateBehavior [ RunTime:0.000238s ]
INFO: [ view_parse ] --END-- [ RunTime:0.000280s ]
INFO: [ view_filter ] --START--
INFO: Run Behavior\WriteHtmlCacheBehavior [ RunTime:0.000293s ]
INFO: [ view_filter ] --END-- [ RunTime:0.000332s ]
INFO: [ app_end ] --START--
INFO: Run Behavior\ShowPageTraceBehavior [ RunTime:0.000471s ]
INFO: [ app_end ] --END-- [ RunTime:0.000508s ]

[ 2017-10-28T17:23:35+08:00 ] 140.207.185.111 /index.php/Home/Grants/grantsxq
INFO: [ app_init ] --START--
INFO: Run Behavior\BuildLiteBehavior [ RunTime:0.000014s ]
INFO: [ app_init ] --END-- [ RunTime:0.000417s ]
INFO: [ app_begin ] --START--
INFO: Run Behavior\ReadHtmlCacheBehavior [ RunTime:0.000476s ]
INFO: [ app_begin ] --END-- [ RunTime:0.000548s ]
ERR: 无法加载控制器:Grants

[ 2017-10-28T17:26:49+08:00 ] 140.207.185.112 /index.php/Home/Commission/myrecord
INFO: [ app_init ] --START--
INFO: Run Behavior\BuildLiteBehavior [ RunTime:0.000013s ]
INFO: [ app_init ] --END-- [ RunTime:0.000357s ]
INFO: [ app_begin ] --START--
INFO: Run Behavior\ReadHtmlCacheBehavior [ RunTime:0.000468s ]
INFO: [ app_begin ] --END-- [ RunTime:0.000513s ]
ERR: 无法加载控制器:Commission

[ 2017-10-28T17:40:30+08:00 ] 61.52.128.119 /favicon.ico
INFO: [ app_init ] --START--
INFO: Run Behavior\BuildLiteBehavior [ RunTime:0.000020s ]
INFO: [ app_init ] --END-- [ RunTime:0.000449s ]

[ 2017-10-28T18:08:29+08:00 ] 61.52.128.119 /index.php/Home/Person/myrelease
INFO: [ app_init ] --START--
INFO: Run Behavior\BuildLiteBehavior [ RunTime:0.000014s ]
INFO: [ app_init ] --END-- [ RunTime:0.000353s ]
INFO: [ app_begin ] --START--
INFO: Run Behavior\ReadHtmlCacheBehavior [ RunTime:0.000540s ]
INFO: [ app_begin ] --END-- [ RunTime:0.000585s ]
ERR: 无法加载控制器:Person

[ 2017-10-28T18:14:29+08:00 ] 61.52.128.119 /favicon.ico
INFO: [ app_init ] --START--
INFO: Run Behavior\BuildLiteBehavior [ RunTime:0.000015s ]
INFO: [ app_init ] --END-- [ RunTime:0.000366s ]

[ 2017-10-28T19:21:39+08:00 ] 61.146.178.190 /
INFO: [ app_init ] --START--
INFO: Run Behavior\BuildLiteBehavior [ RunTime:0.000014s ]
INFO: [ app_init ] --END-- [ RunTime:0.000432s ]
INFO: [ app_begin ] --START--
INFO: Run Behavior\ReadHtmlCacheBehavior [ RunTime:0.000471s ]
INFO: [ app_begin ] --END-- [ RunTime:0.000515s ]
INFO: [ view_parse ] --START--
INFO: Run Behavior\ParseTemplateBehavior [ RunTime:0.000273s ]
INFO: [ view_parse ] --END-- [ RunTime:0.000333s ]
INFO: [ view_filter ] --START--
INFO: Run Behavior\WriteHtmlCacheBehavior [ RunTime:0.000212s ]
INFO: [ view_filter ] --END-- [ RunTime:0.000250s ]
INFO: [ app_end ] --START--
INFO: Run Behavior\ShowPageTraceBehavior [ RunTime:0.000458s ]
INFO: [ app_end ] --END-- [ RunTime:0.000497s ]

[ 2017-10-28T19:26:19+08:00 ] 61.52.128.119 /
INFO: [ app_init ] --START--
INFO: Run Behavior\BuildLiteBehavior [ RunTime:0.000020s ]
INFO: [ app_init ] --END-- [ RunTime:0.000403s ]
INFO: [ app_begin ] --START--
INFO: Run Behavior\ReadHtmlCacheBehavior [ RunTime:0.000452s ]
INFO: [ app_begin ] --END-- [ RunTime:0.000496s ]
INFO: [ view_parse ] --START--
INFO: Run Behavior\ParseTemplateBehavior [ RunTime:0.000376s ]
INFO: [ view_parse ] --END-- [ RunTime:0.000443s ]
INFO: [ view_filter ] --START--
INFO: Run Behavior\WriteHtmlCacheBehavior [ RunTime:0.000248s ]
INFO: [ view_filter ] --END-- [ RunTime:0.000297s ]
INFO: [ app_end ] --START--
INFO: Run Behavior\ShowPageTraceBehavior [ RunTime:0.000571s ]
INFO: [ app_end ] --END-- [ RunTime:0.000619s ]

[ 2017-10-28T19:26:20+08:00 ] 61.52.128.119 /favicon.ico
INFO: [ app_init ] --START--
INFO: Run Behavior\BuildLiteBehavior [ RunTime:0.000014s ]
INFO: [ app_init ] --END-- [ RunTime:0.000344s ]

[ 2017-10-28T19:26:45+08:00 ] 61.52.128.119 /
INFO: [ app_init ] --START--
INFO: Run Behavior\BuildLiteBehavior [ RunTime:0.000021s ]
INFO: [ app_init ] --END-- [ RunTime:0.000383s ]
INFO: [ app_begin ] --START--
INFO: Run Behavior\ReadHtmlCacheBehavior [ RunTime:0.000528s ]
INFO: [ app_begin ] --END-- [ RunTime:0.000572s ]
INFO: [ view_parse ] --START--
INFO: Run Behavior\ParseTemplateBehavior [ RunTime:0.000276s ]
INFO: [ view_parse ] --END-- [ RunTime:0.000320s ]
INFO: [ view_filter ] --START--
INFO: Run Behavior\WriteHtmlCacheBehavior [ RunTime:0.000218s ]
INFO: [ view_filter ] --END-- [ RunTime:0.000255s ]
INFO: [ app_end ] --START--
INFO: Run Behavior\ShowPageTraceBehavior [ RunTime:0.000559s ]
INFO: [ app_end ] --END-- [ RunTime:0.000650s ]

[ 2017-10-28T19:39:14+08:00 ] 61.52.128.119 /
INFO: [ app_init ] --START--
INFO: Run Behavior\BuildLiteBehavior [ RunTime:0.000014s ]
INFO: [ app_init ] --END-- [ RunTime:0.000380s ]
INFO: [ app_begin ] --START--
INFO: Run Behavior\ReadHtmlCacheBehavior [ RunTime:0.000495s ]
INFO: [ app_begin ] --END-- [ RunTime:0.000540s ]
INFO: [ view_parse ] --START--
INFO: Run Behavior\ParseTemplateBehavior [ RunTime:0.000231s ]
INFO: [ view_parse ] --END-- [ RunTime:0.000275s ]
INFO: [ view_filter ] --START--
INFO: Run Behavior\WriteHtmlCacheBehavior [ RunTime:0.000224s ]
INFO: [ view_filter ] --END-- [ RunTime:0.000262s ]
INFO: [ app_end ] --START--
INFO: Run Behavior\ShowPageTraceBehavior [ RunTime:0.000471s ]
INFO: [ app_end ] --END-- [ RunTime:0.000509s ]

[ 2017-10-28T21:16:23+08:00 ] 115.239.138.180 /
INFO: [ app_init ] --START--
INFO: Run Behavior\BuildLiteBehavior [ RunTime:0.000014s ]
INFO: [ app_init ] --END-- [ RunTime:0.000370s ]
INFO: [ app_begin ] --START--
INFO: Run Behavior\ReadHtmlCacheBehavior [ RunTime:0.000502s ]
INFO: [ app_begin ] --END-- [ RunTime:0.000548s ]
INFO: [ view_parse ] --START--
INFO: Run Behavior\ParseTemplateBehavior [ RunTime:0.000231s ]
INFO: [ view_parse ] --END-- [ RunTime:0.000274s ]
INFO: [ view_filter ] --START--
INFO: Run Behavior\WriteHtmlCacheBehavior [ RunTime:0.000253s ]
INFO: [ view_filter ] --END-- [ RunTime:0.000312s ]
INFO: [ app_end ] --START--
INFO: Run Behavior\ShowPageTraceBehavior [ RunTime:0.000482s ]
INFO: [ app_end ] --END-- [ RunTime:0.000521s ]

[ 2017-10-28T21:35:09+08:00 ] 123.126.113.164 /robots.txt
INFO: [ app_init ] --START--
INFO: Run Behavior\BuildLiteBehavior [ RunTime:0.000014s ]
INFO: [ app_init ] --END-- [ RunTime:0.000357s ]
INFO: [ app_begin ] --START--
INFO: Run Behavior\ReadHtmlCacheBehavior [ RunTime:0.000451s ]
INFO: [ app_begin ] --END-- [ RunTime:0.000497s ]
ERR: 无法加载控制器:Robots.txt

[ 2017-10-28T21:35:10+08:00 ] 123.126.113.164 /
INFO: [ app_init ] --START--
INFO: Run Behavior\BuildLiteBehavior [ RunTime:0.000015s ]
INFO: [ app_init ] --END-- [ RunTime:0.000362s ]
INFO: [ app_begin ] --START--
INFO: Run Behavior\ReadHtmlCacheBehavior [ RunTime:0.000458s ]
INFO: [ app_begin ] --END-- [ RunTime:0.000505s ]
INFO: [ view_parse ] --START--
INFO: Run Behavior\ParseTemplateBehavior [ RunTime:0.000234s ]
INFO: [ view_parse ] --END-- [ RunTime:0.000288s ]
INFO: [ view_filter ] --START--
INFO: Run Behavior\WriteHtmlCacheBehavior [ RunTime:0.000280s ]
INFO: [ view_filter ] --END-- [ RunTime:0.000328s ]
INFO: [ app_end ] --START--
INFO: Run Behavior\ShowPageTraceBehavior [ RunTime:0.000466s ]
INFO: [ app_end ] --END-- [ RunTime:0.000504s ]

[ 2017-10-28T22:59:15+08:00 ] 120.92.32.140 /
INFO: [ app_init ] --START--
INFO: Run Behavior\BuildLiteBehavior [ RunTime:0.000019s ]
INFO: [ app_init ] --END-- [ RunTime:0.000381s ]
INFO: [ app_begin ] --START--
INFO: Run Behavior\ReadHtmlCacheBehavior [ RunTime:0.000476s ]
INFO: [ app_begin ] --END-- [ RunTime:0.000532s ]
INFO: [ view_parse ] --START--
INFO: Run Behavior\ParseTemplateBehavior [ RunTime:0.000244s ]
INFO: [ view_parse ] --END-- [ RunTime:0.000287s ]
INFO: [ view_filter ] --START--
INFO: Run Behavior\WriteHtmlCacheBehavior [ RunTime:0.000258s ]
INFO: [ view_filter ] --END-- [ RunTime:0.000295s ]
INFO: [ app_end ] --START--
INFO: Run Behavior\ShowPageTraceBehavior [ RunTime:0.000512s ]
INFO: [ app_end ] --END-- [ RunTime:0.000551s ]

[ 2017-10-28T23:50:46+08:00 ] 202.108.211.56 /
INFO: [ app_init ] --START--
INFO: Run Behavior\BuildLiteBehavior [ RunTime:0.000013s ]
INFO: [ app_init ] --END-- [ RunTime:0.000371s ]
INFO: [ app_begin ] --START--
INFO: Run Behavior\ReadHtmlCacheBehavior [ RunTime:0.000480s ]
INFO: [ app_begin ] --END-- [ RunTime:0.000523s ]
INFO: [ view_parse ] --START--
INFO: Run Behavior\ParseTemplateBehavior [ RunTime:0.000235s ]
INFO: [ view_parse ] --END-- [ RunTime:0.000278s ]
INFO: [ view_filter ] --START--
INFO: Run Behavior\WriteHtmlCacheBehavior [ RunTime:0.000210s ]
INFO: [ view_filter ] --END-- [ RunTime:0.000261s ]
INFO: [ app_end ] --START--
INFO: Run Behavior\ShowPageTraceBehavior [ RunTime:0.000470s ]
INFO: [ app_end ] --END-- [ RunTime:0.000508s ]

