[ 2017-11-22T10:45:40+08:00 ] 221.15.217.82 /index.php/Admin/Login/index.html
INFO: [ app_init ] --START--
INFO: Run Behavior\BuildLiteBehavior [ RunTime:0.000014s ]
INFO: [ app_init ] --END-- [ RunTime:0.000393s ]
INFO: [ app_begin ] --START--
INFO: Run Behavior\ReadHtmlCacheBehavior [ RunTime:0.000540s ]
INFO: [ app_begin ] --END-- [ RunTime:0.000599s ]
INFO: [ view_parse ] --START--
INFO: [ template_filter ] --START--
INFO: Run Behavior\ContentReplaceBehavior [ RunTime:0.000048s ]
INFO: [ template_filter ] --END-- [ RunTime:0.000106s ]
INFO: Run Behavior\ParseTemplateBehavior [ RunTime:0.059400s ]
INFO: [ view_parse ] --END-- [ RunTime:0.059488s ]
INFO: [ view_filter ] --START--
INFO: Run Behavior\WriteHtmlCacheBehavior [ RunTime:0.000270s ]
INFO: [ view_filter ] --END-- [ RunTime:0.000310s ]
INFO: [ app_end ] --START--
INFO: Run Behavior\ShowPageTraceBehavior [ RunTime:0.000543s ]
INFO: [ app_end ] --END-- [ RunTime:0.000588s ]

[ 2017-11-22T10:45:49+08:00 ] 221.15.217.82 /index.php/Admin/Login/login
INFO: [ app_init ] --START--
INFO: Run Behavior\BuildLiteBehavior [ RunTime:0.000016s ]
INFO: [ app_init ] --END-- [ RunTime:0.000379s ]
INFO: [ app_begin ] --START--
INFO: Run Behavior\ReadHtmlCacheBehavior [ RunTime:0.000489s ]
INFO: [ app_begin ] --END-- [ RunTime:0.000542s ]
SQL: SHOW COLUMNS FROM `manager` [ RunTime:0.0033s ]
SQL: SELECT * FROM `manager` WHERE ( username='135' AND password ='202cb962ac59075b964b07152d234b70' )  [ RunTime:0.0029s ]
INFO: [ view_parse ] --START--
INFO: [ template_filter ] --START--
INFO: Run Behavior\ContentReplaceBehavior [ RunTime:0.000041s ]
INFO: [ template_filter ] --END-- [ RunTime:0.000106s ]
INFO: Run Behavior\ParseTemplateBehavior [ RunTime:0.017084s ]
INFO: [ view_parse ] --END-- [ RunTime:0.017135s ]
INFO: [ view_filter ] --START--
INFO: Run Behavior\WriteHtmlCacheBehavior [ RunTime:0.000238s ]
INFO: [ view_filter ] --END-- [ RunTime:0.000276s ]
INFO: [ app_end ] --START--
INFO: Run Behavior\ShowPageTraceBehavior [ RunTime:0.000533s ]
INFO: [ app_end ] --END-- [ RunTime:0.000588s ]

[ 2017-11-22T10:45:50+08:00 ] 221.15.217.82 /index.php/Admin/Index/index.html
INFO: [ app_init ] --START--
INFO: Run Behavior\BuildLiteBehavior [ RunTime:0.000025s ]
INFO: [ app_init ] --END-- [ RunTime:0.000548s ]
INFO: [ app_begin ] --START--
INFO: Run Behavior\ReadHtmlCacheBehavior [ RunTime:0.000706s ]
INFO: [ app_begin ] --END-- [ RunTime:0.000780s ]
INFO: [ view_parse ] --START--
NOTIC: [2] file_get_contents(./PC/Admin/View/Public/header.html): failed to open stream: No such file or directory /www/web/renli/public_html/ThinkPHP/Library/Think/Template.class.php 第 696 行.
INFO: [ template_filter ] --START--
INFO: Run Behavior\ContentReplaceBehavior [ RunTime:0.000074s ]
INFO: [ template_filter ] --END-- [ RunTime:0.000134s ]
INFO: Run Behavior\ParseTemplateBehavior [ RunTime:0.053026s ]
INFO: [ view_parse ] --END-- [ RunTime:0.053104s ]
INFO: [ view_filter ] --START--
INFO: Run Behavior\WriteHtmlCacheBehavior [ RunTime:0.000259s ]
INFO: [ view_filter ] --END-- [ RunTime:0.000302s ]
INFO: [ app_end ] --START--
INFO: Run Behavior\ShowPageTraceBehavior [ RunTime:0.000481s ]
INFO: [ app_end ] --END-- [ RunTime:0.000553s ]

[ 2017-11-22T10:45:55+08:00 ] 221.15.217.82 /index.php/Admin/Info/index
INFO: [ app_init ] --START--
INFO: Run Behavior\BuildLiteBehavior [ RunTime:0.000016s ]
INFO: [ app_init ] --END-- [ RunTime:0.000355s ]
INFO: [ app_begin ] --START--
INFO: Run Behavior\ReadHtmlCacheBehavior [ RunTime:0.000464s ]
INFO: [ app_begin ] --END-- [ RunTime:0.000522s ]
SQL: SHOW COLUMNS FROM `officialinfo` [ RunTime:0.0019s ]
SQL: SELECT COUNT(*) AS tp_count FROM `officialinfo` LIMIT 1   [ RunTime:0.0013s ]
SQL: SELECT * FROM `officialinfo` ORDER BY id desc LIMIT 0,20   [ RunTime:0.0037s ]
INFO: [ view_parse ] --START--
NOTIC: [2] file_get_contents(./PC/Admin/View/Public/header.html): failed to open stream: No such file or directory /www/web/renli/public_html/ThinkPHP/Library/Think/Template.class.php 第 696 行.
INFO: [ template_filter ] --START--
INFO: Run Behavior\ContentReplaceBehavior [ RunTime:0.000118s ]
INFO: [ template_filter ] --END-- [ RunTime:0.000212s ]
NOTIC: [8] Undefined index: name /www/web/renli/public_html/PC/Runtime/Cache/Admin/6402156b4616ce8f56b4ea949759c31f.php 第 245 行.
NOTIC: [8] Undefined variable: vale /www/web/renli/public_html/PC/Runtime/Cache/Admin/6402156b4616ce8f56b4ea949759c31f.php 第 275 行.
NOTIC: [8] Undefined variable: vale /www/web/renli/public_html/PC/Runtime/Cache/Admin/6402156b4616ce8f56b4ea949759c31f.php 第 276 行.
NOTIC: [8] Undefined variable: vale /www/web/renli/public_html/PC/Runtime/Cache/Admin/6402156b4616ce8f56b4ea949759c31f.php 第 277 行.
NOTIC: [8] Undefined variable: vale /www/web/renli/public_html/PC/Runtime/Cache/Admin/6402156b4616ce8f56b4ea949759c31f.php 第 281 行.
NOTIC: [8] Undefined variable: vale /www/web/renli/public_html/PC/Runtime/Cache/Admin/6402156b4616ce8f56b4ea949759c31f.php 第 282 行.
NOTIC: [8] Undefined variable: vale /www/web/renli/public_html/PC/Runtime/Cache/Admin/6402156b4616ce8f56b4ea949759c31f.php 第 282 行.
NOTIC: [8] Undefined variable: vale /www/web/renli/public_html/PC/Runtime/Cache/Admin/6402156b4616ce8f56b4ea949759c31f.php 第 286 行.
NOTIC: [8] Undefined variable: vale /www/web/renli/public_html/PC/Runtime/Cache/Admin/6402156b4616ce8f56b4ea949759c31f.php 第 286 行.
NOTIC: [8] Undefined variable: vale /www/web/renli/public_html/PC/Runtime/Cache/Admin/6402156b4616ce8f56b4ea949759c31f.php 第 287 行.
NOTIC: [8] Undefined variable: vale /www/web/renli/public_html/PC/Runtime/Cache/Admin/6402156b4616ce8f56b4ea949759c31f.php 第 294 行.
NOTIC: [8] Undefined variable: vale /www/web/renli/public_html/PC/Runtime/Cache/Admin/6402156b4616ce8f56b4ea949759c31f.php 第 275 行.
NOTIC: [8] Undefined variable: vale /www/web/renli/public_html/PC/Runtime/Cache/Admin/6402156b4616ce8f56b4ea949759c31f.php 第 276 行.
NOTIC: [8] Undefined variable: vale /www/web/renli/public_html/PC/Runtime/Cache/Admin/6402156b4616ce8f56b4ea949759c31f.php 第 277 行.
NOTIC: [8] Undefined variable: vale /www/web/renli/public_html/PC/Runtime/Cache/Admin/6402156b4616ce8f56b4ea949759c31f.php 第 281 行.
NOTIC: [8] Undefined variable: vale /www/web/renli/public_html/PC/Runtime/Cache/Admin/6402156b4616ce8f56b4ea949759c31f.php 第 282 行.
NOTIC: [8] Undefined variable: vale /www/web/renli/public_html/PC/Runtime/Cache/Admin/6402156b4616ce8f56b4ea949759c31f.php 第 282 行.
NOTIC: [8] Undefined variable: vale /www/web/renli/public_html/PC/Runtime/Cache/Admin/6402156b4616ce8f56b4ea949759c31f.php 第 286 行.
NOTIC: [8] Undefined variable: vale /www/web/renli/public_html/PC/Runtime/Cache/Admin/6402156b4616ce8f56b4ea949759c31f.php 第 286 行.
NOTIC: [8] Undefined variable: vale /www/web/renli/public_html/PC/Runtime/Cache/Admin/6402156b4616ce8f56b4ea949759c31f.php 第 287 行.
NOTIC: [8] Undefined variable: vale /www/web/renli/public_html/PC/Runtime/Cache/Admin/6402156b4616ce8f56b4ea949759c31f.php 第 294 行.
NOTIC: [8] Undefined variable: vale /www/web/renli/public_html/PC/Runtime/Cache/Admin/6402156b4616ce8f56b4ea949759c31f.php 第 275 行.
NOTIC: [8] Undefined variable: vale /www/web/renli/public_html/PC/Runtime/Cache/Admin/6402156b4616ce8f56b4ea949759c31f.php 第 276 行.
NOTIC: [8] Undefined variable: vale /www/web/renli/public_html/PC/Runtime/Cache/Admin/6402156b4616ce8f56b4ea949759c31f.php 第 277 行.
NOTIC: [8] Undefined variable: vale /www/web/renli/public_html/PC/Runtime/Cache/Admin/6402156b4616ce8f56b4ea949759c31f.php 第 281 行.
NOTIC: [8] Undefined variable: vale /www/web/renli/public_html/PC/Runtime/Cache/Admin/6402156b4616ce8f56b4ea949759c31f.php 第 282 行.
NOTIC: [8] Undefined variable: vale /www/web/renli/public_html/PC/Runtime/Cache/Admin/6402156b4616ce8f56b4ea949759c31f.php 第 282 行.
NOTIC: [8] Undefined variable: vale /www/web/renli/public_html/PC/Runtime/Cache/Admin/6402156b4616ce8f56b4ea949759c31f.php 第 286 行.
NOTIC: [8] Undefined variable: vale /www/web/renli/public_html/PC/Runtime/Cache/Admin/6402156b4616ce8f56b4ea949759c31f.php 第 286 行.
NOTIC: [8] Undefined variable: vale /www/web/renli/public_html/PC/Runtime/Cache/Admin/6402156b4616ce8f56b4ea949759c31f.php 第 287 行.
NOTIC: [8] Undefined variable: vale /www/web/renli/public_html/PC/Runtime/Cache/Admin/6402156b4616ce8f56b4ea949759c31f.php 第 294 行.
NOTIC: [8] Undefined variable: vale /www/web/renli/public_html/PC/Runtime/Cache/Admin/6402156b4616ce8f56b4ea949759c31f.php 第 275 行.
NOTIC: [8] Undefined variable: vale /www/web/renli/public_html/PC/Runtime/Cache/Admin/6402156b4616ce8f56b4ea949759c31f.php 第 276 行.
NOTIC: [8] Undefined variable: vale /www/web/renli/public_html/PC/Runtime/Cache/Admin/6402156b4616ce8f56b4ea949759c31f.php 第 277 行.
NOTIC: [8] Undefined variable: vale /www/web/renli/public_html/PC/Runtime/Cache/Admin/6402156b4616ce8f56b4ea949759c31f.php 第 281 行.
NOTIC: [8] Undefined variable: vale /www/web/renli/public_html/PC/Runtime/Cache/Admin/6402156b4616ce8f56b4ea949759c31f.php 第 282 行.
NOTIC: [8] Undefined variable: vale /www/web/renli/public_html/PC/Runtime/Cache/Admin/6402156b4616ce8f56b4ea949759c31f.php 第 282 行.
NOTIC: [8] Undefined variable: vale /www/web/renli/public_html/PC/Runtime/Cache/Admin/6402156b4616ce8f56b4ea949759c31f.php 第 286 行.
NOTIC: [8] Undefined variable: vale /www/web/renli/public_html/PC/Runtime/Cache/Admin/6402156b4616ce8f56b4ea949759c31f.php 第 286 行.
NOTIC: [8] Undefined variable: vale /www/web/renli/public_html/PC/Runtime/Cache/Admin/6402156b4616ce8f56b4ea949759c31f.php 第 287 行.
NOTIC: [8] Undefined variable: vale /www/web/renli/public_html/PC/Runtime/Cache/Admin/6402156b4616ce8f56b4ea949759c31f.php 第 294 行.
NOTIC: [8] Undefined variable: vale /www/web/renli/public_html/PC/Runtime/Cache/Admin/6402156b4616ce8f56b4ea949759c31f.php 第 275 行.
NOTIC: [8] Undefined variable: vale /www/web/renli/public_html/PC/Runtime/Cache/Admin/6402156b4616ce8f56b4ea949759c31f.php 第 276 行.
NOTIC: [8] Undefined variable: vale /www/web/renli/public_html/PC/Runtime/Cache/Admin/6402156b4616ce8f56b4ea949759c31f.php 第 277 行.
NOTIC: [8] Undefined variable: vale /www/web/renli/public_html/PC/Runtime/Cache/Admin/6402156b4616ce8f56b4ea949759c31f.php 第 281 行.
NOTIC: [8] Undefined variable: vale /www/web/renli/public_html/PC/Runtime/Cache/Admin/6402156b4616ce8f56b4ea949759c31f.php 第 282 行.
NOTIC: [8] Undefined variable: vale /www/web/renli/public_html/PC/Runtime/Cache/Admin/6402156b4616ce8f56b4ea949759c31f.php 第 282 行.
NOTIC: [8] Undefined variable: vale /www/web/renli/public_html/PC/Runtime/Cache/Admin/6402156b4616ce8f56b4ea949759c31f.php 第 286 行.
NOTIC: [8] Undefined variable: vale /www/web/renli/public_html/PC/Runtime/Cache/Admin/6402156b4616ce8f56b4ea949759c31f.php 第 286 行.
NOTIC: [8] Undefined variable: vale /www/web/renli/public_html/PC/Runtime/Cache/Admin/6402156b4616ce8f56b4ea949759c31f.php 第 287 行.
NOTIC: [8] Undefined variable: vale /www/web/renli/public_html/PC/Runtime/Cache/Admin/6402156b4616ce8f56b4ea949759c31f.php 第 294 行.
NOTIC: [8] Undefined variable: vale /www/web/renli/public_html/PC/Runtime/Cache/Admin/6402156b4616ce8f56b4ea949759c31f.php 第 275 行.
NOTIC: [8] Undefined variable: vale /www/web/renli/public_html/PC/Runtime/Cache/Admin/6402156b4616ce8f56b4ea949759c31f.php 第 276 行.
NOTIC: [8] Undefined variable: vale /www/web/renli/public_html/PC/Runtime/Cache/Admin/6402156b4616ce8f56b4ea949759c31f.php 第 277 行.
NOTIC: [8] Undefined variable: vale /www/web/renli/public_html/PC/Runtime/Cache/Admin/6402156b4616ce8f56b4ea949759c31f.php 第 281 行.
NOTIC: [8] Undefined variable: vale /www/web/renli/public_html/PC/Runtime/Cache/Admin/6402156b4616ce8f56b4ea949759c31f.php 第 282 行.
NOTIC: [8] Undefined variable: vale /www/web/renli/public_html/PC/Runtime/Cache/Admin/6402156b4616ce8f56b4ea949759c31f.php 第 282 行.
NOTIC: [8] Undefined variable: vale /www/web/renli/public_html/PC/Runtime/Cache/Admin/6402156b4616ce8f56b4ea949759c31f.php 第 286 行.
NOTIC: [8] Undefined variable: vale /www/web/renli/public_html/PC/Runtime/Cache/Admin/6402156b4616ce8f56b4ea949759c31f.php 第 286 行.
NOTIC: [8] Undefined variable: vale /www/web/renli/public_html/PC/Runtime/Cache/Admin/6402156b4616ce8f56b4ea949759c31f.php 第 287 行.
NOTIC: [8] Undefined variable: vale /www/web/renli/public_html/PC/Runtime/Cache/Admin/6402156b4616ce8f56b4ea949759c31f.php 第 294 行.
INFO: Run Behavior\ParseTemplateBehavior [ RunTime:0.054856s ]
INFO: [ view_parse ] --END-- [ RunTime:0.054956s ]
INFO: [ view_filter ] --START--
INFO: Run Behavior\WriteHtmlCacheBehavior [ RunTime:0.000270s ]
INFO: [ view_filter ] --END-- [ RunTime:0.000333s ]
INFO: [ app_end ] --START--
INFO: Run Behavior\ShowPageTraceBehavior [ RunTime:0.000584s ]
INFO: [ app_end ] --END-- [ RunTime:0.000651s ]

[ 2017-11-22T10:46:21+08:00 ] 221.15.217.82 /index.php/Admin/Release/index
INFO: [ app_init ] --START--
INFO: Run Behavior\BuildLiteBehavior [ RunTime:0.000015s ]
INFO: [ app_init ] --END-- [ RunTime:0.000370s ]
INFO: [ app_begin ] --START--
INFO: Run Behavior\ReadHtmlCacheBehavior [ RunTime:0.000505s ]
INFO: [ app_begin ] --END-- [ RunTime:0.000550s ]
SQL: SHOW COLUMNS FROM `release` [ RunTime:0.0020s ]
SQL: SELECT COUNT(*) AS tp_count FROM `release` LIMIT 1   [ RunTime:0.0015s ]
SQL: SELECT * FROM `release` ORDER BY id desc LIMIT 0,20   [ RunTime:0.0060s ]
SQL: SHOW COLUMNS FROM `user` [ RunTime:0.0018s ]
SQL: SELECT `name` FROM `user` WHERE ( id='0' ) LIMIT 1   [ RunTime:0.0014s ]
SQL: SELECT `name` FROM `user` WHERE ( id='57' ) LIMIT 1   [ RunTime:0.0014s ]
SQL: SELECT `name` FROM `user` WHERE ( id='51' ) LIMIT 1   [ RunTime:0.0013s ]
SQL: SELECT `name` FROM `user` WHERE ( id='0' ) LIMIT 1   [ RunTime:0.0014s ]
SQL: SELECT `name` FROM `user` WHERE ( id='0' ) LIMIT 1   [ RunTime:0.0013s ]
SQL: SELECT `name` FROM `user` WHERE ( id='0' ) LIMIT 1   [ RunTime:0.0015s ]
SQL: SELECT `name` FROM `user` WHERE ( id='0' ) LIMIT 1   [ RunTime:0.0013s ]
SQL: SELECT `name` FROM `user` WHERE ( id='0' ) LIMIT 1   [ RunTime:0.0015s ]
SQL: SELECT `name` FROM `user` WHERE ( id='0' ) LIMIT 1   [ RunTime:0.0014s ]
SQL: SELECT `name` FROM `user` WHERE ( id='0' ) LIMIT 1   [ RunTime:0.0014s ]
INFO: [ view_parse ] --START--
NOTIC: [2] file_get_contents(./PC/Admin/View/Public/header.html): failed to open stream: No such file or directory /www/web/renli/public_html/ThinkPHP/Library/Think/Template.class.php 第 696 行.
INFO: [ template_filter ] --START--
INFO: Run Behavior\ContentReplaceBehavior [ RunTime:0.000092s ]
INFO: [ template_filter ] --END-- [ RunTime:0.000152s ]
NOTIC: [8] Undefined index: title /www/web/renli/public_html/PC/Runtime/Cache/Admin/8f3029a45d93478ee7c2511cb149d4bd.php 第 360 行.
INFO: Run Behavior\ParseTemplateBehavior [ RunTime:0.025141s ]
INFO: [ view_parse ] --END-- [ RunTime:0.025256s ]
INFO: [ view_filter ] --START--
INFO: Run Behavior\WriteHtmlCacheBehavior [ RunTime:0.000239s ]
INFO: [ view_filter ] --END-- [ RunTime:0.000278s ]
INFO: [ app_end ] --START--
INFO: Run Behavior\ShowPageTraceBehavior [ RunTime:0.000501s ]
INFO: [ app_end ] --END-- [ RunTime:0.000547s ]

