[ 2017-11-01T17:46:13+08:00 ] 61.52.128.22 /index.php/admin
INFO: [ app_init ] --START--
INFO: Run Behavior\BuildLiteBehavior [ RunTime:0.000013s ]
INFO: [ app_init ] --END-- [ RunTime:0.000383s ]
INFO: [ app_begin ] --START--
INFO: Run Behavior\ReadHtmlCacheBehavior [ RunTime:0.000480s ]
INFO: [ app_begin ] --END-- [ RunTime:0.000525s ]
NOTIC: [8] Undefined index: is_login /www/web/renli/public_html/PC/Admin/Controller/AllowController.class.php 第 9 行.
INFO: [ view_parse ] --START--
INFO: [ template_filter ] --START--
INFO: Run Behavior\ContentReplaceBehavior [ RunTime:0.000033s ]
INFO: [ template_filter ] --END-- [ RunTime:0.000078s ]
INFO: Run Behavior\ParseTemplateBehavior [ RunTime:0.004957s ]
INFO: [ view_parse ] --END-- [ RunTime:0.005011s ]
INFO: [ view_filter ] --START--
INFO: Run Behavior\WriteHtmlCacheBehavior [ RunTime:0.000244s ]
INFO: [ view_filter ] --END-- [ RunTime:0.000301s ]

[ 2017-11-01T17:46:16+08:00 ] 61.52.128.22 /index.php/Admin/Login/index.html
INFO: [ app_init ] --START--
INFO: Run Behavior\BuildLiteBehavior [ RunTime:0.000014s ]
INFO: [ app_init ] --END-- [ RunTime:0.000341s ]
INFO: [ app_begin ] --START--
INFO: Run Behavior\ReadHtmlCacheBehavior [ RunTime:0.000446s ]
INFO: [ app_begin ] --END-- [ RunTime:0.000491s ]
INFO: [ view_parse ] --START--
INFO: [ template_filter ] --START--
INFO: Run Behavior\ContentReplaceBehavior [ RunTime:0.000042s ]
INFO: [ template_filter ] --END-- [ RunTime:0.000093s ]
INFO: Run Behavior\ParseTemplateBehavior [ RunTime:0.004968s ]
INFO: [ view_parse ] --END-- [ RunTime:0.005009s ]
INFO: [ view_filter ] --START--
INFO: Run Behavior\WriteHtmlCacheBehavior [ RunTime:0.000212s ]
INFO: [ view_filter ] --END-- [ RunTime:0.000248s ]
INFO: [ app_end ] --START--
INFO: Run Behavior\ShowPageTraceBehavior [ RunTime:0.000482s ]
INFO: [ app_end ] --END-- [ RunTime:0.000522s ]

[ 2017-11-01T17:46:31+08:00 ] 61.52.128.22 /index.php/Admin/Login/index
INFO: [ app_init ] --START--
INFO: Run Behavior\BuildLiteBehavior [ RunTime:0.000014s ]
INFO: [ app_init ] --END-- [ RunTime:0.000350s ]
INFO: [ app_begin ] --START--
INFO: Run Behavior\ReadHtmlCacheBehavior [ RunTime:0.000462s ]
INFO: [ app_begin ] --END-- [ RunTime:0.000507s ]
INFO: [ view_parse ] --START--
INFO: [ template_filter ] --START--
INFO: Run Behavior\ContentReplaceBehavior [ RunTime:0.000046s ]
INFO: [ template_filter ] --END-- [ RunTime:0.000098s ]
INFO: Run Behavior\ParseTemplateBehavior [ RunTime:0.006769s ]
INFO: [ view_parse ] --END-- [ RunTime:0.006829s ]
INFO: [ view_filter ] --START--
INFO: Run Behavior\WriteHtmlCacheBehavior [ RunTime:0.000227s ]
INFO: [ view_filter ] --END-- [ RunTime:0.000263s ]
INFO: [ app_end ] --START--
INFO: Run Behavior\ShowPageTraceBehavior [ RunTime:0.000468s ]
INFO: [ app_end ] --END-- [ RunTime:0.000507s ]

[ 2017-11-01T17:47:10+08:00 ] 61.52.128.22 /index.php/Admin/Login/login
INFO: [ app_init ] --START--
INFO: Run Behavior\BuildLiteBehavior [ RunTime:0.000015s ]
INFO: [ app_init ] --END-- [ RunTime:0.000360s ]
INFO: [ app_begin ] --START--
INFO: Run Behavior\ReadHtmlCacheBehavior [ RunTime:0.000477s ]
INFO: [ app_begin ] --END-- [ RunTime:0.000522s ]
SQL: SHOW COLUMNS FROM `manager` [ RunTime:0.0018s ]
SQL: SELECT * FROM `manager` WHERE ( username='135' AND password ='202cb962ac59075b964b07152d234b70' )  [ RunTime:0.0014s ]
INFO: [ view_parse ] --START--
INFO: [ template_filter ] --START--
INFO: Run Behavior\ContentReplaceBehavior [ RunTime:0.000039s ]
INFO: [ template_filter ] --END-- [ RunTime:0.000091s ]
INFO: Run Behavior\ParseTemplateBehavior [ RunTime:0.005317s ]
INFO: [ view_parse ] --END-- [ RunTime:0.005367s ]
INFO: [ view_filter ] --START--
INFO: Run Behavior\WriteHtmlCacheBehavior [ RunTime:0.000242s ]
INFO: [ view_filter ] --END-- [ RunTime:0.000278s ]
INFO: [ app_end ] --START--
INFO: Run Behavior\ShowPageTraceBehavior [ RunTime:0.000504s ]
INFO: [ app_end ] --END-- [ RunTime:0.000548s ]

[ 2017-11-01T17:47:11+08:00 ] 61.52.128.22 /index.php/Admin/Index/index.html
INFO: [ app_init ] --START--
INFO: Run Behavior\BuildLiteBehavior [ RunTime:0.000015s ]
INFO: [ app_init ] --END-- [ RunTime:0.000387s ]
INFO: [ app_begin ] --START--
INFO: Run Behavior\ReadHtmlCacheBehavior [ RunTime:0.000475s ]
INFO: [ app_begin ] --END-- [ RunTime:0.000520s ]
INFO: [ view_parse ] --START--
NOTIC: [2] file_get_contents(./PC/Admin/View/Public/header.html): failed to open stream: No such file or directory /www/web/renli/public_html/ThinkPHP/Library/Think/Template.class.php 第 696 行.
INFO: [ template_filter ] --START--
INFO: Run Behavior\ContentReplaceBehavior [ RunTime:0.000065s ]
INFO: [ template_filter ] --END-- [ RunTime:0.000117s ]
INFO: Run Behavior\ParseTemplateBehavior [ RunTime:0.008616s ]
INFO: [ view_parse ] --END-- [ RunTime:0.008660s ]
INFO: [ view_filter ] --START--
INFO: Run Behavior\WriteHtmlCacheBehavior [ RunTime:0.000231s ]
INFO: [ view_filter ] --END-- [ RunTime:0.000282s ]
INFO: [ app_end ] --START--
INFO: Run Behavior\ShowPageTraceBehavior [ RunTime:0.000505s ]
INFO: [ app_end ] --END-- [ RunTime:0.000564s ]

[ 2017-11-01T17:47:14+08:00 ] 61.52.128.22 /index.php/Admin/Grants/index
INFO: [ app_init ] --START--
INFO: Run Behavior\BuildLiteBehavior [ RunTime:0.000014s ]
INFO: [ app_init ] --END-- [ RunTime:0.000410s ]
INFO: [ app_begin ] --START--
INFO: Run Behavior\ReadHtmlCacheBehavior [ RunTime:0.000523s ]
INFO: [ app_begin ] --END-- [ RunTime:0.000580s ]
SQL: SHOW COLUMNS FROM `grants` [ RunTime:0.0019s ]
SQL: SELECT COUNT(*) AS tp_count FROM `grants` LIMIT 1   [ RunTime:0.0015s ]
SQL: SELECT * FROM `grants` ORDER BY id desc LIMIT 0,20   [ RunTime:0.0013s ]
SQL: SHOW COLUMNS FROM `user` [ RunTime:0.0017s ]
SQL: SELECT `name` FROM `user` WHERE ( id=3 ) LIMIT 1   [ RunTime:0.0013s ]
INFO: [ view_parse ] --START--
NOTIC: [2] file_get_contents(./PC/Admin/View/Public/header.html): failed to open stream: No such file or directory /www/web/renli/public_html/ThinkPHP/Library/Think/Template.class.php 第 696 行.
INFO: [ template_filter ] --START--
INFO: Run Behavior\ContentReplaceBehavior [ RunTime:0.000084s ]
INFO: [ template_filter ] --END-- [ RunTime:0.000129s ]
NOTIC: [8] Undefined index: title /www/web/renli/public_html/PC/Runtime/Cache/Admin/a2df3116183f1d5ada71fd53aa7dc46b.php 第 354 行.
NOTIC: [8] Undefined variable: vale /www/web/renli/public_html/PC/Runtime/Cache/Admin/a2df3116183f1d5ada71fd53aa7dc46b.php 第 391 行.
NOTIC: [8] Undefined variable: vale /www/web/renli/public_html/PC/Runtime/Cache/Admin/a2df3116183f1d5ada71fd53aa7dc46b.php 第 392 行.
NOTIC: [8] Undefined variable: vale /www/web/renli/public_html/PC/Runtime/Cache/Admin/a2df3116183f1d5ada71fd53aa7dc46b.php 第 393 行.
NOTIC: [8] Undefined variable: vale /www/web/renli/public_html/PC/Runtime/Cache/Admin/a2df3116183f1d5ada71fd53aa7dc46b.php 第 394 行.
NOTIC: [8] Undefined variable: vale /www/web/renli/public_html/PC/Runtime/Cache/Admin/a2df3116183f1d5ada71fd53aa7dc46b.php 第 395 行.
INFO: Run Behavior\ParseTemplateBehavior [ RunTime:0.011671s ]
INFO: [ view_parse ] --END-- [ RunTime:0.011711s ]
INFO: [ view_filter ] --START--
INFO: Run Behavior\WriteHtmlCacheBehavior [ RunTime:0.000224s ]
INFO: [ view_filter ] --END-- [ RunTime:0.000260s ]
INFO: [ app_end ] --START--
INFO: Run Behavior\ShowPageTraceBehavior [ RunTime:0.000482s ]
INFO: [ app_end ] --END-- [ RunTime:0.000530s ]

[ 2017-11-01T17:47:18+08:00 ] 61.52.128.22 /index.php/Admin/Grants/index
INFO: [ app_init ] --START--
INFO: Run Behavior\BuildLiteBehavior [ RunTime:0.000016s ]
INFO: [ app_init ] --END-- [ RunTime:0.000358s ]
INFO: [ app_begin ] --START--
INFO: Run Behavior\ReadHtmlCacheBehavior [ RunTime:0.000458s ]
INFO: [ app_begin ] --END-- [ RunTime:0.000504s ]
SQL: SHOW COLUMNS FROM `grants` [ RunTime:0.0020s ]
SQL: SELECT COUNT(*) AS tp_count FROM `grants` LIMIT 1   [ RunTime:0.0014s ]
SQL: SELECT * FROM `grants` ORDER BY id desc LIMIT 0,20   [ RunTime:0.0014s ]
SQL: SHOW COLUMNS FROM `user` [ RunTime:0.0017s ]
SQL: SELECT `name` FROM `user` WHERE ( id=3 ) LIMIT 1   [ RunTime:0.0014s ]
INFO: [ view_parse ] --START--
NOTIC: [2] file_get_contents(./PC/Admin/View/Public/header.html): failed to open stream: No such file or directory /www/web/renli/public_html/ThinkPHP/Library/Think/Template.class.php 第 696 行.
INFO: [ template_filter ] --START--
INFO: Run Behavior\ContentReplaceBehavior [ RunTime:0.000091s ]
INFO: [ template_filter ] --END-- [ RunTime:0.000145s ]
NOTIC: [8] Undefined index: title /www/web/renli/public_html/PC/Runtime/Cache/Admin/a2df3116183f1d5ada71fd53aa7dc46b.php 第 354 行.
NOTIC: [8] Undefined variable: vale /www/web/renli/public_html/PC/Runtime/Cache/Admin/a2df3116183f1d5ada71fd53aa7dc46b.php 第 391 行.
NOTIC: [8] Undefined variable: vale /www/web/renli/public_html/PC/Runtime/Cache/Admin/a2df3116183f1d5ada71fd53aa7dc46b.php 第 392 行.
NOTIC: [8] Undefined variable: vale /www/web/renli/public_html/PC/Runtime/Cache/Admin/a2df3116183f1d5ada71fd53aa7dc46b.php 第 393 行.
NOTIC: [8] Undefined variable: vale /www/web/renli/public_html/PC/Runtime/Cache/Admin/a2df3116183f1d5ada71fd53aa7dc46b.php 第 394 行.
NOTIC: [8] Undefined variable: vale /www/web/renli/public_html/PC/Runtime/Cache/Admin/a2df3116183f1d5ada71fd53aa7dc46b.php 第 395 行.
INFO: Run Behavior\ParseTemplateBehavior [ RunTime:0.012302s ]
INFO: [ view_parse ] --END-- [ RunTime:0.012347s ]
INFO: [ view_filter ] --START--
INFO: Run Behavior\WriteHtmlCacheBehavior [ RunTime:0.000236s ]
INFO: [ view_filter ] --END-- [ RunTime:0.000273s ]
INFO: [ app_end ] --START--
INFO: Run Behavior\ShowPageTraceBehavior [ RunTime:0.000525s ]
INFO: [ app_end ] --END-- [ RunTime:0.000595s ]

[ 2017-11-01T17:47:19+08:00 ] 61.52.128.22 /index.php/Admin/Grants/index
INFO: [ app_init ] --START--
INFO: Run Behavior\BuildLiteBehavior [ RunTime:0.000014s ]
INFO: [ app_init ] --END-- [ RunTime:0.000399s ]
INFO: [ app_begin ] --START--
INFO: Run Behavior\ReadHtmlCacheBehavior [ RunTime:0.000537s ]
INFO: [ app_begin ] --END-- [ RunTime:0.000581s ]
SQL: SHOW COLUMNS FROM `grants` [ RunTime:0.0021s ]
SQL: SELECT COUNT(*) AS tp_count FROM `grants` LIMIT 1   [ RunTime:0.0015s ]
SQL: SELECT * FROM `grants` ORDER BY id desc LIMIT 0,20   [ RunTime:0.0014s ]
SQL: SHOW COLUMNS FROM `user` [ RunTime:0.0018s ]
SQL: SELECT `name` FROM `user` WHERE ( id=3 ) LIMIT 1   [ RunTime:0.0014s ]
INFO: [ view_parse ] --START--
NOTIC: [2] file_get_contents(./PC/Admin/View/Public/header.html): failed to open stream: No such file or directory /www/web/renli/public_html/ThinkPHP/Library/Think/Template.class.php 第 696 行.
INFO: [ template_filter ] --START--
INFO: Run Behavior\ContentReplaceBehavior [ RunTime:0.000090s ]
INFO: [ template_filter ] --END-- [ RunTime:0.000139s ]
NOTIC: [8] Undefined index: title /www/web/renli/public_html/PC/Runtime/Cache/Admin/a2df3116183f1d5ada71fd53aa7dc46b.php 第 354 行.
NOTIC: [8] Undefined variable: vale /www/web/renli/public_html/PC/Runtime/Cache/Admin/a2df3116183f1d5ada71fd53aa7dc46b.php 第 391 行.
NOTIC: [8] Undefined variable: vale /www/web/renli/public_html/PC/Runtime/Cache/Admin/a2df3116183f1d5ada71fd53aa7dc46b.php 第 392 行.
NOTIC: [8] Undefined variable: vale /www/web/renli/public_html/PC/Runtime/Cache/Admin/a2df3116183f1d5ada71fd53aa7dc46b.php 第 393 行.
NOTIC: [8] Undefined variable: vale /www/web/renli/public_html/PC/Runtime/Cache/Admin/a2df3116183f1d5ada71fd53aa7dc46b.php 第 394 行.
NOTIC: [8] Undefined variable: vale /www/web/renli/public_html/PC/Runtime/Cache/Admin/a2df3116183f1d5ada71fd53aa7dc46b.php 第 395 行.
INFO: Run Behavior\ParseTemplateBehavior [ RunTime:0.012169s ]
INFO: [ view_parse ] --END-- [ RunTime:0.012213s ]
INFO: [ view_filter ] --START--
INFO: Run Behavior\WriteHtmlCacheBehavior [ RunTime:0.000228s ]
INFO: [ view_filter ] --END-- [ RunTime:0.000266s ]
INFO: [ app_end ] --START--
INFO: Run Behavior\ShowPageTraceBehavior [ RunTime:0.000494s ]
INFO: [ app_end ] --END-- [ RunTime:0.000542s ]

[ 2017-11-01T17:47:20+08:00 ] 61.52.128.22 /index.php/Admin/Grants/index
INFO: [ app_init ] --START--
INFO: Run Behavior\BuildLiteBehavior [ RunTime:0.000016s ]
INFO: [ app_init ] --END-- [ RunTime:0.000400s ]
INFO: [ app_begin ] --START--
INFO: Run Behavior\ReadHtmlCacheBehavior [ RunTime:0.000507s ]
INFO: [ app_begin ] --END-- [ RunTime:0.000553s ]
SQL: SHOW COLUMNS FROM `grants` [ RunTime:0.0019s ]
SQL: SELECT COUNT(*) AS tp_count FROM `grants` LIMIT 1   [ RunTime:0.0014s ]
SQL: SELECT * FROM `grants` ORDER BY id desc LIMIT 0,20   [ RunTime:0.0014s ]
SQL: SHOW COLUMNS FROM `user` [ RunTime:0.0019s ]
SQL: SELECT `name` FROM `user` WHERE ( id=3 ) LIMIT 1   [ RunTime:0.0015s ]
INFO: [ view_parse ] --START--
NOTIC: [2] file_get_contents(./PC/Admin/View/Public/header.html): failed to open stream: No such file or directory /www/web/renli/public_html/ThinkPHP/Library/Think/Template.class.php 第 696 行.
INFO: [ template_filter ] --START--
INFO: Run Behavior\ContentReplaceBehavior [ RunTime:0.000087s ]
INFO: [ template_filter ] --END-- [ RunTime:0.000133s ]
NOTIC: [8] Undefined index: title /www/web/renli/public_html/PC/Runtime/Cache/Admin/a2df3116183f1d5ada71fd53aa7dc46b.php 第 354 行.
NOTIC: [8] Undefined variable: vale /www/web/renli/public_html/PC/Runtime/Cache/Admin/a2df3116183f1d5ada71fd53aa7dc46b.php 第 391 行.
NOTIC: [8] Undefined variable: vale /www/web/renli/public_html/PC/Runtime/Cache/Admin/a2df3116183f1d5ada71fd53aa7dc46b.php 第 392 行.
NOTIC: [8] Undefined variable: vale /www/web/renli/public_html/PC/Runtime/Cache/Admin/a2df3116183f1d5ada71fd53aa7dc46b.php 第 393 行.
NOTIC: [8] Undefined variable: vale /www/web/renli/public_html/PC/Runtime/Cache/Admin/a2df3116183f1d5ada71fd53aa7dc46b.php 第 394 行.
NOTIC: [8] Undefined variable: vale /www/web/renli/public_html/PC/Runtime/Cache/Admin/a2df3116183f1d5ada71fd53aa7dc46b.php 第 395 行.
INFO: Run Behavior\ParseTemplateBehavior [ RunTime:0.011625s ]
INFO: [ view_parse ] --END-- [ RunTime:0.011666s ]
INFO: [ view_filter ] --START--
INFO: Run Behavior\WriteHtmlCacheBehavior [ RunTime:0.000236s ]
INFO: [ view_filter ] --END-- [ RunTime:0.000273s ]
INFO: [ app_end ] --START--
INFO: Run Behavior\ShowPageTraceBehavior [ RunTime:0.000480s ]
INFO: [ app_end ] --END-- [ RunTime:0.000528s ]

[ 2017-11-01T17:47:20+08:00 ] 61.52.128.22 /index.php/Admin/Grants/index
INFO: [ app_init ] --START--
INFO: Run Behavior\BuildLiteBehavior [ RunTime:0.000015s ]
INFO: [ app_init ] --END-- [ RunTime:0.000378s ]
INFO: [ app_begin ] --START--
INFO: Run Behavior\ReadHtmlCacheBehavior [ RunTime:0.000488s ]
INFO: [ app_begin ] --END-- [ RunTime:0.000534s ]
SQL: SHOW COLUMNS FROM `grants` [ RunTime:0.0019s ]
SQL: SELECT COUNT(*) AS tp_count FROM `grants` LIMIT 1   [ RunTime:0.0014s ]
SQL: SELECT * FROM `grants` ORDER BY id desc LIMIT 0,20   [ RunTime:0.0014s ]
SQL: SHOW COLUMNS FROM `user` [ RunTime:0.0018s ]
SQL: SELECT `name` FROM `user` WHERE ( id=3 ) LIMIT 1   [ RunTime:0.0014s ]
INFO: [ view_parse ] --START--
NOTIC: [2] file_get_contents(./PC/Admin/View/Public/header.html): failed to open stream: No such file or directory /www/web/renli/public_html/ThinkPHP/Library/Think/Template.class.php 第 696 行.
INFO: [ template_filter ] --START--
INFO: Run Behavior\ContentReplaceBehavior [ RunTime:0.000088s ]
INFO: [ template_filter ] --END-- [ RunTime:0.000143s ]
NOTIC: [8] Undefined index: title /www/web/renli/public_html/PC/Runtime/Cache/Admin/a2df3116183f1d5ada71fd53aa7dc46b.php 第 354 行.
NOTIC: [8] Undefined variable: vale /www/web/renli/public_html/PC/Runtime/Cache/Admin/a2df3116183f1d5ada71fd53aa7dc46b.php 第 391 行.
NOTIC: [8] Undefined variable: vale /www/web/renli/public_html/PC/Runtime/Cache/Admin/a2df3116183f1d5ada71fd53aa7dc46b.php 第 392 行.
NOTIC: [8] Undefined variable: vale /www/web/renli/public_html/PC/Runtime/Cache/Admin/a2df3116183f1d5ada71fd53aa7dc46b.php 第 393 行.
NOTIC: [8] Undefined variable: vale /www/web/renli/public_html/PC/Runtime/Cache/Admin/a2df3116183f1d5ada71fd53aa7dc46b.php 第 394 行.
NOTIC: [8] Undefined variable: vale /www/web/renli/public_html/PC/Runtime/Cache/Admin/a2df3116183f1d5ada71fd53aa7dc46b.php 第 395 行.
INFO: Run Behavior\ParseTemplateBehavior [ RunTime:0.011713s ]
INFO: [ view_parse ] --END-- [ RunTime:0.011754s ]
INFO: [ view_filter ] --START--
INFO: Run Behavior\WriteHtmlCacheBehavior [ RunTime:0.000221s ]
INFO: [ view_filter ] --END-- [ RunTime:0.000261s ]
INFO: [ app_end ] --START--
INFO: Run Behavior\ShowPageTraceBehavior [ RunTime:0.000467s ]
INFO: [ app_end ] --END-- [ RunTime:0.000515s ]

[ 2017-11-01T17:49:31+08:00 ] 61.52.128.22 /index.php/Admin/Grants/index
INFO: [ app_init ] --START--
INFO: Run Behavior\BuildLiteBehavior [ RunTime:0.000021s ]
INFO: [ app_init ] --END-- [ RunTime:0.000432s ]
INFO: [ app_begin ] --START--
INFO: Run Behavior\ReadHtmlCacheBehavior [ RunTime:0.000504s ]
INFO: [ app_begin ] --END-- [ RunTime:0.000550s ]
SQL: SHOW COLUMNS FROM `grants` [ RunTime:0.0019s ]
SQL: SELECT COUNT(*) AS tp_count FROM `grants` LIMIT 1   [ RunTime:0.0012s ]
SQL: SELECT * FROM `grants` ORDER BY id desc LIMIT 0,20   [ RunTime:0.0013s ]
SQL: SHOW COLUMNS FROM `user` [ RunTime:0.0016s ]
SQL: SELECT `name` FROM `user` WHERE ( id=3 ) LIMIT 1   [ RunTime:0.0012s ]
INFO: [ view_parse ] --START--
NOTIC: [2] file_get_contents(./PC/Admin/View/Public/header.html): failed to open stream: No such file or directory /www/web/renli/public_html/ThinkPHP/Library/Think/Template.class.php 第 696 行.
INFO: [ template_filter ] --START--
INFO: Run Behavior\ContentReplaceBehavior [ RunTime:0.000082s ]
INFO: [ template_filter ] --END-- [ RunTime:0.000128s ]
NOTIC: [8] Undefined index: title /www/web/renli/public_html/PC/Runtime/Cache/Admin/a2df3116183f1d5ada71fd53aa7dc46b.php 第 354 行.
NOTIC: [8] Undefined variable: vale /www/web/renli/public_html/PC/Runtime/Cache/Admin/a2df3116183f1d5ada71fd53aa7dc46b.php 第 393 行.
NOTIC: [8] Undefined variable: vale /www/web/renli/public_html/PC/Runtime/Cache/Admin/a2df3116183f1d5ada71fd53aa7dc46b.php 第 394 行.
NOTIC: [8] Undefined variable: vale /www/web/renli/public_html/PC/Runtime/Cache/Admin/a2df3116183f1d5ada71fd53aa7dc46b.php 第 395 行.
NOTIC: [8] Undefined variable: vale /www/web/renli/public_html/PC/Runtime/Cache/Admin/a2df3116183f1d5ada71fd53aa7dc46b.php 第 396 行.
NOTIC: [8] Undefined variable: vale /www/web/renli/public_html/PC/Runtime/Cache/Admin/a2df3116183f1d5ada71fd53aa7dc46b.php 第 397 行.
INFO: Run Behavior\ParseTemplateBehavior [ RunTime:0.012013s ]
INFO: [ view_parse ] --END-- [ RunTime:0.012055s ]
INFO: [ view_filter ] --START--
INFO: Run Behavior\WriteHtmlCacheBehavior [ RunTime:0.000224s ]
INFO: [ view_filter ] --END-- [ RunTime:0.000261s ]
INFO: [ app_end ] --START--
INFO: Run Behavior\ShowPageTraceBehavior [ RunTime:0.000513s ]
INFO: [ app_end ] --END-- [ RunTime:0.000575s ]

[ 2017-11-01T17:53:01+08:00 ] 61.52.128.22 /index.php/Admin/Grants/index
INFO: [ app_init ] --START--
INFO: Run Behavior\BuildLiteBehavior [ RunTime:0.000013s ]
INFO: [ app_init ] --END-- [ RunTime:0.000356s ]
INFO: [ app_begin ] --START--
INFO: Run Behavior\ReadHtmlCacheBehavior [ RunTime:0.000460s ]
INFO: [ app_begin ] --END-- [ RunTime:0.000503s ]
SQL: SHOW COLUMNS FROM `grants` [ RunTime:0.0019s ]
SQL: SELECT COUNT(*) AS tp_count FROM `grants` LIMIT 1   [ RunTime:0.0014s ]
SQL: SELECT * FROM `grants` ORDER BY id desc LIMIT 0,20   [ RunTime:0.0018s ]
SQL: SHOW COLUMNS FROM `user` [ RunTime:0.0018s ]
SQL: SELECT `name` FROM `user` WHERE ( id=3 ) LIMIT 1   [ RunTime:0.0015s ]
INFO: [ view_parse ] --START--
NOTIC: [2] file_get_contents(./PC/Admin/View/Public/header.html): failed to open stream: No such file or directory /www/web/renli/public_html/ThinkPHP/Library/Think/Template.class.php 第 696 行.
INFO: [ template_filter ] --START--
INFO: Run Behavior\ContentReplaceBehavior [ RunTime:0.000113s ]
INFO: [ template_filter ] --END-- [ RunTime:0.000175s ]
NOTIC: [8] Undefined index: title /www/web/renli/public_html/PC/Runtime/Cache/Admin/a2df3116183f1d5ada71fd53aa7dc46b.php 第 354 行.
NOTIC: [8] Undefined variable: vale /www/web/renli/public_html/PC/Runtime/Cache/Admin/a2df3116183f1d5ada71fd53aa7dc46b.php 第 393 行.
NOTIC: [8] Undefined variable: vale /www/web/renli/public_html/PC/Runtime/Cache/Admin/a2df3116183f1d5ada71fd53aa7dc46b.php 第 394 行.
NOTIC: [8] Undefined variable: vale /www/web/renli/public_html/PC/Runtime/Cache/Admin/a2df3116183f1d5ada71fd53aa7dc46b.php 第 395 行.
NOTIC: [8] Undefined variable: vale /www/web/renli/public_html/PC/Runtime/Cache/Admin/a2df3116183f1d5ada71fd53aa7dc46b.php 第 396 行.
NOTIC: [8] Undefined variable: vale /www/web/renli/public_html/PC/Runtime/Cache/Admin/a2df3116183f1d5ada71fd53aa7dc46b.php 第 397 行.
INFO: Run Behavior\ParseTemplateBehavior [ RunTime:0.013381s ]
INFO: [ view_parse ] --END-- [ RunTime:0.013432s ]
INFO: [ view_filter ] --START--
INFO: Run Behavior\WriteHtmlCacheBehavior [ RunTime:0.000224s ]
INFO: [ view_filter ] --END-- [ RunTime:0.000260s ]
INFO: [ app_end ] --START--
INFO: Run Behavior\ShowPageTraceBehavior [ RunTime:0.000534s ]
INFO: [ app_end ] --END-- [ RunTime:0.000582s ]

[ 2017-11-01T17:57:11+08:00 ] 61.52.128.22 /index.php/Admin/Grants/index
INFO: [ app_init ] --START--
INFO: Run Behavior\BuildLiteBehavior [ RunTime:0.000014s ]
INFO: [ app_init ] --END-- [ RunTime:0.000408s ]
INFO: [ app_begin ] --START--
INFO: Run Behavior\ReadHtmlCacheBehavior [ RunTime:0.000504s ]
INFO: [ app_begin ] --END-- [ RunTime:0.000549s ]
SQL: SHOW COLUMNS FROM `grants` [ RunTime:0.0019s ]
SQL: SELECT COUNT(*) AS tp_count FROM `grants` LIMIT 1   [ RunTime:0.0013s ]
SQL: SELECT * FROM `grants` ORDER BY id desc LIMIT 0,20   [ RunTime:0.0014s ]
SQL: SHOW COLUMNS FROM `user` [ RunTime:0.0018s ]
SQL: SELECT `name` FROM `user` WHERE ( id=3 ) LIMIT 1   [ RunTime:0.0014s ]
INFO: [ view_parse ] --START--
NOTIC: [2] file_get_contents(./PC/Admin/View/Public/header.html): failed to open stream: No such file or directory /www/web/renli/public_html/ThinkPHP/Library/Think/Template.class.php 第 696 行.
INFO: [ template_filter ] --START--
INFO: Run Behavior\ContentReplaceBehavior [ RunTime:0.000085s ]
INFO: [ template_filter ] --END-- [ RunTime:0.000146s ]
NOTIC: [8] Undefined index: title /www/web/renli/public_html/PC/Runtime/Cache/Admin/a2df3116183f1d5ada71fd53aa7dc46b.php 第 354 行.
NOTIC: [8] Undefined variable: vale /www/web/renli/public_html/PC/Runtime/Cache/Admin/a2df3116183f1d5ada71fd53aa7dc46b.php 第 393 行.
NOTIC: [8] Undefined variable: vale /www/web/renli/public_html/PC/Runtime/Cache/Admin/a2df3116183f1d5ada71fd53aa7dc46b.php 第 394 行.
NOTIC: [8] Undefined variable: vale /www/web/renli/public_html/PC/Runtime/Cache/Admin/a2df3116183f1d5ada71fd53aa7dc46b.php 第 395 行.
NOTIC: [8] Undefined variable: vale /www/web/renli/public_html/PC/Runtime/Cache/Admin/a2df3116183f1d5ada71fd53aa7dc46b.php 第 396 行.
NOTIC: [8] Undefined variable: vale /www/web/renli/public_html/PC/Runtime/Cache/Admin/a2df3116183f1d5ada71fd53aa7dc46b.php 第 397 行.
INFO: Run Behavior\ParseTemplateBehavior [ RunTime:0.012641s ]
INFO: [ view_parse ] --END-- [ RunTime:0.012681s ]
INFO: [ view_filter ] --START--
INFO: Run Behavior\WriteHtmlCacheBehavior [ RunTime:0.000240s ]
INFO: [ view_filter ] --END-- [ RunTime:0.000277s ]
INFO: [ app_end ] --START--
INFO: Run Behavior\ShowPageTraceBehavior [ RunTime:0.000558s ]
INFO: [ app_end ] --END-- [ RunTime:0.000605s ]

[ 2017-11-01T17:57:20+08:00 ] 61.52.128.22 /index.php/Admin/Grants/index
INFO: [ app_init ] --START--
INFO: Run Behavior\BuildLiteBehavior [ RunTime:0.000014s ]
INFO: [ app_init ] --END-- [ RunTime:0.000377s ]
INFO: [ app_begin ] --START--
INFO: Run Behavior\ReadHtmlCacheBehavior [ RunTime:0.000504s ]
INFO: [ app_begin ] --END-- [ RunTime:0.000553s ]
SQL: SHOW COLUMNS FROM `grants` [ RunTime:0.0020s ]
SQL: SELECT COUNT(*) AS tp_count FROM `grants` LIMIT 1   [ RunTime:0.0015s ]
SQL: SELECT * FROM `grants` ORDER BY id desc LIMIT 0,20   [ RunTime:0.0014s ]
SQL: SHOW COLUMNS FROM `user` [ RunTime:0.0019s ]
SQL: SELECT `name` FROM `user` WHERE ( id=3 ) LIMIT 1   [ RunTime:0.0015s ]
INFO: [ view_parse ] --START--
NOTIC: [2] file_get_contents(./PC/Admin/View/Public/header.html): failed to open stream: No such file or directory /www/web/renli/public_html/ThinkPHP/Library/Think/Template.class.php 第 696 行.
INFO: [ template_filter ] --START--
INFO: Run Behavior\ContentReplaceBehavior [ RunTime:0.000088s ]
INFO: [ template_filter ] --END-- [ RunTime:0.000141s ]
NOTIC: [8] Undefined index: title /www/web/renli/public_html/PC/Runtime/Cache/Admin/a2df3116183f1d5ada71fd53aa7dc46b.php 第 354 行.
NOTIC: [8] Undefined variable: vale /www/web/renli/public_html/PC/Runtime/Cache/Admin/a2df3116183f1d5ada71fd53aa7dc46b.php 第 393 行.
NOTIC: [8] Undefined variable: vale /www/web/renli/public_html/PC/Runtime/Cache/Admin/a2df3116183f1d5ada71fd53aa7dc46b.php 第 394 行.
NOTIC: [8] Undefined variable: vale /www/web/renli/public_html/PC/Runtime/Cache/Admin/a2df3116183f1d5ada71fd53aa7dc46b.php 第 395 行.
NOTIC: [8] Undefined variable: vale /www/web/renli/public_html/PC/Runtime/Cache/Admin/a2df3116183f1d5ada71fd53aa7dc46b.php 第 396 行.
NOTIC: [8] Undefined variable: vale /www/web/renli/public_html/PC/Runtime/Cache/Admin/a2df3116183f1d5ada71fd53aa7dc46b.php 第 397 行.
INFO: Run Behavior\ParseTemplateBehavior [ RunTime:0.013055s ]
INFO: [ view_parse ] --END-- [ RunTime:0.013104s ]
INFO: [ view_filter ] --START--
INFO: Run Behavior\WriteHtmlCacheBehavior [ RunTime:0.000258s ]
INFO: [ view_filter ] --END-- [ RunTime:0.000296s ]
INFO: [ app_end ] --START--
INFO: Run Behavior\ShowPageTraceBehavior [ RunTime:0.000494s ]
INFO: [ app_end ] --END-- [ RunTime:0.000541s ]

[ 2017-11-01T17:59:45+08:00 ] 61.52.128.22 /index.php/Admin/Grants/index
INFO: [ app_init ] --START--
INFO: Run Behavior\BuildLiteBehavior [ RunTime:0.000023s ]
INFO: [ app_init ] --END-- [ RunTime:0.000574s ]
INFO: [ app_begin ] --START--
INFO: Run Behavior\ReadHtmlCacheBehavior [ RunTime:0.000480s ]
INFO: [ app_begin ] --END-- [ RunTime:0.000525s ]
SQL: SHOW COLUMNS FROM `grants` [ RunTime:0.0023s ]
SQL: SELECT COUNT(*) AS tp_count FROM `grants` LIMIT 1   [ RunTime:0.0015s ]
SQL: SELECT * FROM `grants` ORDER BY id desc LIMIT 0,20   [ RunTime:0.0015s ]
SQL: SHOW COLUMNS FROM `user` [ RunTime:0.0018s ]
SQL: SELECT `name` FROM `user` WHERE ( id=3 ) LIMIT 1   [ RunTime:0.0015s ]
INFO: [ view_parse ] --START--
NOTIC: [2] file_get_contents(./PC/Admin/View/Public/header.html): failed to open stream: No such file or directory /www/web/renli/public_html/ThinkPHP/Library/Think/Template.class.php 第 696 行.
INFO: [ template_filter ] --START--
INFO: Run Behavior\ContentReplaceBehavior [ RunTime:0.000120s ]
INFO: [ template_filter ] --END-- [ RunTime:0.000180s ]
NOTIC: [8] Undefined index: title /www/web/renli/public_html/PC/Runtime/Cache/Admin/a2df3116183f1d5ada71fd53aa7dc46b.php 第 354 行.
NOTIC: [8] Undefined variable: vale /www/web/renli/public_html/PC/Runtime/Cache/Admin/a2df3116183f1d5ada71fd53aa7dc46b.php 第 393 行.
NOTIC: [8] Undefined variable: vale /www/web/renli/public_html/PC/Runtime/Cache/Admin/a2df3116183f1d5ada71fd53aa7dc46b.php 第 394 行.
NOTIC: [8] Undefined variable: vale /www/web/renli/public_html/PC/Runtime/Cache/Admin/a2df3116183f1d5ada71fd53aa7dc46b.php 第 395 行.
NOTIC: [8] Undefined variable: vale /www/web/renli/public_html/PC/Runtime/Cache/Admin/a2df3116183f1d5ada71fd53aa7dc46b.php 第 396 行.
NOTIC: [8] Undefined variable: vale /www/web/renli/public_html/PC/Runtime/Cache/Admin/a2df3116183f1d5ada71fd53aa7dc46b.php 第 397 行.
INFO: Run Behavior\ParseTemplateBehavior [ RunTime:0.012247s ]
INFO: [ view_parse ] --END-- [ RunTime:0.012290s ]
INFO: [ view_filter ] --START--
INFO: Run Behavior\WriteHtmlCacheBehavior [ RunTime:0.000236s ]
INFO: [ view_filter ] --END-- [ RunTime:0.000273s ]
INFO: [ app_end ] --START--
INFO: Run Behavior\ShowPageTraceBehavior [ RunTime:0.000548s ]
INFO: [ app_end ] --END-- [ RunTime:0.000597s ]

[ 2017-11-01T18:00:00+08:00 ] 61.52.128.22 /index.php/Admin/Grants/index
INFO: [ app_init ] --START--
INFO: Run Behavior\BuildLiteBehavior [ RunTime:0.000018s ]
INFO: [ app_init ] --END-- [ RunTime:0.000415s ]
INFO: [ app_begin ] --START--
INFO: Run Behavior\ReadHtmlCacheBehavior [ RunTime:0.000536s ]
INFO: [ app_begin ] --END-- [ RunTime:0.000580s ]
SQL: SHOW COLUMNS FROM `grants` [ RunTime:0.0020s ]
SQL: SELECT COUNT(*) AS tp_count FROM `grants` LIMIT 1   [ RunTime:0.0014s ]
SQL: SELECT * FROM `grants` ORDER BY id desc LIMIT 0,20   [ RunTime:0.0016s ]
SQL: SHOW COLUMNS FROM `user` [ RunTime:0.0019s ]
SQL: SELECT `name` FROM `user` WHERE ( id=3 ) LIMIT 1   [ RunTime:0.0015s ]
INFO: [ view_parse ] --START--
NOTIC: [2] file_get_contents(./PC/Admin/View/Public/header.html): failed to open stream: No such file or directory /www/web/renli/public_html/ThinkPHP/Library/Think/Template.class.php 第 696 行.
INFO: [ template_filter ] --START--
INFO: Run Behavior\ContentReplaceBehavior [ RunTime:0.000136s ]
INFO: [ template_filter ] --END-- [ RunTime:0.000226s ]
NOTIC: [8] Undefined index: title /www/web/renli/public_html/PC/Runtime/Cache/Admin/a2df3116183f1d5ada71fd53aa7dc46b.php 第 354 行.
NOTIC: [8] Undefined variable: vale /www/web/renli/public_html/PC/Runtime/Cache/Admin/a2df3116183f1d5ada71fd53aa7dc46b.php 第 393 行.
NOTIC: [8] Undefined variable: vale /www/web/renli/public_html/PC/Runtime/Cache/Admin/a2df3116183f1d5ada71fd53aa7dc46b.php 第 394 行.
NOTIC: [8] Undefined variable: vale /www/web/renli/public_html/PC/Runtime/Cache/Admin/a2df3116183f1d5ada71fd53aa7dc46b.php 第 395 行.
NOTIC: [8] Undefined variable: vale /www/web/renli/public_html/PC/Runtime/Cache/Admin/a2df3116183f1d5ada71fd53aa7dc46b.php 第 396 行.
NOTIC: [8] Undefined variable: vale /www/web/renli/public_html/PC/Runtime/Cache/Admin/a2df3116183f1d5ada71fd53aa7dc46b.php 第 397 行.
INFO: Run Behavior\ParseTemplateBehavior [ RunTime:0.018830s ]
INFO: [ view_parse ] --END-- [ RunTime:0.018901s ]
INFO: [ view_filter ] --START--
INFO: Run Behavior\WriteHtmlCacheBehavior [ RunTime:0.000356s ]
INFO: [ view_filter ] --END-- [ RunTime:0.000415s ]
INFO: [ app_end ] --START--
INFO: Run Behavior\ShowPageTraceBehavior [ RunTime:0.000801s ]
INFO: [ app_end ] --END-- [ RunTime:0.000903s ]

[ 2017-11-01T18:00:03+08:00 ] 61.52.128.22 /index.php/Admin/Grants/statu
INFO: [ app_init ] --START--
INFO: Run Behavior\BuildLiteBehavior [ RunTime:0.000015s ]
INFO: [ app_init ] --END-- [ RunTime:0.000441s ]
INFO: [ app_begin ] --START--
INFO: Run Behavior\ReadHtmlCacheBehavior [ RunTime:0.000471s ]
INFO: [ app_begin ] --END-- [ RunTime:0.000514s ]
SQL: SHOW COLUMNS FROM `grants` [ RunTime:0.0034s ]
SQL: SHOW COLUMNS FROM `enroll` [ RunTime:0.0023s ]
SQL: SHOW COLUMNS FROM `commission` [ RunTime:0.0017s ]
SQL: SELECT * FROM `grants` WHERE ( id=3 ) LIMIT 1   [ RunTime:0.0015s ]
SQL: UPDATE `grants` SET `statu`='1' WHERE ( id=3 ) [ RunTime:0.0015s ]
SQL: SELECT * FROM `enroll` WHERE `order` = '25feeb22085c4759191e5ff7531bb622' LIMIT 1   [ RunTime:0.0014s ]
SQL: INSERT INTO `commission` (`recode`,`uid`,`cid`,`sign`,`amount`,`batch`,`order`,`time`) VALUES ('0nqgnd','3','1','1','150','2','25feeb22085c4759191e5ff7531bb622','2017-11-01 18:00:03') [ RunTime:0.0024s ]
INFO: [ app_end ] --START--
INFO: Run Behavior\ShowPageTraceBehavior [ RunTime:0.000820s ]
INFO: [ app_end ] --END-- [ RunTime:0.000863s ]

[ 2017-11-01T18:00:09+08:00 ] 61.52.128.22 /index.php/Admin/Grants/statu
INFO: [ app_init ] --START--
INFO: Run Behavior\BuildLiteBehavior [ RunTime:0.000014s ]
INFO: [ app_init ] --END-- [ RunTime:0.000355s ]
INFO: [ app_begin ] --START--
INFO: Run Behavior\ReadHtmlCacheBehavior [ RunTime:0.000456s ]
INFO: [ app_begin ] --END-- [ RunTime:0.000505s ]
SQL: SHOW COLUMNS FROM `grants` [ RunTime:0.0020s ]
SQL: SHOW COLUMNS FROM `enroll` [ RunTime:0.0018s ]
SQL: SHOW COLUMNS FROM `commission` [ RunTime:0.0017s ]
SQL: SELECT * FROM `grants` WHERE ( id=1 ) LIMIT 1   [ RunTime:0.0016s ]
SQL: UPDATE `grants` SET `statu`='1' WHERE ( id=1 ) [ RunTime:0.0025s ]
SQL: SELECT * FROM `enroll` WHERE `order` = '25feeb22085c4759191e5ff7531bb622' LIMIT 1   [ RunTime:0.0015s ]
SQL: INSERT INTO `commission` (`recode`,`uid`,`cid`,`sign`,`amount`,`batch`,`order`,`time`) VALUES ('0nqgnd','3','1','1','150','2','25feeb22085c4759191e5ff7531bb622','2017-11-01 18:00:09') [ RunTime:0.0023s ]

[ 2017-11-01T18:01:06+08:00 ] 61.52.128.22 /index.php/Admin/Grants/index
INFO: [ app_init ] --START--
INFO: Run Behavior\BuildLiteBehavior [ RunTime:0.000015s ]
INFO: [ app_init ] --END-- [ RunTime:0.000372s ]
INFO: [ app_begin ] --START--
INFO: Run Behavior\ReadHtmlCacheBehavior [ RunTime:0.000515s ]
INFO: [ app_begin ] --END-- [ RunTime:0.000560s ]
SQL: SHOW COLUMNS FROM `grants` [ RunTime:0.0018s ]
SQL: SELECT COUNT(*) AS tp_count FROM `grants` LIMIT 1   [ RunTime:0.0014s ]
SQL: SELECT * FROM `grants` ORDER BY id desc LIMIT 0,20   [ RunTime:0.0014s ]
SQL: SHOW COLUMNS FROM `user` [ RunTime:0.0017s ]
SQL: SELECT `name` FROM `user` WHERE ( id=3 ) LIMIT 1   [ RunTime:0.0013s ]
INFO: [ view_parse ] --START--
NOTIC: [2] file_get_contents(./PC/Admin/View/Public/header.html): failed to open stream: No such file or directory /www/web/renli/public_html/ThinkPHP/Library/Think/Template.class.php 第 696 行.
INFO: [ template_filter ] --START--
INFO: Run Behavior\ContentReplaceBehavior [ RunTime:0.000090s ]
INFO: [ template_filter ] --END-- [ RunTime:0.000137s ]
NOTIC: [8] Undefined index: title /www/web/renli/public_html/PC/Runtime/Cache/Admin/a2df3116183f1d5ada71fd53aa7dc46b.php 第 354 行.
NOTIC: [8] Undefined variable: vale /www/web/renli/public_html/PC/Runtime/Cache/Admin/a2df3116183f1d5ada71fd53aa7dc46b.php 第 393 行.
NOTIC: [8] Undefined variable: vale /www/web/renli/public_html/PC/Runtime/Cache/Admin/a2df3116183f1d5ada71fd53aa7dc46b.php 第 394 行.
NOTIC: [8] Undefined variable: vale /www/web/renli/public_html/PC/Runtime/Cache/Admin/a2df3116183f1d5ada71fd53aa7dc46b.php 第 395 行.
NOTIC: [8] Undefined variable: vale /www/web/renli/public_html/PC/Runtime/Cache/Admin/a2df3116183f1d5ada71fd53aa7dc46b.php 第 396 行.
NOTIC: [8] Undefined variable: vale /www/web/renli/public_html/PC/Runtime/Cache/Admin/a2df3116183f1d5ada71fd53aa7dc46b.php 第 397 行.
INFO: Run Behavior\ParseTemplateBehavior [ RunTime:0.012152s ]
INFO: [ view_parse ] --END-- [ RunTime:0.012209s ]
INFO: [ view_filter ] --START--
INFO: Run Behavior\WriteHtmlCacheBehavior [ RunTime:0.000235s ]
INFO: [ view_filter ] --END-- [ RunTime:0.000279s ]
INFO: [ app_end ] --START--
INFO: Run Behavior\ShowPageTraceBehavior [ RunTime:0.000520s ]
INFO: [ app_end ] --END-- [ RunTime:0.000569s ]

[ 2017-11-01T18:01:08+08:00 ] 61.52.128.22 /index.php/Admin/Grants/index
INFO: [ app_init ] --START--
INFO: Run Behavior\BuildLiteBehavior [ RunTime:0.000015s ]
INFO: [ app_init ] --END-- [ RunTime:0.000353s ]
INFO: [ app_begin ] --START--
INFO: Run Behavior\ReadHtmlCacheBehavior [ RunTime:0.000485s ]
INFO: [ app_begin ] --END-- [ RunTime:0.000529s ]
SQL: SHOW COLUMNS FROM `grants` [ RunTime:0.0019s ]
SQL: SELECT COUNT(*) AS tp_count FROM `grants` LIMIT 1   [ RunTime:0.0013s ]
SQL: SELECT * FROM `grants` ORDER BY id desc LIMIT 0,20   [ RunTime:0.0014s ]
SQL: SHOW COLUMNS FROM `user` [ RunTime:0.0017s ]
SQL: SELECT `name` FROM `user` WHERE ( id=3 ) LIMIT 1   [ RunTime:0.0014s ]
INFO: [ view_parse ] --START--
NOTIC: [2] file_get_contents(./PC/Admin/View/Public/header.html): failed to open stream: No such file or directory /www/web/renli/public_html/ThinkPHP/Library/Think/Template.class.php 第 696 行.
INFO: [ template_filter ] --START--
INFO: Run Behavior\ContentReplaceBehavior [ RunTime:0.000079s ]
INFO: [ template_filter ] --END-- [ RunTime:0.000124s ]
NOTIC: [8] Undefined index: title /www/web/renli/public_html/PC/Runtime/Cache/Admin/a2df3116183f1d5ada71fd53aa7dc46b.php 第 354 行.
NOTIC: [8] Undefined variable: vale /www/web/renli/public_html/PC/Runtime/Cache/Admin/a2df3116183f1d5ada71fd53aa7dc46b.php 第 393 行.
NOTIC: [8] Undefined variable: vale /www/web/renli/public_html/PC/Runtime/Cache/Admin/a2df3116183f1d5ada71fd53aa7dc46b.php 第 394 行.
NOTIC: [8] Undefined variable: vale /www/web/renli/public_html/PC/Runtime/Cache/Admin/a2df3116183f1d5ada71fd53aa7dc46b.php 第 395 行.
NOTIC: [8] Undefined variable: vale /www/web/renli/public_html/PC/Runtime/Cache/Admin/a2df3116183f1d5ada71fd53aa7dc46b.php 第 396 行.
NOTIC: [8] Undefined variable: vale /www/web/renli/public_html/PC/Runtime/Cache/Admin/a2df3116183f1d5ada71fd53aa7dc46b.php 第 397 行.
INFO: Run Behavior\ParseTemplateBehavior [ RunTime:0.012676s ]
INFO: [ view_parse ] --END-- [ RunTime:0.012718s ]
INFO: [ view_filter ] --START--
INFO: Run Behavior\WriteHtmlCacheBehavior [ RunTime:0.000254s ]
INFO: [ view_filter ] --END-- [ RunTime:0.000291s ]
INFO: [ app_end ] --START--
INFO: Run Behavior\ShowPageTraceBehavior [ RunTime:0.000529s ]
INFO: [ app_end ] --END-- [ RunTime:0.000578s ]

[ 2017-11-01T18:01:09+08:00 ] 61.52.128.22 /index.php/Admin/Grants/index
INFO: [ app_init ] --START--
INFO: Run Behavior\BuildLiteBehavior [ RunTime:0.000014s ]
INFO: [ app_init ] --END-- [ RunTime:0.000349s ]
INFO: [ app_begin ] --START--
INFO: Run Behavior\ReadHtmlCacheBehavior [ RunTime:0.000479s ]
INFO: [ app_begin ] --END-- [ RunTime:0.000523s ]
SQL: SHOW COLUMNS FROM `grants` [ RunTime:0.0020s ]
SQL: SELECT COUNT(*) AS tp_count FROM `grants` LIMIT 1   [ RunTime:0.0015s ]
SQL: SELECT * FROM `grants` ORDER BY id desc LIMIT 0,20   [ RunTime:0.0015s ]
SQL: SHOW COLUMNS FROM `user` [ RunTime:0.0017s ]
SQL: SELECT `name` FROM `user` WHERE ( id=3 ) LIMIT 1   [ RunTime:0.0015s ]
INFO: [ view_parse ] --START--
NOTIC: [2] file_get_contents(./PC/Admin/View/Public/header.html): failed to open stream: No such file or directory /www/web/renli/public_html/ThinkPHP/Library/Think/Template.class.php 第 696 行.
INFO: [ template_filter ] --START--
INFO: Run Behavior\ContentReplaceBehavior [ RunTime:0.000080s ]
INFO: [ template_filter ] --END-- [ RunTime:0.000126s ]
NOTIC: [8] Undefined index: title /www/web/renli/public_html/PC/Runtime/Cache/Admin/a2df3116183f1d5ada71fd53aa7dc46b.php 第 354 行.
NOTIC: [8] Undefined variable: vale /www/web/renli/public_html/PC/Runtime/Cache/Admin/a2df3116183f1d5ada71fd53aa7dc46b.php 第 393 行.
NOTIC: [8] Undefined variable: vale /www/web/renli/public_html/PC/Runtime/Cache/Admin/a2df3116183f1d5ada71fd53aa7dc46b.php 第 394 行.
NOTIC: [8] Undefined variable: vale /www/web/renli/public_html/PC/Runtime/Cache/Admin/a2df3116183f1d5ada71fd53aa7dc46b.php 第 395 行.
NOTIC: [8] Undefined variable: vale /www/web/renli/public_html/PC/Runtime/Cache/Admin/a2df3116183f1d5ada71fd53aa7dc46b.php 第 396 行.
NOTIC: [8] Undefined variable: vale /www/web/renli/public_html/PC/Runtime/Cache/Admin/a2df3116183f1d5ada71fd53aa7dc46b.php 第 397 行.
INFO: Run Behavior\ParseTemplateBehavior [ RunTime:0.012904s ]
INFO: [ view_parse ] --END-- [ RunTime:0.012946s ]
INFO: [ view_filter ] --START--
INFO: Run Behavior\WriteHtmlCacheBehavior [ RunTime:0.000278s ]
INFO: [ view_filter ] --END-- [ RunTime:0.000340s ]
INFO: [ app_end ] --START--
INFO: Run Behavior\ShowPageTraceBehavior [ RunTime:0.000581s ]
INFO: [ app_end ] --END-- [ RunTime:0.000630s ]

[ 2017-11-01T18:01:10+08:00 ] 61.52.128.22 /index.php/Admin/Grants/index
INFO: [ app_init ] --START--
INFO: Run Behavior\BuildLiteBehavior [ RunTime:0.000014s ]
INFO: [ app_init ] --END-- [ RunTime:0.000368s ]
INFO: [ app_begin ] --START--
INFO: Run Behavior\ReadHtmlCacheBehavior [ RunTime:0.000548s ]
INFO: [ app_begin ] --END-- [ RunTime:0.000593s ]
SQL: SHOW COLUMNS FROM `grants` [ RunTime:0.0018s ]
SQL: SELECT COUNT(*) AS tp_count FROM `grants` LIMIT 1   [ RunTime:0.0014s ]
SQL: SELECT * FROM `grants` ORDER BY id desc LIMIT 0,20   [ RunTime:0.0014s ]
SQL: SHOW COLUMNS FROM `user` [ RunTime:0.0017s ]
SQL: SELECT `name` FROM `user` WHERE ( id=3 ) LIMIT 1   [ RunTime:0.0013s ]
INFO: [ view_parse ] --START--
NOTIC: [2] file_get_contents(./PC/Admin/View/Public/header.html): failed to open stream: No such file or directory /www/web/renli/public_html/ThinkPHP/Library/Think/Template.class.php 第 696 行.
INFO: [ template_filter ] --START--
INFO: Run Behavior\ContentReplaceBehavior [ RunTime:0.000081s ]
INFO: [ template_filter ] --END-- [ RunTime:0.000128s ]
NOTIC: [8] Undefined index: title /www/web/renli/public_html/PC/Runtime/Cache/Admin/a2df3116183f1d5ada71fd53aa7dc46b.php 第 354 行.
NOTIC: [8] Undefined variable: vale /www/web/renli/public_html/PC/Runtime/Cache/Admin/a2df3116183f1d5ada71fd53aa7dc46b.php 第 393 行.
NOTIC: [8] Undefined variable: vale /www/web/renli/public_html/PC/Runtime/Cache/Admin/a2df3116183f1d5ada71fd53aa7dc46b.php 第 394 行.
NOTIC: [8] Undefined variable: vale /www/web/renli/public_html/PC/Runtime/Cache/Admin/a2df3116183f1d5ada71fd53aa7dc46b.php 第 395 行.
NOTIC: [8] Undefined variable: vale /www/web/renli/public_html/PC/Runtime/Cache/Admin/a2df3116183f1d5ada71fd53aa7dc46b.php 第 396 行.
NOTIC: [8] Undefined variable: vale /www/web/renli/public_html/PC/Runtime/Cache/Admin/a2df3116183f1d5ada71fd53aa7dc46b.php 第 397 行.
INFO: Run Behavior\ParseTemplateBehavior [ RunTime:0.012567s ]
INFO: [ view_parse ] --END-- [ RunTime:0.012609s ]
INFO: [ view_filter ] --START--
INFO: Run Behavior\WriteHtmlCacheBehavior [ RunTime:0.000220s ]
INFO: [ view_filter ] --END-- [ RunTime:0.000257s ]
INFO: [ app_end ] --START--
INFO: Run Behavior\ShowPageTraceBehavior [ RunTime:0.000551s ]
INFO: [ app_end ] --END-- [ RunTime:0.000609s ]

[ 2017-11-01T18:01:21+08:00 ] 61.52.128.22 /index.php/Admin/Grants/index
INFO: [ app_init ] --START--
INFO: Run Behavior\BuildLiteBehavior [ RunTime:0.000015s ]
INFO: [ app_init ] --END-- [ RunTime:0.000350s ]
INFO: [ app_begin ] --START--
INFO: Run Behavior\ReadHtmlCacheBehavior [ RunTime:0.000461s ]
INFO: [ app_begin ] --END-- [ RunTime:0.000520s ]
SQL: SHOW COLUMNS FROM `grants` [ RunTime:0.0019s ]
SQL: SELECT COUNT(*) AS tp_count FROM `grants` LIMIT 1   [ RunTime:0.0014s ]
SQL: SELECT * FROM `grants` ORDER BY id desc LIMIT 0,20   [ RunTime:0.0016s ]
SQL: SHOW COLUMNS FROM `user` [ RunTime:0.0020s ]
SQL: SELECT `name` FROM `user` WHERE ( id=3 ) LIMIT 1   [ RunTime:0.0016s ]
INFO: [ view_parse ] --START--
NOTIC: [2] file_get_contents(./PC/Admin/View/Public/header.html): failed to open stream: No such file or directory /www/web/renli/public_html/ThinkPHP/Library/Think/Template.class.php 第 696 行.
INFO: [ template_filter ] --START--
INFO: Run Behavior\ContentReplaceBehavior [ RunTime:0.000096s ]
INFO: [ template_filter ] --END-- [ RunTime:0.000143s ]
NOTIC: [8] Undefined index: title /www/web/renli/public_html/PC/Runtime/Cache/Admin/a2df3116183f1d5ada71fd53aa7dc46b.php 第 354 行.
NOTIC: [8] Undefined variable: vale /www/web/renli/public_html/PC/Runtime/Cache/Admin/a2df3116183f1d5ada71fd53aa7dc46b.php 第 393 行.
NOTIC: [8] Undefined variable: vale /www/web/renli/public_html/PC/Runtime/Cache/Admin/a2df3116183f1d5ada71fd53aa7dc46b.php 第 394 行.
NOTIC: [8] Undefined variable: vale /www/web/renli/public_html/PC/Runtime/Cache/Admin/a2df3116183f1d5ada71fd53aa7dc46b.php 第 395 行.
NOTIC: [8] Undefined variable: vale /www/web/renli/public_html/PC/Runtime/Cache/Admin/a2df3116183f1d5ada71fd53aa7dc46b.php 第 396 行.
NOTIC: [8] Undefined variable: vale /www/web/renli/public_html/PC/Runtime/Cache/Admin/a2df3116183f1d5ada71fd53aa7dc46b.php 第 397 行.
INFO: Run Behavior\ParseTemplateBehavior [ RunTime:0.012563s ]
INFO: [ view_parse ] --END-- [ RunTime:0.012606s ]
INFO: [ view_filter ] --START--
INFO: Run Behavior\WriteHtmlCacheBehavior [ RunTime:0.000255s ]
INFO: [ view_filter ] --END-- [ RunTime:0.000293s ]
INFO: [ app_end ] --START--
INFO: Run Behavior\ShowPageTraceBehavior [ RunTime:0.000500s ]
INFO: [ app_end ] --END-- [ RunTime:0.000562s ]

[ 2017-11-01T18:02:27+08:00 ] 61.52.128.22 /index.php/Admin/Grants/index
INFO: [ app_init ] --START--
INFO: Run Behavior\BuildLiteBehavior [ RunTime:0.000017s ]
INFO: [ app_init ] --END-- [ RunTime:0.000355s ]
INFO: [ app_begin ] --START--
INFO: Run Behavior\ReadHtmlCacheBehavior [ RunTime:0.000450s ]
INFO: [ app_begin ] --END-- [ RunTime:0.000495s ]
SQL: SHOW COLUMNS FROM `grants` [ RunTime:0.0020s ]
SQL: SELECT COUNT(*) AS tp_count FROM `grants` LIMIT 1   [ RunTime:0.0015s ]
SQL: SELECT * FROM `grants` ORDER BY id desc LIMIT 0,20   [ RunTime:0.0014s ]
SQL: SHOW COLUMNS FROM `user` [ RunTime:0.0019s ]
SQL: SELECT `name` FROM `user` WHERE ( id=3 ) LIMIT 1   [ RunTime:0.0014s ]
INFO: [ view_parse ] --START--
NOTIC: [2] file_get_contents(./PC/Admin/View/Public/header.html): failed to open stream: No such file or directory /www/web/renli/public_html/ThinkPHP/Library/Think/Template.class.php 第 696 行.
INFO: [ template_filter ] --START--
INFO: Run Behavior\ContentReplaceBehavior [ RunTime:0.000102s ]
INFO: [ template_filter ] --END-- [ RunTime:0.000158s ]
NOTIC: [8] Undefined index: title /www/web/renli/public_html/PC/Runtime/Cache/Admin/a2df3116183f1d5ada71fd53aa7dc46b.php 第 354 行.
NOTIC: [8] Undefined variable: vale /www/web/renli/public_html/PC/Runtime/Cache/Admin/a2df3116183f1d5ada71fd53aa7dc46b.php 第 393 行.
NOTIC: [8] Undefined variable: vale /www/web/renli/public_html/PC/Runtime/Cache/Admin/a2df3116183f1d5ada71fd53aa7dc46b.php 第 394 行.
NOTIC: [8] Undefined variable: vale /www/web/renli/public_html/PC/Runtime/Cache/Admin/a2df3116183f1d5ada71fd53aa7dc46b.php 第 395 行.
NOTIC: [8] Undefined variable: vale /www/web/renli/public_html/PC/Runtime/Cache/Admin/a2df3116183f1d5ada71fd53aa7dc46b.php 第 396 行.
NOTIC: [8] Undefined variable: vale /www/web/renli/public_html/PC/Runtime/Cache/Admin/a2df3116183f1d5ada71fd53aa7dc46b.php 第 397 行.
INFO: Run Behavior\ParseTemplateBehavior [ RunTime:0.012063s ]
INFO: [ view_parse ] --END-- [ RunTime:0.012106s ]
INFO: [ view_filter ] --START--
INFO: Run Behavior\WriteHtmlCacheBehavior [ RunTime:0.000240s ]
INFO: [ view_filter ] --END-- [ RunTime:0.000279s ]
INFO: [ app_end ] --START--
INFO: Run Behavior\ShowPageTraceBehavior [ RunTime:0.000518s ]
INFO: [ app_end ] --END-- [ RunTime:0.000567s ]

[ 2017-11-01T18:02:30+08:00 ] 61.52.128.22 /index.php/Admin/Grants/statu
INFO: [ app_init ] --START--
INFO: Run Behavior\BuildLiteBehavior [ RunTime:0.000014s ]
INFO: [ app_init ] --END-- [ RunTime:0.000350s ]
INFO: [ app_begin ] --START--
INFO: Run Behavior\ReadHtmlCacheBehavior [ RunTime:0.000454s ]
INFO: [ app_begin ] --END-- [ RunTime:0.000511s ]
NOTIC: [8] Undefined index: id /www/web/renli/public_html/PC/Admin/Controller/GrantsController.class.php 第 28 行.
SQL: SHOW COLUMNS FROM `grants` [ RunTime:0.0019s ]
SQL: SHOW COLUMNS FROM `enroll` [ RunTime:0.0017s ]
SQL: SHOW COLUMNS FROM `commission` [ RunTime:0.0017s ]
ERR: 1064:You have an error in your SQL syntax; check the manual that corresponds to your MySQL server version for the right syntax to use near ') LIMIT 1' at line 1
 [ SQL语句 ] : SELECT * FROM `grants` WHERE ( id= ) LIMIT 1  
ERR: 1064:You have an error in your SQL syntax; check the manual that corresponds to your MySQL server version for the right syntax to use near ') LIMIT 1' at line 1
 [ SQL语句 ] : SELECT * FROM `grants` WHERE ( id= ) LIMIT 1  

[ 2017-11-01T18:03:58+08:00 ] 61.52.128.22 /index.php/Admin/Grants/index
INFO: [ app_init ] --START--
INFO: Run Behavior\BuildLiteBehavior [ RunTime:0.000016s ]
INFO: [ app_init ] --END-- [ RunTime:0.000354s ]
INFO: [ app_begin ] --START--
INFO: Run Behavior\ReadHtmlCacheBehavior [ RunTime:0.000477s ]
INFO: [ app_begin ] --END-- [ RunTime:0.000530s ]
SQL: SHOW COLUMNS FROM `grants` [ RunTime:0.0020s ]
SQL: SELECT COUNT(*) AS tp_count FROM `grants` LIMIT 1   [ RunTime:0.0014s ]
SQL: SELECT * FROM `grants` ORDER BY id desc LIMIT 0,20   [ RunTime:0.0014s ]
SQL: SHOW COLUMNS FROM `user` [ RunTime:0.0018s ]
SQL: SELECT `name` FROM `user` WHERE ( id=3 ) LIMIT 1   [ RunTime:0.0014s ]
INFO: [ view_parse ] --START--
NOTIC: [2] file_get_contents(./PC/Admin/View/Public/header.html): failed to open stream: No such file or directory /www/web/renli/public_html/ThinkPHP/Library/Think/Template.class.php 第 696 行.
INFO: [ template_filter ] --START--
INFO: Run Behavior\ContentReplaceBehavior [ RunTime:0.000082s ]
INFO: [ template_filter ] --END-- [ RunTime:0.000134s ]
NOTIC: [8] Undefined index: title /www/web/renli/public_html/PC/Runtime/Cache/Admin/a2df3116183f1d5ada71fd53aa7dc46b.php 第 354 行.
NOTIC: [8] Undefined variable: vale /www/web/renli/public_html/PC/Runtime/Cache/Admin/a2df3116183f1d5ada71fd53aa7dc46b.php 第 393 行.
NOTIC: [8] Undefined variable: vale /www/web/renli/public_html/PC/Runtime/Cache/Admin/a2df3116183f1d5ada71fd53aa7dc46b.php 第 394 行.
NOTIC: [8] Undefined variable: vale /www/web/renli/public_html/PC/Runtime/Cache/Admin/a2df3116183f1d5ada71fd53aa7dc46b.php 第 395 行.
NOTIC: [8] Undefined variable: vale /www/web/renli/public_html/PC/Runtime/Cache/Admin/a2df3116183f1d5ada71fd53aa7dc46b.php 第 396 行.
NOTIC: [8] Undefined variable: vale /www/web/renli/public_html/PC/Runtime/Cache/Admin/a2df3116183f1d5ada71fd53aa7dc46b.php 第 397 行.
INFO: Run Behavior\ParseTemplateBehavior [ RunTime:0.012131s ]
INFO: [ view_parse ] --END-- [ RunTime:0.012172s ]
INFO: [ view_filter ] --START--
INFO: Run Behavior\WriteHtmlCacheBehavior [ RunTime:0.000242s ]
INFO: [ view_filter ] --END-- [ RunTime:0.000279s ]
INFO: [ app_end ] --START--
INFO: Run Behavior\ShowPageTraceBehavior [ RunTime:0.000549s ]
INFO: [ app_end ] --END-- [ RunTime:0.000596s ]

[ 2017-11-01T18:04:02+08:00 ] 61.52.128.22 /index.php/Admin/Grants/statu
INFO: [ app_init ] --START--
INFO: Run Behavior\BuildLiteBehavior [ RunTime:0.000017s ]
INFO: [ app_init ] --END-- [ RunTime:0.000372s ]
INFO: [ app_begin ] --START--
INFO: Run Behavior\ReadHtmlCacheBehavior [ RunTime:0.000473s ]
INFO: [ app_begin ] --END-- [ RunTime:0.000515s ]
NOTIC: [8] Undefined index: id /www/web/renli/public_html/PC/Admin/Controller/GrantsController.class.php 第 28 行.
SQL: SHOW COLUMNS FROM `grants` [ RunTime:0.0019s ]
SQL: SHOW COLUMNS FROM `enroll` [ RunTime:0.0018s ]
SQL: SHOW COLUMNS FROM `commission` [ RunTime:0.0018s ]
ERR: 1064:You have an error in your SQL syntax; check the manual that corresponds to your MySQL server version for the right syntax to use near ') LIMIT 1' at line 1
 [ SQL语句 ] : SELECT * FROM `grants` WHERE ( id= ) LIMIT 1  
ERR: 1064:You have an error in your SQL syntax; check the manual that corresponds to your MySQL server version for the right syntax to use near ') LIMIT 1' at line 1
 [ SQL语句 ] : SELECT * FROM `grants` WHERE ( id= ) LIMIT 1  

[ 2017-11-01T18:04:05+08:00 ] 61.52.128.22 /index.php/Admin/Grants/statu
INFO: [ app_init ] --START--
INFO: Run Behavior\BuildLiteBehavior [ RunTime:0.000014s ]
INFO: [ app_init ] --END-- [ RunTime:0.000405s ]
INFO: [ app_begin ] --START--
INFO: Run Behavior\ReadHtmlCacheBehavior [ RunTime:0.000500s ]
INFO: [ app_begin ] --END-- [ RunTime:0.000542s ]
NOTIC: [8] Undefined index: id /www/web/renli/public_html/PC/Admin/Controller/GrantsController.class.php 第 28 行.
SQL: SHOW COLUMNS FROM `grants` [ RunTime:0.0023s ]
SQL: SHOW COLUMNS FROM `enroll` [ RunTime:0.0018s ]
SQL: SHOW COLUMNS FROM `commission` [ RunTime:0.0019s ]
ERR: 1064:You have an error in your SQL syntax; check the manual that corresponds to your MySQL server version for the right syntax to use near ') LIMIT 1' at line 1
 [ SQL语句 ] : SELECT * FROM `grants` WHERE ( id= ) LIMIT 1  
ERR: 1064:You have an error in your SQL syntax; check the manual that corresponds to your MySQL server version for the right syntax to use near ') LIMIT 1' at line 1
 [ SQL语句 ] : SELECT * FROM `grants` WHERE ( id= ) LIMIT 1  

[ 2017-11-01T18:05:37+08:00 ] 61.52.128.22 /index.php/Admin/Grants/index
INFO: [ app_init ] --START--
INFO: Run Behavior\BuildLiteBehavior [ RunTime:0.000021s ]
INFO: [ app_init ] --END-- [ RunTime:0.000421s ]
INFO: [ app_begin ] --START--
INFO: Run Behavior\ReadHtmlCacheBehavior [ RunTime:0.000472s ]
INFO: [ app_begin ] --END-- [ RunTime:0.000517s ]
SQL: SHOW COLUMNS FROM `grants` [ RunTime:0.0019s ]
SQL: SELECT COUNT(*) AS tp_count FROM `grants` LIMIT 1   [ RunTime:0.0014s ]
SQL: SELECT * FROM `grants` ORDER BY id desc LIMIT 0,20   [ RunTime:0.0014s ]
SQL: SHOW COLUMNS FROM `user` [ RunTime:0.0017s ]
SQL: SELECT `name` FROM `user` WHERE ( id=3 ) LIMIT 1   [ RunTime:0.0015s ]
INFO: [ view_parse ] --START--
NOTIC: [2] file_get_contents(./PC/Admin/View/Public/header.html): failed to open stream: No such file or directory /www/web/renli/public_html/ThinkPHP/Library/Think/Template.class.php 第 696 行.
INFO: [ template_filter ] --START--
INFO: Run Behavior\ContentReplaceBehavior [ RunTime:0.000086s ]
INFO: [ template_filter ] --END-- [ RunTime:0.000143s ]
NOTIC: [8] Undefined index: title /www/web/renli/public_html/PC/Runtime/Cache/Admin/a2df3116183f1d5ada71fd53aa7dc46b.php 第 354 行.
NOTIC: [8] Undefined variable: vale /www/web/renli/public_html/PC/Runtime/Cache/Admin/a2df3116183f1d5ada71fd53aa7dc46b.php 第 393 行.
NOTIC: [8] Undefined variable: vale /www/web/renli/public_html/PC/Runtime/Cache/Admin/a2df3116183f1d5ada71fd53aa7dc46b.php 第 394 行.
NOTIC: [8] Undefined variable: vale /www/web/renli/public_html/PC/Runtime/Cache/Admin/a2df3116183f1d5ada71fd53aa7dc46b.php 第 395 行.
NOTIC: [8] Undefined variable: vale /www/web/renli/public_html/PC/Runtime/Cache/Admin/a2df3116183f1d5ada71fd53aa7dc46b.php 第 396 行.
NOTIC: [8] Undefined variable: vale /www/web/renli/public_html/PC/Runtime/Cache/Admin/a2df3116183f1d5ada71fd53aa7dc46b.php 第 397 行.
INFO: Run Behavior\ParseTemplateBehavior [ RunTime:0.012774s ]
INFO: [ view_parse ] --END-- [ RunTime:0.012817s ]
INFO: [ view_filter ] --START--
INFO: Run Behavior\WriteHtmlCacheBehavior [ RunTime:0.000233s ]
INFO: [ view_filter ] --END-- [ RunTime:0.000272s ]
INFO: [ app_end ] --START--
INFO: Run Behavior\ShowPageTraceBehavior [ RunTime:0.000553s ]
INFO: [ app_end ] --END-- [ RunTime:0.000611s ]

[ 2017-11-01T18:05:50+08:00 ] 61.52.128.22 /index.php/Admin/Grants/index
INFO: [ app_init ] --START--
INFO: Run Behavior\BuildLiteBehavior [ RunTime:0.000016s ]
INFO: [ app_init ] --END-- [ RunTime:0.000361s ]
INFO: [ app_begin ] --START--
INFO: Run Behavior\ReadHtmlCacheBehavior [ RunTime:0.000484s ]
INFO: [ app_begin ] --END-- [ RunTime:0.000530s ]
SQL: SHOW COLUMNS FROM `grants` [ RunTime:0.0019s ]
SQL: SELECT COUNT(*) AS tp_count FROM `grants` LIMIT 1   [ RunTime:0.0015s ]
SQL: SELECT * FROM `grants` ORDER BY id desc LIMIT 0,20   [ RunTime:0.0014s ]
SQL: SHOW COLUMNS FROM `user` [ RunTime:0.0017s ]
SQL: SELECT `name` FROM `user` WHERE ( id=3 ) LIMIT 1   [ RunTime:0.0015s ]
INFO: [ view_parse ] --START--
NOTIC: [2] file_get_contents(./PC/Admin/View/Public/header.html): failed to open stream: No such file or directory /www/web/renli/public_html/ThinkPHP/Library/Think/Template.class.php 第 696 行.
INFO: [ template_filter ] --START--
INFO: Run Behavior\ContentReplaceBehavior [ RunTime:0.000079s ]
INFO: [ template_filter ] --END-- [ RunTime:0.000123s ]
NOTIC: [8] Undefined index: title /www/web/renli/public_html/PC/Runtime/Cache/Admin/a2df3116183f1d5ada71fd53aa7dc46b.php 第 354 行.
NOTIC: [8] Undefined variable: vale /www/web/renli/public_html/PC/Runtime/Cache/Admin/a2df3116183f1d5ada71fd53aa7dc46b.php 第 393 行.
NOTIC: [8] Undefined variable: vale /www/web/renli/public_html/PC/Runtime/Cache/Admin/a2df3116183f1d5ada71fd53aa7dc46b.php 第 394 行.
NOTIC: [8] Undefined variable: vale /www/web/renli/public_html/PC/Runtime/Cache/Admin/a2df3116183f1d5ada71fd53aa7dc46b.php 第 395 行.
NOTIC: [8] Undefined variable: vale /www/web/renli/public_html/PC/Runtime/Cache/Admin/a2df3116183f1d5ada71fd53aa7dc46b.php 第 396 行.
NOTIC: [8] Undefined variable: vale /www/web/renli/public_html/PC/Runtime/Cache/Admin/a2df3116183f1d5ada71fd53aa7dc46b.php 第 397 行.
INFO: Run Behavior\ParseTemplateBehavior [ RunTime:0.012631s ]
INFO: [ view_parse ] --END-- [ RunTime:0.012681s ]
INFO: [ view_filter ] --START--
INFO: Run Behavior\WriteHtmlCacheBehavior [ RunTime:0.000221s ]
INFO: [ view_filter ] --END-- [ RunTime:0.000259s ]
INFO: [ app_end ] --START--
INFO: Run Behavior\ShowPageTraceBehavior [ RunTime:0.000538s ]
INFO: [ app_end ] --END-- [ RunTime:0.000588s ]

[ 2017-11-01T18:07:29+08:00 ] 61.52.128.22 /index.php/Admin/Grants/index
INFO: [ app_init ] --START--
INFO: Run Behavior\BuildLiteBehavior [ RunTime:0.000014s ]
INFO: [ app_init ] --END-- [ RunTime:0.000354s ]
INFO: [ app_begin ] --START--
INFO: Run Behavior\ReadHtmlCacheBehavior [ RunTime:0.000691s ]
INFO: [ app_begin ] --END-- [ RunTime:0.000749s ]
SQL: SHOW COLUMNS FROM `grants` [ RunTime:0.0020s ]
SQL: SELECT COUNT(*) AS tp_count FROM `grants` LIMIT 1   [ RunTime:0.0015s ]
SQL: SELECT * FROM `grants` ORDER BY id desc LIMIT 0,20   [ RunTime:0.0015s ]
SQL: SHOW COLUMNS FROM `user` [ RunTime:0.0019s ]
SQL: SELECT `name` FROM `user` WHERE ( id=3 ) LIMIT 1   [ RunTime:0.0014s ]
INFO: [ view_parse ] --START--
NOTIC: [2] file_get_contents(./PC/Admin/View/Public/header.html): failed to open stream: No such file or directory /www/web/renli/public_html/ThinkPHP/Library/Think/Template.class.php 第 696 行.
INFO: [ template_filter ] --START--
INFO: Run Behavior\ContentReplaceBehavior [ RunTime:0.000082s ]
INFO: [ template_filter ] --END-- [ RunTime:0.000128s ]
NOTIC: [8] Undefined index: title /www/web/renli/public_html/PC/Runtime/Cache/Admin/a2df3116183f1d5ada71fd53aa7dc46b.php 第 354 行.
NOTIC: [8] Undefined variable: vale /www/web/renli/public_html/PC/Runtime/Cache/Admin/a2df3116183f1d5ada71fd53aa7dc46b.php 第 393 行.
NOTIC: [8] Undefined variable: vale /www/web/renli/public_html/PC/Runtime/Cache/Admin/a2df3116183f1d5ada71fd53aa7dc46b.php 第 394 行.
NOTIC: [8] Undefined variable: vale /www/web/renli/public_html/PC/Runtime/Cache/Admin/a2df3116183f1d5ada71fd53aa7dc46b.php 第 395 行.
NOTIC: [8] Undefined variable: vale /www/web/renli/public_html/PC/Runtime/Cache/Admin/a2df3116183f1d5ada71fd53aa7dc46b.php 第 396 行.
NOTIC: [8] Undefined variable: vale /www/web/renli/public_html/PC/Runtime/Cache/Admin/a2df3116183f1d5ada71fd53aa7dc46b.php 第 397 行.
INFO: Run Behavior\ParseTemplateBehavior [ RunTime:0.012432s ]
INFO: [ view_parse ] --END-- [ RunTime:0.012473s ]
INFO: [ view_filter ] --START--
INFO: Run Behavior\WriteHtmlCacheBehavior [ RunTime:0.000226s ]
INFO: [ view_filter ] --END-- [ RunTime:0.000263s ]
INFO: [ app_end ] --START--
INFO: Run Behavior\ShowPageTraceBehavior [ RunTime:0.000516s ]
INFO: [ app_end ] --END-- [ RunTime:0.000565s ]

