[ 2017-11-23T09:24:22+08:00 ] 221.15.219.126 /admin
INFO: [ app_init ] --START--
INFO: Run Behavior\BuildLiteBehavior [ RunTime:0.000023s ]
INFO: [ app_init ] --END-- [ RunTime:0.000472s ]
INFO: [ app_begin ] --START--
INFO: Run Behavior\ReadHtmlCacheBehavior [ RunTime:0.000731s ]
INFO: [ app_begin ] --END-- [ RunTime:0.000795s ]
NOTIC: [8] Undefined index: is_login /www/web/renli/public_html/PC/Admin/Controller/AllowController.class.php 第 9 行.
INFO: [ view_parse ] --START--
INFO: [ template_filter ] --START--
INFO: Run Behavior\ContentReplaceBehavior [ RunTime:0.000041s ]
INFO: [ template_filter ] --END-- [ RunTime:0.000105s ]
INFO: Run Behavior\ParseTemplateBehavior [ RunTime:0.021671s ]
INFO: [ view_parse ] --END-- [ RunTime:0.021747s ]
INFO: [ view_filter ] --START--
INFO: Run Behavior\WriteHtmlCacheBehavior [ RunTime:0.000267s ]
INFO: [ view_filter ] --END-- [ RunTime:0.000306s ]

[ 2017-11-23T09:24:29+08:00 ] 221.15.219.126 /admin
INFO: [ app_init ] --START--
INFO: Run Behavior\BuildLiteBehavior [ RunTime:0.000017s ]
INFO: [ app_init ] --END-- [ RunTime:0.000408s ]
INFO: [ app_begin ] --START--
INFO: Run Behavior\ReadHtmlCacheBehavior [ RunTime:0.000503s ]
INFO: [ app_begin ] --END-- [ RunTime:0.000549s ]
NOTIC: [8] Undefined index: is_login /www/web/renli/public_html/PC/Admin/Controller/AllowController.class.php 第 9 行.
INFO: [ view_parse ] --START--
INFO: [ template_filter ] --START--
INFO: Run Behavior\ContentReplaceBehavior [ RunTime:0.000047s ]
INFO: [ template_filter ] --END-- [ RunTime:0.000105s ]
INFO: Run Behavior\ParseTemplateBehavior [ RunTime:0.004882s ]
INFO: [ view_parse ] --END-- [ RunTime:0.004924s ]
INFO: [ view_filter ] --START--
INFO: Run Behavior\WriteHtmlCacheBehavior [ RunTime:0.000218s ]
INFO: [ view_filter ] --END-- [ RunTime:0.000254s ]

[ 2017-11-23T09:24:32+08:00 ] 58.246.221.73 /admin
INFO: [ app_init ] --START--
INFO: Run Behavior\BuildLiteBehavior [ RunTime:0.000028s ]
INFO: [ app_init ] --END-- [ RunTime:0.000611s ]
INFO: [ app_begin ] --START--
INFO: Run Behavior\ReadHtmlCacheBehavior [ RunTime:0.000499s ]
INFO: [ app_begin ] --END-- [ RunTime:0.000546s ]
NOTIC: [8] Undefined index: is_login /www/web/renli/public_html/PC/Admin/Controller/AllowController.class.php 第 9 行.
INFO: [ view_parse ] --START--
INFO: [ template_filter ] --START--
INFO: Run Behavior\ContentReplaceBehavior [ RunTime:0.000042s ]
INFO: [ template_filter ] --END-- [ RunTime:0.000101s ]
INFO: Run Behavior\ParseTemplateBehavior [ RunTime:0.005479s ]
INFO: [ view_parse ] --END-- [ RunTime:0.005523s ]
INFO: [ view_filter ] --START--
INFO: Run Behavior\WriteHtmlCacheBehavior [ RunTime:0.000294s ]
INFO: [ view_filter ] --END-- [ RunTime:0.000332s ]

[ 2017-11-23T09:24:33+08:00 ] 221.15.219.126 /index.php/Admin/Login/index.html
INFO: [ app_init ] --START--
INFO: Run Behavior\BuildLiteBehavior [ RunTime:0.000017s ]
INFO: [ app_init ] --END-- [ RunTime:0.000371s ]
INFO: [ app_begin ] --START--
INFO: Run Behavior\ReadHtmlCacheBehavior [ RunTime:0.000481s ]
INFO: [ app_begin ] --END-- [ RunTime:0.000527s ]
INFO: [ view_parse ] --START--
INFO: [ template_filter ] --START--
INFO: Run Behavior\ContentReplaceBehavior [ RunTime:0.000052s ]
INFO: [ template_filter ] --END-- [ RunTime:0.000122s ]
INFO: Run Behavior\ParseTemplateBehavior [ RunTime:0.021329s ]
INFO: [ view_parse ] --END-- [ RunTime:0.021412s ]
INFO: [ view_filter ] --START--
INFO: Run Behavior\WriteHtmlCacheBehavior [ RunTime:0.000261s ]
INFO: [ view_filter ] --END-- [ RunTime:0.000318s ]
INFO: [ app_end ] --START--
INFO: Run Behavior\ShowPageTraceBehavior [ RunTime:0.000503s ]
INFO: [ app_end ] --END-- [ RunTime:0.000546s ]

[ 2017-11-23T09:24:42+08:00 ] 58.246.221.73 /index.php/Admin/Login/index.html
INFO: [ app_init ] --START--
INFO: Run Behavior\BuildLiteBehavior [ RunTime:0.000016s ]
INFO: [ app_init ] --END-- [ RunTime:0.000404s ]
INFO: [ app_begin ] --START--
INFO: Run Behavior\ReadHtmlCacheBehavior [ RunTime:0.000567s ]
INFO: [ app_begin ] --END-- [ RunTime:0.000614s ]
INFO: [ view_parse ] --START--
INFO: [ template_filter ] --START--
INFO: Run Behavior\ContentReplaceBehavior [ RunTime:0.000046s ]
INFO: [ template_filter ] --END-- [ RunTime:0.000101s ]
INFO: Run Behavior\ParseTemplateBehavior [ RunTime:0.005551s ]
INFO: [ view_parse ] --END-- [ RunTime:0.005596s ]
INFO: [ view_filter ] --START--
INFO: Run Behavior\WriteHtmlCacheBehavior [ RunTime:0.000284s ]
INFO: [ view_filter ] --END-- [ RunTime:0.000334s ]
INFO: [ app_end ] --START--
INFO: Run Behavior\ShowPageTraceBehavior [ RunTime:0.000491s ]
INFO: [ app_end ] --END-- [ RunTime:0.000530s ]

[ 2017-11-23T09:27:37+08:00 ] 221.15.219.126 /index.php/Admin/Login/login
INFO: [ app_init ] --START--
INFO: Run Behavior\BuildLiteBehavior [ RunTime:0.000019s ]
INFO: [ app_init ] --END-- [ RunTime:0.000369s ]
INFO: [ app_begin ] --START--
INFO: Run Behavior\ReadHtmlCacheBehavior [ RunTime:0.000475s ]
INFO: [ app_begin ] --END-- [ RunTime:0.000538s ]
SQL: SHOW COLUMNS FROM `manager` [ RunTime:0.0019s ]
SQL: SELECT * FROM `manager` WHERE ( username='135' AND password ='202cb962ac59075b964b07152d234b70' )  [ RunTime:0.0015s ]
INFO: [ view_parse ] --START--
INFO: [ template_filter ] --START--
INFO: Run Behavior\ContentReplaceBehavior [ RunTime:0.000044s ]
INFO: [ template_filter ] --END-- [ RunTime:0.000102s ]
INFO: Run Behavior\ParseTemplateBehavior [ RunTime:0.005821s ]
INFO: [ view_parse ] --END-- [ RunTime:0.005881s ]
INFO: [ view_filter ] --START--
INFO: Run Behavior\WriteHtmlCacheBehavior [ RunTime:0.000235s ]
INFO: [ view_filter ] --END-- [ RunTime:0.000273s ]
INFO: [ app_end ] --START--
INFO: Run Behavior\ShowPageTraceBehavior [ RunTime:0.000600s ]
INFO: [ app_end ] --END-- [ RunTime:0.000645s ]

[ 2017-11-23T09:27:38+08:00 ] 221.15.219.126 /index.php/Admin/Index/index.html
INFO: [ app_init ] --START--
INFO: Run Behavior\BuildLiteBehavior [ RunTime:0.000016s ]
INFO: [ app_init ] --END-- [ RunTime:0.000360s ]
INFO: [ app_begin ] --START--
INFO: Run Behavior\ReadHtmlCacheBehavior [ RunTime:0.000459s ]
INFO: [ app_begin ] --END-- [ RunTime:0.000506s ]
INFO: [ view_parse ] --START--
NOTIC: [2] file_get_contents(./PC/Admin/View/Public/header.html): failed to open stream: No such file or directory /www/web/renli/public_html/ThinkPHP/Library/Think/Template.class.php 第 696 行.
INFO: [ template_filter ] --START--
INFO: Run Behavior\ContentReplaceBehavior [ RunTime:0.000076s ]
INFO: [ template_filter ] --END-- [ RunTime:0.000140s ]
INFO: Run Behavior\ParseTemplateBehavior [ RunTime:0.052213s ]
INFO: [ view_parse ] --END-- [ RunTime:0.052381s ]
INFO: [ view_filter ] --START--
INFO: Run Behavior\WriteHtmlCacheBehavior [ RunTime:0.000232s ]
INFO: [ view_filter ] --END-- [ RunTime:0.000269s ]
INFO: [ app_end ] --START--
INFO: Run Behavior\ShowPageTraceBehavior [ RunTime:0.000493s ]
INFO: [ app_end ] --END-- [ RunTime:0.000540s ]

[ 2017-11-23T09:27:47+08:00 ] 221.15.219.126 /index.php/Admin/Company/index
INFO: [ app_init ] --START--
INFO: Run Behavior\BuildLiteBehavior [ RunTime:0.000017s ]
INFO: [ app_init ] --END-- [ RunTime:0.000452s ]
INFO: [ app_begin ] --START--
INFO: Run Behavior\ReadHtmlCacheBehavior [ RunTime:0.000556s ]
INFO: [ app_begin ] --END-- [ RunTime:0.000601s ]
SQL: SHOW COLUMNS FROM `company` [ RunTime:0.0021s ]
SQL: SELECT COUNT(*) AS tp_count FROM `company` LIMIT 1   [ RunTime:0.0015s ]
SQL: SELECT * FROM `company` ORDER BY id desc LIMIT 0,20   [ RunTime:0.0041s ]
INFO: [ view_parse ] --START--
NOTIC: [2] file_get_contents(./PC/Admin/View/Public/header.html): failed to open stream: No such file or directory /www/web/renli/public_html/ThinkPHP/Library/Think/Template.class.php 第 696 行.
INFO: [ template_filter ] --START--
INFO: Run Behavior\ContentReplaceBehavior [ RunTime:0.000088s ]
INFO: [ template_filter ] --END-- [ RunTime:0.000156s ]
NOTIC: [8] Undefined index: title /www/web/renli/public_html/PC/Runtime/Cache/Admin/11dc77ca39aa5209db4e213822c9bd86.php 第 300 行.
INFO: Run Behavior\ParseTemplateBehavior [ RunTime:0.040463s ]
INFO: [ view_parse ] --END-- [ RunTime:0.040574s ]
INFO: [ view_filter ] --START--
INFO: Run Behavior\WriteHtmlCacheBehavior [ RunTime:0.000378s ]
INFO: [ view_filter ] --END-- [ RunTime:0.000434s ]
INFO: [ app_end ] --START--
INFO: Run Behavior\ShowPageTraceBehavior [ RunTime:0.000592s ]
INFO: [ app_end ] --END-- [ RunTime:0.000666s ]

[ 2017-11-23T09:27:48+08:00 ] 58.246.221.74 /index.php/Admin/Index/index.html
INFO: [ app_init ] --START--
INFO: Run Behavior\BuildLiteBehavior [ RunTime:0.000025s ]
INFO: [ app_init ] --END-- [ RunTime:0.000462s ]
INFO: [ app_begin ] --START--
INFO: Run Behavior\ReadHtmlCacheBehavior [ RunTime:0.000495s ]
INFO: [ app_begin ] --END-- [ RunTime:0.000542s ]
NOTIC: [8] Undefined index: is_login /www/web/renli/public_html/PC/Admin/Controller/AllowController.class.php 第 9 行.
INFO: [ view_parse ] --START--
INFO: [ template_filter ] --START--
INFO: Run Behavior\ContentReplaceBehavior [ RunTime:0.000044s ]
INFO: [ template_filter ] --END-- [ RunTime:0.000130s ]
INFO: Run Behavior\ParseTemplateBehavior [ RunTime:0.005463s ]
INFO: [ view_parse ] --END-- [ RunTime:0.005518s ]
INFO: [ view_filter ] --START--
INFO: Run Behavior\WriteHtmlCacheBehavior [ RunTime:0.000227s ]
INFO: [ view_filter ] --END-- [ RunTime:0.000263s ]

[ 2017-11-23T09:27:51+08:00 ] 221.15.219.126 /index.php/Admin/Info/index
INFO: [ app_init ] --START--
INFO: Run Behavior\BuildLiteBehavior [ RunTime:0.000018s ]
INFO: [ app_init ] --END-- [ RunTime:0.000459s ]
INFO: [ app_begin ] --START--
INFO: Run Behavior\ReadHtmlCacheBehavior [ RunTime:0.000469s ]
INFO: [ app_begin ] --END-- [ RunTime:0.000515s ]
SQL: SHOW COLUMNS FROM `officialinfo` [ RunTime:0.0019s ]
SQL: SELECT COUNT(*) AS tp_count FROM `officialinfo` LIMIT 1   [ RunTime:0.0014s ]
SQL: SELECT * FROM `officialinfo` ORDER BY id desc LIMIT 0,20   [ RunTime:0.0036s ]
INFO: [ view_parse ] --START--
NOTIC: [2] file_get_contents(./PC/Admin/View/Public/header.html): failed to open stream: No such file or directory /www/web/renli/public_html/ThinkPHP/Library/Think/Template.class.php 第 696 行.
INFO: [ template_filter ] --START--
INFO: Run Behavior\ContentReplaceBehavior [ RunTime:0.000101s ]
INFO: [ template_filter ] --END-- [ RunTime:0.000163s ]
NOTIC: [8] Undefined index: name /www/web/renli/public_html/PC/Runtime/Cache/Admin/6402156b4616ce8f56b4ea949759c31f.php 第 245 行.
NOTIC: [8] Undefined variable: vale /www/web/renli/public_html/PC/Runtime/Cache/Admin/6402156b4616ce8f56b4ea949759c31f.php 第 275 行.
NOTIC: [8] Undefined variable: vale /www/web/renli/public_html/PC/Runtime/Cache/Admin/6402156b4616ce8f56b4ea949759c31f.php 第 276 行.
NOTIC: [8] Undefined variable: vale /www/web/renli/public_html/PC/Runtime/Cache/Admin/6402156b4616ce8f56b4ea949759c31f.php 第 277 行.
NOTIC: [8] Undefined variable: vale /www/web/renli/public_html/PC/Runtime/Cache/Admin/6402156b4616ce8f56b4ea949759c31f.php 第 281 行.
NOTIC: [8] Undefined variable: vale /www/web/renli/public_html/PC/Runtime/Cache/Admin/6402156b4616ce8f56b4ea949759c31f.php 第 282 行.
NOTIC: [8] Undefined variable: vale /www/web/renli/public_html/PC/Runtime/Cache/Admin/6402156b4616ce8f56b4ea949759c31f.php 第 282 行.
NOTIC: [8] Undefined variable: vale /www/web/renli/public_html/PC/Runtime/Cache/Admin/6402156b4616ce8f56b4ea949759c31f.php 第 286 行.
NOTIC: [8] Undefined variable: vale /www/web/renli/public_html/PC/Runtime/Cache/Admin/6402156b4616ce8f56b4ea949759c31f.php 第 286 行.
NOTIC: [8] Undefined variable: vale /www/web/renli/public_html/PC/Runtime/Cache/Admin/6402156b4616ce8f56b4ea949759c31f.php 第 287 行.
NOTIC: [8] Undefined variable: vale /www/web/renli/public_html/PC/Runtime/Cache/Admin/6402156b4616ce8f56b4ea949759c31f.php 第 294 行.
NOTIC: [8] Undefined variable: vale /www/web/renli/public_html/PC/Runtime/Cache/Admin/6402156b4616ce8f56b4ea949759c31f.php 第 275 行.
NOTIC: [8] Undefined variable: vale /www/web/renli/public_html/PC/Runtime/Cache/Admin/6402156b4616ce8f56b4ea949759c31f.php 第 276 行.
NOTIC: [8] Undefined variable: vale /www/web/renli/public_html/PC/Runtime/Cache/Admin/6402156b4616ce8f56b4ea949759c31f.php 第 277 行.
NOTIC: [8] Undefined variable: vale /www/web/renli/public_html/PC/Runtime/Cache/Admin/6402156b4616ce8f56b4ea949759c31f.php 第 281 行.
NOTIC: [8] Undefined variable: vale /www/web/renli/public_html/PC/Runtime/Cache/Admin/6402156b4616ce8f56b4ea949759c31f.php 第 282 行.
NOTIC: [8] Undefined variable: vale /www/web/renli/public_html/PC/Runtime/Cache/Admin/6402156b4616ce8f56b4ea949759c31f.php 第 282 行.
NOTIC: [8] Undefined variable: vale /www/web/renli/public_html/PC/Runtime/Cache/Admin/6402156b4616ce8f56b4ea949759c31f.php 第 286 行.
NOTIC: [8] Undefined variable: vale /www/web/renli/public_html/PC/Runtime/Cache/Admin/6402156b4616ce8f56b4ea949759c31f.php 第 286 行.
NOTIC: [8] Undefined variable: vale /www/web/renli/public_html/PC/Runtime/Cache/Admin/6402156b4616ce8f56b4ea949759c31f.php 第 287 行.
NOTIC: [8] Undefined variable: vale /www/web/renli/public_html/PC/Runtime/Cache/Admin/6402156b4616ce8f56b4ea949759c31f.php 第 294 行.
NOTIC: [8] Undefined variable: vale /www/web/renli/public_html/PC/Runtime/Cache/Admin/6402156b4616ce8f56b4ea949759c31f.php 第 275 行.
NOTIC: [8] Undefined variable: vale /www/web/renli/public_html/PC/Runtime/Cache/Admin/6402156b4616ce8f56b4ea949759c31f.php 第 276 行.
NOTIC: [8] Undefined variable: vale /www/web/renli/public_html/PC/Runtime/Cache/Admin/6402156b4616ce8f56b4ea949759c31f.php 第 277 行.
NOTIC: [8] Undefined variable: vale /www/web/renli/public_html/PC/Runtime/Cache/Admin/6402156b4616ce8f56b4ea949759c31f.php 第 281 行.
NOTIC: [8] Undefined variable: vale /www/web/renli/public_html/PC/Runtime/Cache/Admin/6402156b4616ce8f56b4ea949759c31f.php 第 282 行.
NOTIC: [8] Undefined variable: vale /www/web/renli/public_html/PC/Runtime/Cache/Admin/6402156b4616ce8f56b4ea949759c31f.php 第 282 行.
NOTIC: [8] Undefined variable: vale /www/web/renli/public_html/PC/Runtime/Cache/Admin/6402156b4616ce8f56b4ea949759c31f.php 第 286 行.
NOTIC: [8] Undefined variable: vale /www/web/renli/public_html/PC/Runtime/Cache/Admin/6402156b4616ce8f56b4ea949759c31f.php 第 286 行.
NOTIC: [8] Undefined variable: vale /www/web/renli/public_html/PC/Runtime/Cache/Admin/6402156b4616ce8f56b4ea949759c31f.php 第 287 行.
NOTIC: [8] Undefined variable: vale /www/web/renli/public_html/PC/Runtime/Cache/Admin/6402156b4616ce8f56b4ea949759c31f.php 第 294 行.
NOTIC: [8] Undefined variable: vale /www/web/renli/public_html/PC/Runtime/Cache/Admin/6402156b4616ce8f56b4ea949759c31f.php 第 275 行.
NOTIC: [8] Undefined variable: vale /www/web/renli/public_html/PC/Runtime/Cache/Admin/6402156b4616ce8f56b4ea949759c31f.php 第 276 行.
NOTIC: [8] Undefined variable: vale /www/web/renli/public_html/PC/Runtime/Cache/Admin/6402156b4616ce8f56b4ea949759c31f.php 第 277 行.
NOTIC: [8] Undefined variable: vale /www/web/renli/public_html/PC/Runtime/Cache/Admin/6402156b4616ce8f56b4ea949759c31f.php 第 281 行.
NOTIC: [8] Undefined variable: vale /www/web/renli/public_html/PC/Runtime/Cache/Admin/6402156b4616ce8f56b4ea949759c31f.php 第 282 行.
NOTIC: [8] Undefined variable: vale /www/web/renli/public_html/PC/Runtime/Cache/Admin/6402156b4616ce8f56b4ea949759c31f.php 第 282 行.
NOTIC: [8] Undefined variable: vale /www/web/renli/public_html/PC/Runtime/Cache/Admin/6402156b4616ce8f56b4ea949759c31f.php 第 286 行.
NOTIC: [8] Undefined variable: vale /www/web/renli/public_html/PC/Runtime/Cache/Admin/6402156b4616ce8f56b4ea949759c31f.php 第 286 行.
NOTIC: [8] Undefined variable: vale /www/web/renli/public_html/PC/Runtime/Cache/Admin/6402156b4616ce8f56b4ea949759c31f.php 第 287 行.
NOTIC: [8] Undefined variable: vale /www/web/renli/public_html/PC/Runtime/Cache/Admin/6402156b4616ce8f56b4ea949759c31f.php 第 294 行.
NOTIC: [8] Undefined variable: vale /www/web/renli/public_html/PC/Runtime/Cache/Admin/6402156b4616ce8f56b4ea949759c31f.php 第 275 行.
NOTIC: [8] Undefined variable: vale /www/web/renli/public_html/PC/Runtime/Cache/Admin/6402156b4616ce8f56b4ea949759c31f.php 第 276 行.
NOTIC: [8] Undefined variable: vale /www/web/renli/public_html/PC/Runtime/Cache/Admin/6402156b4616ce8f56b4ea949759c31f.php 第 277 行.
NOTIC: [8] Undefined variable: vale /www/web/renli/public_html/PC/Runtime/Cache/Admin/6402156b4616ce8f56b4ea949759c31f.php 第 281 行.
NOTIC: [8] Undefined variable: vale /www/web/renli/public_html/PC/Runtime/Cache/Admin/6402156b4616ce8f56b4ea949759c31f.php 第 282 行.
NOTIC: [8] Undefined variable: vale /www/web/renli/public_html/PC/Runtime/Cache/Admin/6402156b4616ce8f56b4ea949759c31f.php 第 282 行.
NOTIC: [8] Undefined variable: vale /www/web/renli/public_html/PC/Runtime/Cache/Admin/6402156b4616ce8f56b4ea949759c31f.php 第 286 行.
NOTIC: [8] Undefined variable: vale /www/web/renli/public_html/PC/Runtime/Cache/Admin/6402156b4616ce8f56b4ea949759c31f.php 第 286 行.
NOTIC: [8] Undefined variable: vale /www/web/renli/public_html/PC/Runtime/Cache/Admin/6402156b4616ce8f56b4ea949759c31f.php 第 287 行.
NOTIC: [8] Undefined variable: vale /www/web/renli/public_html/PC/Runtime/Cache/Admin/6402156b4616ce8f56b4ea949759c31f.php 第 294 行.
NOTIC: [8] Undefined variable: vale /www/web/renli/public_html/PC/Runtime/Cache/Admin/6402156b4616ce8f56b4ea949759c31f.php 第 275 行.
NOTIC: [8] Undefined variable: vale /www/web/renli/public_html/PC/Runtime/Cache/Admin/6402156b4616ce8f56b4ea949759c31f.php 第 276 行.
NOTIC: [8] Undefined variable: vale /www/web/renli/public_html/PC/Runtime/Cache/Admin/6402156b4616ce8f56b4ea949759c31f.php 第 277 行.
NOTIC: [8] Undefined variable: vale /www/web/renli/public_html/PC/Runtime/Cache/Admin/6402156b4616ce8f56b4ea949759c31f.php 第 281 行.
NOTIC: [8] Undefined variable: vale /www/web/renli/public_html/PC/Runtime/Cache/Admin/6402156b4616ce8f56b4ea949759c31f.php 第 282 行.
NOTIC: [8] Undefined variable: vale /www/web/renli/public_html/PC/Runtime/Cache/Admin/6402156b4616ce8f56b4ea949759c31f.php 第 282 行.
NOTIC: [8] Undefined variable: vale /www/web/renli/public_html/PC/Runtime/Cache/Admin/6402156b4616ce8f56b4ea949759c31f.php 第 286 行.
NOTIC: [8] Undefined variable: vale /www/web/renli/public_html/PC/Runtime/Cache/Admin/6402156b4616ce8f56b4ea949759c31f.php 第 286 行.
NOTIC: [8] Undefined variable: vale /www/web/renli/public_html/PC/Runtime/Cache/Admin/6402156b4616ce8f56b4ea949759c31f.php 第 287 行.
NOTIC: [8] Undefined variable: vale /www/web/renli/public_html/PC/Runtime/Cache/Admin/6402156b4616ce8f56b4ea949759c31f.php 第 294 行.
INFO: Run Behavior\ParseTemplateBehavior [ RunTime:0.039988s ]
INFO: [ view_parse ] --END-- [ RunTime:0.040056s ]
INFO: [ view_filter ] --START--
INFO: Run Behavior\WriteHtmlCacheBehavior [ RunTime:0.000234s ]
INFO: [ view_filter ] --END-- [ RunTime:0.000272s ]
INFO: [ app_end ] --START--
INFO: Run Behavior\ShowPageTraceBehavior [ RunTime:0.000510s ]
INFO: [ app_end ] --END-- [ RunTime:0.000554s ]

[ 2017-11-23T09:27:55+08:00 ] 221.15.219.126 /index.php/Admin/Info/edit/id/15
INFO: [ app_init ] --START--
INFO: Run Behavior\BuildLiteBehavior [ RunTime:0.000018s ]
INFO: [ app_init ] --END-- [ RunTime:0.000376s ]
INFO: [ app_begin ] --START--
INFO: Run Behavior\ReadHtmlCacheBehavior [ RunTime:0.000578s ]
INFO: [ app_begin ] --END-- [ RunTime:0.000623s ]
SQL: SHOW COLUMNS FROM `officialinfo` [ RunTime:0.0022s ]
SQL: SELECT * FROM `officialinfo` WHERE ( id='15' )  [ RunTime:0.0018s ]
INFO: [ view_parse ] --START--
NOTIC: [2] file_get_contents(./PC/Admin/View/Public/header.html): failed to open stream: No such file or directory /www/web/renli/public_html/ThinkPHP/Library/Think/Template.class.php 第 696 行.
INFO: [ template_filter ] --START--
INFO: Run Behavior\ContentReplaceBehavior [ RunTime:0.000108s ]
INFO: [ template_filter ] --END-- [ RunTime:0.000207s ]
NOTIC: [8] Use of undefined constant title - assumed 'title' /www/web/renli/public_html/PC/Runtime/Cache/Admin/f1baee2e09a29b07fe935beaa340aad7.php 第 240 行.
NOTIC: [8] Use of undefined constant id - assumed 'id' /www/web/renli/public_html/PC/Runtime/Cache/Admin/f1baee2e09a29b07fe935beaa340aad7.php 第 241 行.
NOTIC: [8] Use of undefined constant content - assumed 'content' /www/web/renli/public_html/PC/Runtime/Cache/Admin/f1baee2e09a29b07fe935beaa340aad7.php 第 255 行.
INFO: Run Behavior\ParseTemplateBehavior [ RunTime:0.022488s ]
INFO: [ view_parse ] --END-- [ RunTime:0.022537s ]
INFO: [ view_filter ] --START--
INFO: Run Behavior\WriteHtmlCacheBehavior [ RunTime:0.000298s ]
INFO: [ view_filter ] --END-- [ RunTime:0.000336s ]
INFO: [ app_end ] --START--
INFO: Run Behavior\ShowPageTraceBehavior [ RunTime:0.000574s ]
INFO: [ app_end ] --END-- [ RunTime:0.000635s ]

[ 2017-11-23T09:27:57+08:00 ] 112.65.193.15 /index.php/Admin/Company/index
INFO: [ app_init ] --START--
INFO: Run Behavior\BuildLiteBehavior [ RunTime:0.000017s ]
INFO: [ app_init ] --END-- [ RunTime:0.000374s ]
INFO: [ app_begin ] --START--
INFO: Run Behavior\ReadHtmlCacheBehavior [ RunTime:0.000450s ]
INFO: [ app_begin ] --END-- [ RunTime:0.000495s ]
NOTIC: [8] Undefined index: is_login /www/web/renli/public_html/PC/Admin/Controller/AllowController.class.php 第 9 行.
INFO: [ view_parse ] --START--
INFO: [ template_filter ] --START--
INFO: Run Behavior\ContentReplaceBehavior [ RunTime:0.000037s ]
INFO: [ template_filter ] --END-- [ RunTime:0.000090s ]
INFO: Run Behavior\ParseTemplateBehavior [ RunTime:0.004926s ]
INFO: [ view_parse ] --END-- [ RunTime:0.004968s ]
INFO: [ view_filter ] --START--
INFO: Run Behavior\WriteHtmlCacheBehavior [ RunTime:0.000219s ]
INFO: [ view_filter ] --END-- [ RunTime:0.000255s ]

[ 2017-11-23T09:28:01+08:00 ] 112.65.193.14 /index.php/Admin/Info/index
INFO: [ app_init ] --START--
INFO: Run Behavior\BuildLiteBehavior [ RunTime:0.000018s ]
INFO: [ app_init ] --END-- [ RunTime:0.000366s ]
INFO: [ app_begin ] --START--
INFO: Run Behavior\ReadHtmlCacheBehavior [ RunTime:0.000458s ]
INFO: [ app_begin ] --END-- [ RunTime:0.000517s ]
NOTIC: [8] Undefined index: is_login /www/web/renli/public_html/PC/Admin/Controller/AllowController.class.php 第 9 行.
INFO: [ view_parse ] --START--
INFO: [ template_filter ] --START--
INFO: Run Behavior\ContentReplaceBehavior [ RunTime:0.000057s ]
INFO: [ template_filter ] --END-- [ RunTime:0.000120s ]
INFO: Run Behavior\ParseTemplateBehavior [ RunTime:0.005584s ]
INFO: [ view_parse ] --END-- [ RunTime:0.005626s ]
INFO: [ view_filter ] --START--
INFO: Run Behavior\WriteHtmlCacheBehavior [ RunTime:0.000222s ]
INFO: [ view_filter ] --END-- [ RunTime:0.000257s ]

[ 2017-11-23T09:28:05+08:00 ] 58.246.221.73 /index.php/Admin/Info/edit/id/15
INFO: [ app_init ] --START--
INFO: Run Behavior\BuildLiteBehavior [ RunTime:0.000017s ]
INFO: [ app_init ] --END-- [ RunTime:0.000437s ]
INFO: [ app_begin ] --START--
INFO: Run Behavior\ReadHtmlCacheBehavior [ RunTime:0.000464s ]
INFO: [ app_begin ] --END-- [ RunTime:0.000509s ]
NOTIC: [8] Undefined index: is_login /www/web/renli/public_html/PC/Admin/Controller/AllowController.class.php 第 9 行.
INFO: [ view_parse ] --START--
INFO: [ template_filter ] --START--
INFO: Run Behavior\ContentReplaceBehavior [ RunTime:0.000035s ]
INFO: [ template_filter ] --END-- [ RunTime:0.000098s ]
INFO: Run Behavior\ParseTemplateBehavior [ RunTime:0.005140s ]
INFO: [ view_parse ] --END-- [ RunTime:0.005182s ]
INFO: [ view_filter ] --START--
INFO: Run Behavior\WriteHtmlCacheBehavior [ RunTime:0.000266s ]
INFO: [ view_filter ] --END-- [ RunTime:0.000302s ]

[ 2017-11-23T09:28:10+08:00 ] 221.15.219.126 /index.php/Admin/Info/edit/id/14
INFO: [ app_init ] --START--
INFO: Run Behavior\BuildLiteBehavior [ RunTime:0.000016s ]
INFO: [ app_init ] --END-- [ RunTime:0.000383s ]
INFO: [ app_begin ] --START--
INFO: Run Behavior\ReadHtmlCacheBehavior [ RunTime:0.000533s ]
INFO: [ app_begin ] --END-- [ RunTime:0.000584s ]
SQL: SHOW COLUMNS FROM `officialinfo` [ RunTime:0.0019s ]
SQL: SELECT * FROM `officialinfo` WHERE ( id='14' )  [ RunTime:0.0016s ]
INFO: [ view_parse ] --START--
NOTIC: [2] file_get_contents(./PC/Admin/View/Public/header.html): failed to open stream: No such file or directory /www/web/renli/public_html/ThinkPHP/Library/Think/Template.class.php 第 696 行.
INFO: [ template_filter ] --START--
INFO: Run Behavior\ContentReplaceBehavior [ RunTime:0.000112s ]
INFO: [ template_filter ] --END-- [ RunTime:0.000182s ]
NOTIC: [8] Use of undefined constant title - assumed 'title' /www/web/renli/public_html/PC/Runtime/Cache/Admin/f1baee2e09a29b07fe935beaa340aad7.php 第 240 行.
NOTIC: [8] Use of undefined constant id - assumed 'id' /www/web/renli/public_html/PC/Runtime/Cache/Admin/f1baee2e09a29b07fe935beaa340aad7.php 第 241 行.
NOTIC: [8] Use of undefined constant content - assumed 'content' /www/web/renli/public_html/PC/Runtime/Cache/Admin/f1baee2e09a29b07fe935beaa340aad7.php 第 255 行.
INFO: Run Behavior\ParseTemplateBehavior [ RunTime:0.010763s ]
INFO: [ view_parse ] --END-- [ RunTime:0.010816s ]
INFO: [ view_filter ] --START--
INFO: Run Behavior\WriteHtmlCacheBehavior [ RunTime:0.000281s ]
INFO: [ view_filter ] --END-- [ RunTime:0.000332s ]
INFO: [ app_end ] --START--
INFO: Run Behavior\ShowPageTraceBehavior [ RunTime:0.000555s ]
INFO: [ app_end ] --END-- [ RunTime:0.000612s ]

[ 2017-11-23T09:30:37+08:00 ] 221.15.219.126 /index.php/Admin/Info/update
INFO: [ app_init ] --START--
INFO: Run Behavior\BuildLiteBehavior [ RunTime:0.000018s ]
INFO: [ app_init ] --END-- [ RunTime:0.000372s ]
INFO: [ app_begin ] --START--
INFO: Run Behavior\ReadHtmlCacheBehavior [ RunTime:0.000478s ]
INFO: [ app_begin ] --END-- [ RunTime:0.000522s ]
SQL: SHOW COLUMNS FROM `officialinfo` [ RunTime:0.0019s ]
SQL: UPDATE `officialinfo` SET `title`='龙子人力资源助学金提现规则',`content`='<p style=\"text-align: justify; line-height: 1.75em; margin-bottom: 5px; margin-top: 5px;\"><span style=\"letter-spacing: 0px; background: rgb(255, 255, 255); font-family: 微软雅黑, &quot;Microsoft YaHei&quot;; font-size: 14px;\"></span></p><p style=\"text-align: justify; line-height: 1.75em; margin-bottom: 5px; margin-top: 5px;\"><span style=\"letter-spacing: 0px; background: rgb(255, 255, 255); font-size: 14px; font-family: 微软雅黑, &quot;Microsoft YaHei&quot;;\">1、凡是在龙子人力资源官方网站报名参加寒暑假实习的同学即有机会获得由龙子人力资源资助的助学金。</span></p><p style=\"text-align: justify; line-height: 1.75em; margin-bottom: 5px; margin-top: 5px;\"><span style=\"letter-spacing: 0px; background: rgb(255, 255, 255); font-size: 14px; font-family: 微软雅黑, &quot;Microsoft YaHei&quot;;\">2、助学金提现需要完成用人单位规定的工作日（以用人单位的实际工时要求为准）的工作，实习期结束后才可以提现。</span></p><p style=\"text-align: justify; line-height: 1.75em; margin-bottom: 5px; margin-top: 5px;\"><span style=\"letter-spacing: 0px; background: rgb(255, 255, 255); font-size: 14px; font-family: 微软雅黑, &quot;Microsoft YaHei&quot;;\">3、实习期结束，根据用人单位提供的实习考核情况，龙子人力资源资助相应的助学金，助学金200-1000元。</span></p><p style=\"text-align: justify; line-height: 1.75em; margin-bottom: 5px; margin-top: 5px;\"><span style=\"letter-spacing: 0px; background: rgb(255, 255, 255); font-size: 14px; font-family: 微软雅黑, &quot;Microsoft YaHei&quot;;\">4、以上内容龙子人力资源具有最终解释权。</span></p><p style=\"line-height: 1.75em; margin-bottom: 5px; margin-top: 5px;\"><span style=\"font-family: 微软雅黑, &quot;Microsoft YaHei&quot;; font-size: 14px;\">&nbsp;</span><span style=\"letter-spacing: 0px; background: rgb(255, 255, 255); font-size: 14px; font-family: 微软雅黑, &quot;Microsoft YaHei&quot;;\"></span></p><p style=\"text-align: justify; line-height: 1.75em; margin-bottom: 5px; margin-top: 5px;\"><span style=\"letter-spacing: 0px; background: rgb(255, 255, 255); font-family: 微软雅黑, &quot;Microsoft YaHei&quot;; font-size: 14px;\"><br/></span></p><p><br/></p>' WHERE ( id='14' ) [ RunTime:0.0028s ]
INFO: [ view_parse ] --START--
INFO: [ template_filter ] --START--
INFO: Run Behavior\ContentReplaceBehavior [ RunTime:0.000044s ]
INFO: [ template_filter ] --END-- [ RunTime:0.000106s ]
INFO: Run Behavior\ParseTemplateBehavior [ RunTime:0.005705s ]
INFO: [ view_parse ] --END-- [ RunTime:0.005766s ]
INFO: [ view_filter ] --START--
INFO: Run Behavior\WriteHtmlCacheBehavior [ RunTime:0.000224s ]
INFO: [ view_filter ] --END-- [ RunTime:0.000261s ]
INFO: [ app_end ] --START--
INFO: Run Behavior\ShowPageTraceBehavior [ RunTime:0.000538s ]
INFO: [ app_end ] --END-- [ RunTime:0.000580s ]

[ 2017-11-23T09:30:38+08:00 ] 221.15.219.126 /index.php/Admin/Info/index.html
INFO: [ app_init ] --START--
INFO: Run Behavior\BuildLiteBehavior [ RunTime:0.000020s ]
INFO: [ app_init ] --END-- [ RunTime:0.000387s ]
INFO: [ app_begin ] --START--
INFO: Run Behavior\ReadHtmlCacheBehavior [ RunTime:0.000477s ]
INFO: [ app_begin ] --END-- [ RunTime:0.000523s ]
SQL: SHOW COLUMNS FROM `officialinfo` [ RunTime:0.0019s ]
SQL: SELECT COUNT(*) AS tp_count FROM `officialinfo` LIMIT 1   [ RunTime:0.0014s ]
SQL: SELECT * FROM `officialinfo` ORDER BY id desc LIMIT 0,20   [ RunTime:0.0036s ]
INFO: [ view_parse ] --START--
NOTIC: [2] file_get_contents(./PC/Admin/View/Public/header.html): failed to open stream: No such file or directory /www/web/renli/public_html/ThinkPHP/Library/Think/Template.class.php 第 696 行.
INFO: [ template_filter ] --START--
INFO: Run Behavior\ContentReplaceBehavior [ RunTime:0.000102s ]
INFO: [ template_filter ] --END-- [ RunTime:0.000162s ]
NOTIC: [8] Undefined index: name /www/web/renli/public_html/PC/Runtime/Cache/Admin/6402156b4616ce8f56b4ea949759c31f.php 第 245 行.
NOTIC: [8] Undefined variable: vale /www/web/renli/public_html/PC/Runtime/Cache/Admin/6402156b4616ce8f56b4ea949759c31f.php 第 275 行.
NOTIC: [8] Undefined variable: vale /www/web/renli/public_html/PC/Runtime/Cache/Admin/6402156b4616ce8f56b4ea949759c31f.php 第 276 行.
NOTIC: [8] Undefined variable: vale /www/web/renli/public_html/PC/Runtime/Cache/Admin/6402156b4616ce8f56b4ea949759c31f.php 第 277 行.
NOTIC: [8] Undefined variable: vale /www/web/renli/public_html/PC/Runtime/Cache/Admin/6402156b4616ce8f56b4ea949759c31f.php 第 281 行.
NOTIC: [8] Undefined variable: vale /www/web/renli/public_html/PC/Runtime/Cache/Admin/6402156b4616ce8f56b4ea949759c31f.php 第 282 行.
NOTIC: [8] Undefined variable: vale /www/web/renli/public_html/PC/Runtime/Cache/Admin/6402156b4616ce8f56b4ea949759c31f.php 第 282 行.
NOTIC: [8] Undefined variable: vale /www/web/renli/public_html/PC/Runtime/Cache/Admin/6402156b4616ce8f56b4ea949759c31f.php 第 286 行.
NOTIC: [8] Undefined variable: vale /www/web/renli/public_html/PC/Runtime/Cache/Admin/6402156b4616ce8f56b4ea949759c31f.php 第 286 行.
NOTIC: [8] Undefined variable: vale /www/web/renli/public_html/PC/Runtime/Cache/Admin/6402156b4616ce8f56b4ea949759c31f.php 第 287 行.
NOTIC: [8] Undefined variable: vale /www/web/renli/public_html/PC/Runtime/Cache/Admin/6402156b4616ce8f56b4ea949759c31f.php 第 294 行.
NOTIC: [8] Undefined variable: vale /www/web/renli/public_html/PC/Runtime/Cache/Admin/6402156b4616ce8f56b4ea949759c31f.php 第 275 行.
NOTIC: [8] Undefined variable: vale /www/web/renli/public_html/PC/Runtime/Cache/Admin/6402156b4616ce8f56b4ea949759c31f.php 第 276 行.
NOTIC: [8] Undefined variable: vale /www/web/renli/public_html/PC/Runtime/Cache/Admin/6402156b4616ce8f56b4ea949759c31f.php 第 277 行.
NOTIC: [8] Undefined variable: vale /www/web/renli/public_html/PC/Runtime/Cache/Admin/6402156b4616ce8f56b4ea949759c31f.php 第 281 行.
NOTIC: [8] Undefined variable: vale /www/web/renli/public_html/PC/Runtime/Cache/Admin/6402156b4616ce8f56b4ea949759c31f.php 第 282 行.
NOTIC: [8] Undefined variable: vale /www/web/renli/public_html/PC/Runtime/Cache/Admin/6402156b4616ce8f56b4ea949759c31f.php 第 282 行.
NOTIC: [8] Undefined variable: vale /www/web/renli/public_html/PC/Runtime/Cache/Admin/6402156b4616ce8f56b4ea949759c31f.php 第 286 行.
NOTIC: [8] Undefined variable: vale /www/web/renli/public_html/PC/Runtime/Cache/Admin/6402156b4616ce8f56b4ea949759c31f.php 第 286 行.
NOTIC: [8] Undefined variable: vale /www/web/renli/public_html/PC/Runtime/Cache/Admin/6402156b4616ce8f56b4ea949759c31f.php 第 287 行.
NOTIC: [8] Undefined variable: vale /www/web/renli/public_html/PC/Runtime/Cache/Admin/6402156b4616ce8f56b4ea949759c31f.php 第 294 行.
NOTIC: [8] Undefined variable: vale /www/web/renli/public_html/PC/Runtime/Cache/Admin/6402156b4616ce8f56b4ea949759c31f.php 第 275 行.
NOTIC: [8] Undefined variable: vale /www/web/renli/public_html/PC/Runtime/Cache/Admin/6402156b4616ce8f56b4ea949759c31f.php 第 276 行.
NOTIC: [8] Undefined variable: vale /www/web/renli/public_html/PC/Runtime/Cache/Admin/6402156b4616ce8f56b4ea949759c31f.php 第 277 行.
NOTIC: [8] Undefined variable: vale /www/web/renli/public_html/PC/Runtime/Cache/Admin/6402156b4616ce8f56b4ea949759c31f.php 第 281 行.
NOTIC: [8] Undefined variable: vale /www/web/renli/public_html/PC/Runtime/Cache/Admin/6402156b4616ce8f56b4ea949759c31f.php 第 282 行.
NOTIC: [8] Undefined variable: vale /www/web/renli/public_html/PC/Runtime/Cache/Admin/6402156b4616ce8f56b4ea949759c31f.php 第 282 行.
NOTIC: [8] Undefined variable: vale /www/web/renli/public_html/PC/Runtime/Cache/Admin/6402156b4616ce8f56b4ea949759c31f.php 第 286 行.
NOTIC: [8] Undefined variable: vale /www/web/renli/public_html/PC/Runtime/Cache/Admin/6402156b4616ce8f56b4ea949759c31f.php 第 286 行.
NOTIC: [8] Undefined variable: vale /www/web/renli/public_html/PC/Runtime/Cache/Admin/6402156b4616ce8f56b4ea949759c31f.php 第 287 行.
NOTIC: [8] Undefined variable: vale /www/web/renli/public_html/PC/Runtime/Cache/Admin/6402156b4616ce8f56b4ea949759c31f.php 第 294 行.
NOTIC: [8] Undefined variable: vale /www/web/renli/public_html/PC/Runtime/Cache/Admin/6402156b4616ce8f56b4ea949759c31f.php 第 275 行.
NOTIC: [8] Undefined variable: vale /www/web/renli/public_html/PC/Runtime/Cache/Admin/6402156b4616ce8f56b4ea949759c31f.php 第 276 行.
NOTIC: [8] Undefined variable: vale /www/web/renli/public_html/PC/Runtime/Cache/Admin/6402156b4616ce8f56b4ea949759c31f.php 第 277 行.
NOTIC: [8] Undefined variable: vale /www/web/renli/public_html/PC/Runtime/Cache/Admin/6402156b4616ce8f56b4ea949759c31f.php 第 281 行.
NOTIC: [8] Undefined variable: vale /www/web/renli/public_html/PC/Runtime/Cache/Admin/6402156b4616ce8f56b4ea949759c31f.php 第 282 行.
NOTIC: [8] Undefined variable: vale /www/web/renli/public_html/PC/Runtime/Cache/Admin/6402156b4616ce8f56b4ea949759c31f.php 第 282 行.
NOTIC: [8] Undefined variable: vale /www/web/renli/public_html/PC/Runtime/Cache/Admin/6402156b4616ce8f56b4ea949759c31f.php 第 286 行.
NOTIC: [8] Undefined variable: vale /www/web/renli/public_html/PC/Runtime/Cache/Admin/6402156b4616ce8f56b4ea949759c31f.php 第 286 行.
NOTIC: [8] Undefined variable: vale /www/web/renli/public_html/PC/Runtime/Cache/Admin/6402156b4616ce8f56b4ea949759c31f.php 第 287 行.
NOTIC: [8] Undefined variable: vale /www/web/renli/public_html/PC/Runtime/Cache/Admin/6402156b4616ce8f56b4ea949759c31f.php 第 294 行.
NOTIC: [8] Undefined variable: vale /www/web/renli/public_html/PC/Runtime/Cache/Admin/6402156b4616ce8f56b4ea949759c31f.php 第 275 行.
NOTIC: [8] Undefined variable: vale /www/web/renli/public_html/PC/Runtime/Cache/Admin/6402156b4616ce8f56b4ea949759c31f.php 第 276 行.
NOTIC: [8] Undefined variable: vale /www/web/renli/public_html/PC/Runtime/Cache/Admin/6402156b4616ce8f56b4ea949759c31f.php 第 277 行.
NOTIC: [8] Undefined variable: vale /www/web/renli/public_html/PC/Runtime/Cache/Admin/6402156b4616ce8f56b4ea949759c31f.php 第 281 行.
NOTIC: [8] Undefined variable: vale /www/web/renli/public_html/PC/Runtime/Cache/Admin/6402156b4616ce8f56b4ea949759c31f.php 第 282 行.
NOTIC: [8] Undefined variable: vale /www/web/renli/public_html/PC/Runtime/Cache/Admin/6402156b4616ce8f56b4ea949759c31f.php 第 282 行.
NOTIC: [8] Undefined variable: vale /www/web/renli/public_html/PC/Runtime/Cache/Admin/6402156b4616ce8f56b4ea949759c31f.php 第 286 行.
NOTIC: [8] Undefined variable: vale /www/web/renli/public_html/PC/Runtime/Cache/Admin/6402156b4616ce8f56b4ea949759c31f.php 第 286 行.
NOTIC: [8] Undefined variable: vale /www/web/renli/public_html/PC/Runtime/Cache/Admin/6402156b4616ce8f56b4ea949759c31f.php 第 287 行.
NOTIC: [8] Undefined variable: vale /www/web/renli/public_html/PC/Runtime/Cache/Admin/6402156b4616ce8f56b4ea949759c31f.php 第 294 行.
NOTIC: [8] Undefined variable: vale /www/web/renli/public_html/PC/Runtime/Cache/Admin/6402156b4616ce8f56b4ea949759c31f.php 第 275 行.
NOTIC: [8] Undefined variable: vale /www/web/renli/public_html/PC/Runtime/Cache/Admin/6402156b4616ce8f56b4ea949759c31f.php 第 276 行.
NOTIC: [8] Undefined variable: vale /www/web/renli/public_html/PC/Runtime/Cache/Admin/6402156b4616ce8f56b4ea949759c31f.php 第 277 行.
NOTIC: [8] Undefined variable: vale /www/web/renli/public_html/PC/Runtime/Cache/Admin/6402156b4616ce8f56b4ea949759c31f.php 第 281 行.
NOTIC: [8] Undefined variable: vale /www/web/renli/public_html/PC/Runtime/Cache/Admin/6402156b4616ce8f56b4ea949759c31f.php 第 282 行.
NOTIC: [8] Undefined variable: vale /www/web/renli/public_html/PC/Runtime/Cache/Admin/6402156b4616ce8f56b4ea949759c31f.php 第 282 行.
NOTIC: [8] Undefined variable: vale /www/web/renli/public_html/PC/Runtime/Cache/Admin/6402156b4616ce8f56b4ea949759c31f.php 第 286 行.
NOTIC: [8] Undefined variable: vale /www/web/renli/public_html/PC/Runtime/Cache/Admin/6402156b4616ce8f56b4ea949759c31f.php 第 286 行.
NOTIC: [8] Undefined variable: vale /www/web/renli/public_html/PC/Runtime/Cache/Admin/6402156b4616ce8f56b4ea949759c31f.php 第 287 行.
NOTIC: [8] Undefined variable: vale /www/web/renli/public_html/PC/Runtime/Cache/Admin/6402156b4616ce8f56b4ea949759c31f.php 第 294 行.
INFO: Run Behavior\ParseTemplateBehavior [ RunTime:0.015632s ]
INFO: [ view_parse ] --END-- [ RunTime:0.015691s ]
INFO: [ view_filter ] --START--
INFO: Run Behavior\WriteHtmlCacheBehavior [ RunTime:0.000311s ]
INFO: [ view_filter ] --END-- [ RunTime:0.000354s ]
INFO: [ app_end ] --START--
INFO: Run Behavior\ShowPageTraceBehavior [ RunTime:0.000647s ]
INFO: [ app_end ] --END-- [ RunTime:0.000709s ]

[ 2017-11-23T09:30:48+08:00 ] 58.247.212.61 /index.php/Admin/Info/index.html
INFO: [ app_init ] --START--
INFO: Run Behavior\BuildLiteBehavior [ RunTime:0.000016s ]
INFO: [ app_init ] --END-- [ RunTime:0.000369s ]
INFO: [ app_begin ] --START--
INFO: Run Behavior\ReadHtmlCacheBehavior [ RunTime:0.000525s ]
INFO: [ app_begin ] --END-- [ RunTime:0.000576s ]
NOTIC: [8] Undefined index: is_login /www/web/renli/public_html/PC/Admin/Controller/AllowController.class.php 第 9 行.
INFO: [ view_parse ] --START--
INFO: [ template_filter ] --START--
INFO: Run Behavior\ContentReplaceBehavior [ RunTime:0.000042s ]
INFO: [ template_filter ] --END-- [ RunTime:0.000102s ]
INFO: Run Behavior\ParseTemplateBehavior [ RunTime:0.005305s ]
INFO: [ view_parse ] --END-- [ RunTime:0.005350s ]
INFO: [ view_filter ] --START--
INFO: Run Behavior\WriteHtmlCacheBehavior [ RunTime:0.000228s ]
INFO: [ view_filter ] --END-- [ RunTime:0.000274s ]

[ 2017-11-23T10:05:32+08:00 ] 221.15.219.126 /index.php/admin
INFO: [ app_init ] --START--
INFO: Run Behavior\BuildLiteBehavior [ RunTime:0.000016s ]
INFO: [ app_init ] --END-- [ RunTime:0.000373s ]
INFO: [ app_begin ] --START--
INFO: Run Behavior\ReadHtmlCacheBehavior [ RunTime:0.000638s ]
INFO: [ app_begin ] --END-- [ RunTime:0.000683s ]
NOTIC: [8] Undefined index: is_login /www/web/renli/public_html/PC/Admin/Controller/AllowController.class.php 第 9 行.
INFO: [ view_parse ] --START--
INFO: [ template_filter ] --START--
INFO: Run Behavior\ContentReplaceBehavior [ RunTime:0.000036s ]
INFO: [ template_filter ] --END-- [ RunTime:0.000086s ]
INFO: Run Behavior\ParseTemplateBehavior [ RunTime:0.005636s ]
INFO: [ view_parse ] --END-- [ RunTime:0.005692s ]
INFO: [ view_filter ] --START--
INFO: Run Behavior\WriteHtmlCacheBehavior [ RunTime:0.000229s ]
INFO: [ view_filter ] --END-- [ RunTime:0.000265s ]

[ 2017-11-23T10:05:35+08:00 ] 221.15.219.126 /index.php/Admin/Login/index.html
INFO: [ app_init ] --START--
INFO: Run Behavior\BuildLiteBehavior [ RunTime:0.000021s ]
INFO: [ app_init ] --END-- [ RunTime:0.000430s ]
INFO: [ app_begin ] --START--
INFO: Run Behavior\ReadHtmlCacheBehavior [ RunTime:0.000771s ]
INFO: [ app_begin ] --END-- [ RunTime:0.000820s ]
INFO: [ view_parse ] --START--
INFO: [ template_filter ] --START--
INFO: Run Behavior\ContentReplaceBehavior [ RunTime:0.000051s ]
INFO: [ template_filter ] --END-- [ RunTime:0.000109s ]
INFO: Run Behavior\ParseTemplateBehavior [ RunTime:0.005803s ]
INFO: [ view_parse ] --END-- [ RunTime:0.005848s ]
INFO: [ view_filter ] --START--
INFO: Run Behavior\WriteHtmlCacheBehavior [ RunTime:0.000227s ]
INFO: [ view_filter ] --END-- [ RunTime:0.000263s ]
INFO: [ app_end ] --START--
INFO: Run Behavior\ShowPageTraceBehavior [ RunTime:0.000495s ]
INFO: [ app_end ] --END-- [ RunTime:0.000536s ]

[ 2017-11-23T10:06:13+08:00 ] 221.15.219.126 /index.php/Admin/Login/login
INFO: [ app_init ] --START--
INFO: Run Behavior\BuildLiteBehavior [ RunTime:0.000020s ]
INFO: [ app_init ] --END-- [ RunTime:0.000392s ]
INFO: [ app_begin ] --START--
INFO: Run Behavior\ReadHtmlCacheBehavior [ RunTime:0.000485s ]
INFO: [ app_begin ] --END-- [ RunTime:0.000531s ]
SQL: SHOW COLUMNS FROM `manager` [ RunTime:0.0022s ]
SQL: SELECT * FROM `manager` WHERE ( username='135' AND password ='202cb962ac59075b964b07152d234b70' )  [ RunTime:0.0014s ]
INFO: [ view_parse ] --START--
INFO: [ template_filter ] --START--
INFO: Run Behavior\ContentReplaceBehavior [ RunTime:0.000040s ]
INFO: [ template_filter ] --END-- [ RunTime:0.000099s ]
INFO: Run Behavior\ParseTemplateBehavior [ RunTime:0.006677s ]
INFO: [ view_parse ] --END-- [ RunTime:0.006735s ]
INFO: [ view_filter ] --START--
INFO: Run Behavior\WriteHtmlCacheBehavior [ RunTime:0.000219s ]
INFO: [ view_filter ] --END-- [ RunTime:0.000257s ]
INFO: [ app_end ] --START--
INFO: Run Behavior\ShowPageTraceBehavior [ RunTime:0.000544s ]
INFO: [ app_end ] --END-- [ RunTime:0.000586s ]

[ 2017-11-23T10:06:14+08:00 ] 221.15.219.126 /index.php/Admin/Index/index.html
INFO: [ app_init ] --START--
INFO: Run Behavior\BuildLiteBehavior [ RunTime:0.000019s ]
INFO: [ app_init ] --END-- [ RunTime:0.000406s ]
INFO: [ app_begin ] --START--
INFO: Run Behavior\ReadHtmlCacheBehavior [ RunTime:0.000502s ]
INFO: [ app_begin ] --END-- [ RunTime:0.000564s ]
INFO: [ view_parse ] --START--
NOTIC: [2] file_get_contents(./PC/Admin/View/Public/header.html): failed to open stream: No such file or directory /www/web/renli/public_html/ThinkPHP/Library/Think/Template.class.php 第 696 行.
INFO: [ template_filter ] --START--
INFO: Run Behavior\ContentReplaceBehavior [ RunTime:0.000078s ]
INFO: [ template_filter ] --END-- [ RunTime:0.000151s ]
INFO: Run Behavior\ParseTemplateBehavior [ RunTime:0.009506s ]
INFO: [ view_parse ] --END-- [ RunTime:0.009551s ]
INFO: [ view_filter ] --START--
INFO: Run Behavior\WriteHtmlCacheBehavior [ RunTime:0.000233s ]
INFO: [ view_filter ] --END-- [ RunTime:0.000270s ]
INFO: [ app_end ] --START--
INFO: Run Behavior\ShowPageTraceBehavior [ RunTime:0.000542s ]
INFO: [ app_end ] --END-- [ RunTime:0.000587s ]

[ 2017-11-23T10:06:48+08:00 ] 221.15.219.126 /index.php/Admin/Xinwen/index
INFO: [ app_init ] --START--
INFO: Run Behavior\BuildLiteBehavior [ RunTime:0.000020s ]
INFO: [ app_init ] --END-- [ RunTime:0.000397s ]
INFO: [ app_begin ] --START--
INFO: Run Behavior\ReadHtmlCacheBehavior [ RunTime:0.000485s ]
INFO: [ app_begin ] --END-- [ RunTime:0.000530s ]
ERR: 无法加载控制器:Xinwen

[ 2017-11-23T10:06:51+08:00 ] 221.15.219.126 /index.php/Admin/Grants/index
INFO: [ app_init ] --START--
INFO: Run Behavior\BuildLiteBehavior [ RunTime:0.000018s ]
INFO: [ app_init ] --END-- [ RunTime:0.000422s ]
INFO: [ app_begin ] --START--
INFO: Run Behavior\ReadHtmlCacheBehavior [ RunTime:0.000500s ]
INFO: [ app_begin ] --END-- [ RunTime:0.000560s ]
SQL: SHOW COLUMNS FROM `grants` [ RunTime:0.0025s ]
SQL: SELECT COUNT(*) AS tp_count FROM `grants` LIMIT 1   [ RunTime:0.0020s ]
SQL: SELECT * FROM `grants` ORDER BY id desc LIMIT 0,20   [ RunTime:0.0017s ]
SQL: SHOW COLUMNS FROM `user` [ RunTime:0.0020s ]
SQL: SELECT `name` FROM `user` WHERE ( id=77 ) LIMIT 1   [ RunTime:0.0015s ]
SQL: SELECT `name` FROM `user` WHERE ( id=73 ) LIMIT 1   [ RunTime:0.0013s ]
INFO: [ view_parse ] --START--
NOTIC: [2] file_get_contents(./PC/Admin/View/Public/header.html): failed to open stream: No such file or directory /www/web/renli/public_html/ThinkPHP/Library/Think/Template.class.php 第 696 行.
INFO: [ template_filter ] --START--
INFO: Run Behavior\ContentReplaceBehavior [ RunTime:0.000091s ]
INFO: [ template_filter ] --END-- [ RunTime:0.000162s ]
NOTIC: [8] Undefined index: title /www/web/renli/public_html/PC/Runtime/Cache/Admin/a2df3116183f1d5ada71fd53aa7dc46b.php 第 361 行.
NOTIC: [8] Undefined variable: vale /www/web/renli/public_html/PC/Runtime/Cache/Admin/a2df3116183f1d5ada71fd53aa7dc46b.php 第 400 行.
NOTIC: [8] Undefined variable: vale /www/web/renli/public_html/PC/Runtime/Cache/Admin/a2df3116183f1d5ada71fd53aa7dc46b.php 第 401 行.
NOTIC: [8] Undefined variable: vale /www/web/renli/public_html/PC/Runtime/Cache/Admin/a2df3116183f1d5ada71fd53aa7dc46b.php 第 402 行.
NOTIC: [8] Undefined variable: vale /www/web/renli/public_html/PC/Runtime/Cache/Admin/a2df3116183f1d5ada71fd53aa7dc46b.php 第 405 行.
NOTIC: [8] Undefined variable: vale /www/web/renli/public_html/PC/Runtime/Cache/Admin/a2df3116183f1d5ada71fd53aa7dc46b.php 第 400 行.
NOTIC: [8] Undefined variable: vale /www/web/renli/public_html/PC/Runtime/Cache/Admin/a2df3116183f1d5ada71fd53aa7dc46b.php 第 401 行.
NOTIC: [8] Undefined variable: vale /www/web/renli/public_html/PC/Runtime/Cache/Admin/a2df3116183f1d5ada71fd53aa7dc46b.php 第 402 行.
NOTIC: [8] Undefined variable: vale /www/web/renli/public_html/PC/Runtime/Cache/Admin/a2df3116183f1d5ada71fd53aa7dc46b.php 第 405 行.
INFO: Run Behavior\ParseTemplateBehavior [ RunTime:0.036312s ]
INFO: [ view_parse ] --END-- [ RunTime:0.036359s ]
INFO: [ view_filter ] --START--
INFO: Run Behavior\WriteHtmlCacheBehavior [ RunTime:0.000607s ]
INFO: [ view_filter ] --END-- [ RunTime:0.000656s ]
INFO: [ app_end ] --START--
INFO: Run Behavior\ShowPageTraceBehavior [ RunTime:0.000548s ]
INFO: [ app_end ] --END-- [ RunTime:0.000608s ]

[ 2017-11-23T13:32:17+08:00 ] 221.15.219.126 /index.php/Admin/Index/index.html
INFO: [ app_init ] --START--
INFO: Run Behavior\BuildLiteBehavior [ RunTime:0.000018s ]
INFO: [ app_init ] --END-- [ RunTime:0.000395s ]
INFO: [ app_begin ] --START--
INFO: Run Behavior\ReadHtmlCacheBehavior [ RunTime:0.000497s ]
INFO: [ app_begin ] --END-- [ RunTime:0.000543s ]
INFO: [ view_parse ] --START--
NOTIC: [2] file_get_contents(./PC/Admin/View/Public/header.html): failed to open stream: No such file or directory /www/web/renli/public_html/ThinkPHP/Library/Think/Template.class.php 第 696 行.
INFO: [ template_filter ] --START--
INFO: Run Behavior\ContentReplaceBehavior [ RunTime:0.000071s ]
INFO: [ template_filter ] --END-- [ RunTime:0.000125s ]
INFO: Run Behavior\ParseTemplateBehavior [ RunTime:0.008933s ]
INFO: [ view_parse ] --END-- [ RunTime:0.008981s ]
INFO: [ view_filter ] --START--
INFO: Run Behavior\WriteHtmlCacheBehavior [ RunTime:0.000228s ]
INFO: [ view_filter ] --END-- [ RunTime:0.000265s ]
INFO: [ app_end ] --START--
INFO: Run Behavior\ShowPageTraceBehavior [ RunTime:0.000538s ]
INFO: [ app_end ] --END-- [ RunTime:0.000590s ]

