[ 2017-08-29T18:07:20+08:00 ] 115.60.151.228 /News/details?id=1347
INFO: [ app_init ] --START--
INFO: Run Behavior\BuildLiteBehavior [ RunTime:0.000018s ]
INFO: [ app_init ] --END-- [ RunTime:0.000379s ]
ERR: 无法加载模块:News

[ 2017-08-29T18:07:27+08:00 ] 115.60.151.228 /News/details?id=1347
INFO: [ app_init ] --START--
INFO: Run Behavior\BuildLiteBehavior [ RunTime:0.000014s ]
INFO: [ app_init ] --END-- [ RunTime:0.000362s ]
ERR: 无法加载模块:News

[ 2017-08-29T18:19:37+08:00 ] 115.60.151.228 /News/details?id=1347
INFO: [ app_init ] --START--
INFO: Run Behavior\BuildLiteBehavior [ RunTime:0.000014s ]
INFO: [ app_init ] --END-- [ RunTime:0.000377s ]
ERR: 无法加载模块:News

[ 2017-08-29T18:19:39+08:00 ] 115.60.151.228 /News/details?id=1347
INFO: [ app_init ] --START--
INFO: Run Behavior\BuildLiteBehavior [ RunTime:0.000014s ]
INFO: [ app_init ] --END-- [ RunTime:0.000388s ]
ERR: 无法加载模块:News

[ 2017-08-29T18:26:20+08:00 ] 115.60.151.228 /News/details?id=1347
INFO: [ app_init ] --START--
INFO: Run Behavior\BuildLiteBehavior [ RunTime:0.000016s ]
INFO: [ app_init ] --END-- [ RunTime:0.000376s ]
ERR: 无法加载模块:News

[ 2017-08-29T18:26:22+08:00 ] 115.60.151.228 /News/details?id=1347
INFO: [ app_init ] --START--
INFO: Run Behavior\BuildLiteBehavior [ RunTime:0.000016s ]
INFO: [ app_init ] --END-- [ RunTime:0.000481s ]
ERR: 无法加载模块:News

[ 2017-08-29T18:26:22+08:00 ] 115.60.151.228 /News/details?id=1347
INFO: [ app_init ] --START--
INFO: Run Behavior\BuildLiteBehavior [ RunTime:0.000014s ]
INFO: [ app_init ] --END-- [ RunTime:0.000352s ]
ERR: 无法加载模块:News

[ 2017-08-29T18:26:22+08:00 ] 115.60.151.228 /News/details?id=1347
INFO: [ app_init ] --START--
INFO: Run Behavior\BuildLiteBehavior [ RunTime:0.000016s ]
INFO: [ app_init ] --END-- [ RunTime:0.000356s ]
ERR: 无法加载模块:News

[ 2017-08-29T18:26:22+08:00 ] 115.60.151.228 /News/details?id=1347
INFO: [ app_init ] --START--
INFO: Run Behavior\BuildLiteBehavior [ RunTime:0.000018s ]
INFO: [ app_init ] --END-- [ RunTime:0.000480s ]
ERR: 无法加载模块:News

[ 2017-08-29T18:26:23+08:00 ] 115.60.151.228 /News/details?id=1347
INFO: [ app_init ] --START--
INFO: Run Behavior\BuildLiteBehavior [ RunTime:0.000014s ]
INFO: [ app_init ] --END-- [ RunTime:0.000366s ]
ERR: 无法加载模块:News

[ 2017-08-29T18:26:23+08:00 ] 115.60.151.228 /News/details?id=1347
INFO: [ app_init ] --START--
INFO: Run Behavior\BuildLiteBehavior [ RunTime:0.000015s ]
INFO: [ app_init ] --END-- [ RunTime:0.000417s ]
ERR: 无法加载模块:News

[ 2017-08-29T18:26:23+08:00 ] 115.60.151.228 /News/details?id=1347
INFO: [ app_init ] --START--
INFO: Run Behavior\BuildLiteBehavior [ RunTime:0.000014s ]
INFO: [ app_init ] --END-- [ RunTime:0.000357s ]
ERR: 无法加载模块:News

[ 2017-08-29T18:26:23+08:00 ] 115.60.151.228 /News/details?id=1347
INFO: [ app_init ] --START--
INFO: Run Behavior\BuildLiteBehavior [ RunTime:0.000014s ]
INFO: [ app_init ] --END-- [ RunTime:0.000340s ]
ERR: 无法加载模块:News

[ 2017-08-29T18:26:23+08:00 ] 115.60.151.228 /News/details?id=1347
INFO: [ app_init ] --START--
INFO: Run Behavior\BuildLiteBehavior [ RunTime:0.000014s ]
INFO: [ app_init ] --END-- [ RunTime:0.000430s ]
ERR: 无法加载模块:News

[ 2017-08-29T18:26:23+08:00 ] 115.60.151.228 /News/details?id=1347
INFO: [ app_init ] --START--
INFO: Run Behavior\BuildLiteBehavior [ RunTime:0.000014s ]
INFO: [ app_init ] --END-- [ RunTime:0.000348s ]
ERR: 无法加载模块:News

[ 2017-08-29T18:26:24+08:00 ] 115.60.151.228 /News/details?id=1347
INFO: [ app_init ] --START--
INFO: Run Behavior\BuildLiteBehavior [ RunTime:0.000014s ]
INFO: [ app_init ] --END-- [ RunTime:0.000358s ]
ERR: 无法加载模块:News

[ 2017-08-29T18:26:24+08:00 ] 115.60.151.228 /News/details?id=1347
INFO: [ app_init ] --START--
INFO: Run Behavior\BuildLiteBehavior [ RunTime:0.000016s ]
INFO: [ app_init ] --END-- [ RunTime:0.000455s ]
ERR: 无法加载模块:News

[ 2017-08-29T18:26:24+08:00 ] 115.60.151.228 /News/details?id=1347
INFO: [ app_init ] --START--
INFO: Run Behavior\BuildLiteBehavior [ RunTime:0.000014s ]
INFO: [ app_init ] --END-- [ RunTime:0.000358s ]
ERR: 无法加载模块:News

