[ 2017-09-11T07:20:07+08:00 ] 123.125.67.150 /
INFO: [ app_init ] --START--
INFO: Run Behavior\BuildLiteBehavior [ RunTime:0.000013s ]
INFO: [ app_init ] --END-- [ RunTime:0.000352s ]
INFO: [ app_begin ] --START--
INFO: Run Behavior\ReadHtmlCacheBehavior [ RunTime:0.000506s ]
INFO: [ app_begin ] --END-- [ RunTime:0.000571s ]
SQL: SHOW COLUMNS FROM `activities` [ RunTime:0.0024s ]
SQL: SELECT act.*,img.img FROM `activities` `act`,`act_img` `img` WHERE ( act.id=img.act_id AND img.face=2 ) ORDER BY id desc LIMIT 6   [ RunTime:0.0096s ]
INFO: [ view_parse ] --START--
INFO: [ template_filter ] --START--
INFO: Run Behavior\ContentReplaceBehavior [ RunTime:0.000155s ]
INFO: [ template_filter ] --END-- [ RunTime:0.000203s ]
INFO: Run Behavior\ParseTemplateBehavior [ RunTime:0.012017s ]
INFO: [ view_parse ] --END-- [ RunTime:0.012067s ]
INFO: [ view_filter ] --START--
INFO: Run Behavior\WriteHtmlCacheBehavior [ RunTime:0.000220s ]
INFO: [ view_filter ] --END-- [ RunTime:0.000257s ]
INFO: [ app_end ] --START--
INFO: Run Behavior\ShowPageTraceBehavior [ RunTime:0.000518s ]
INFO: [ app_end ] --END-- [ RunTime:0.000562s ]

[ 2017-09-11T10:36:08+08:00 ] 115.60.149.112 /
INFO: [ app_init ] --START--
INFO: Run Behavior\BuildLiteBehavior [ RunTime:0.000013s ]
INFO: [ app_init ] --END-- [ RunTime:0.000358s ]
INFO: [ app_begin ] --START--
INFO: Run Behavior\ReadHtmlCacheBehavior [ RunTime:0.000449s ]
INFO: [ app_begin ] --END-- [ RunTime:0.000532s ]
SQL: SHOW COLUMNS FROM `activities` [ RunTime:0.0022s ]
SQL: SELECT act.*,img.img FROM `activities` `act`,`act_img` `img` WHERE ( act.id=img.act_id AND img.face=2 ) ORDER BY id desc LIMIT 6   [ RunTime:0.0085s ]
INFO: [ view_parse ] --START--
INFO: [ template_filter ] --START--
INFO: Run Behavior\ContentReplaceBehavior [ RunTime:0.000188s ]
INFO: [ template_filter ] --END-- [ RunTime:0.000266s ]
INFO: Run Behavior\ParseTemplateBehavior [ RunTime:0.013748s ]
INFO: [ view_parse ] --END-- [ RunTime:0.013820s ]
INFO: [ view_filter ] --START--
INFO: Run Behavior\WriteHtmlCacheBehavior [ RunTime:0.000283s ]
INFO: [ view_filter ] --END-- [ RunTime:0.000334s ]
INFO: [ app_end ] --START--
INFO: Run Behavior\ShowPageTraceBehavior [ RunTime:0.000646s ]
INFO: [ app_end ] --END-- [ RunTime:0.000707s ]

[ 2017-09-11T10:36:09+08:00 ] 115.60.149.112 /Public/Wap/js/maps/swiper.min.js.map
INFO: [ app_init ] --START--
INFO: Run Behavior\BuildLiteBehavior [ RunTime:0.000015s ]
INFO: [ app_init ] --END-- [ RunTime:0.000364s ]
INFO: [ app_begin ] --START--
INFO: Run Behavior\ReadHtmlCacheBehavior [ RunTime:0.000467s ]
INFO: [ app_begin ] --END-- [ RunTime:0.000511s ]
ERR: 无法加载控制器:Public

[ 2017-09-11T10:36:10+08:00 ] 115.60.149.112 /Public/Wap/js/maps/swiper.min.js.map
INFO: [ app_init ] --START--
INFO: Run Behavior\BuildLiteBehavior [ RunTime:0.000014s ]
INFO: [ app_init ] --END-- [ RunTime:0.000353s ]
INFO: [ app_begin ] --START--
INFO: Run Behavior\ReadHtmlCacheBehavior [ RunTime:0.000463s ]
INFO: [ app_begin ] --END-- [ RunTime:0.000520s ]
ERR: 无法加载控制器:Public

[ 2017-09-11T10:36:17+08:00 ] 115.60.149.112 /index.php/Home/Activity/index
INFO: [ app_init ] --START--
INFO: Run Behavior\BuildLiteBehavior [ RunTime:0.000015s ]
INFO: [ app_init ] --END-- [ RunTime:0.000365s ]
INFO: [ app_begin ] --START--
INFO: Run Behavior\ReadHtmlCacheBehavior [ RunTime:0.000493s ]
INFO: [ app_begin ] --END-- [ RunTime:0.000538s ]
INFO: [ view_parse ] --START--
INFO: [ template_filter ] --START--
INFO: Run Behavior\ContentReplaceBehavior [ RunTime:0.000087s ]
INFO: [ template_filter ] --END-- [ RunTime:0.000133s ]
INFO: Run Behavior\ParseTemplateBehavior [ RunTime:0.008241s ]
INFO: [ view_parse ] --END-- [ RunTime:0.008302s ]
INFO: [ view_filter ] --START--
INFO: Run Behavior\WriteHtmlCacheBehavior [ RunTime:0.000216s ]
INFO: [ view_filter ] --END-- [ RunTime:0.000252s ]
INFO: [ app_end ] --START--
INFO: Run Behavior\ShowPageTraceBehavior [ RunTime:0.000450s ]
INFO: [ app_end ] --END-- [ RunTime:0.000502s ]

[ 2017-09-11T10:36:17+08:00 ] 115.60.149.112 /index.php/Home/Activity/lists
INFO: [ app_init ] --START--
INFO: Run Behavior\BuildLiteBehavior [ RunTime:0.000019s ]
INFO: [ app_init ] --END-- [ RunTime:0.000459s ]
INFO: [ app_begin ] --START--
INFO: Run Behavior\ReadHtmlCacheBehavior [ RunTime:0.000523s ]
INFO: [ app_begin ] --END-- [ RunTime:0.000583s ]
SQL: SHOW COLUMNS FROM `user` [ RunTime:0.0024s ]
SQL: SHOW COLUMNS FROM `activities` [ RunTime:0.0023s ]
SQL: SELECT act.*,img.img FROM `activities` `act`,`act_img` `img` WHERE ( act.id=img.act_id AND img.face=2 ) ORDER BY id desc LIMIT 0,10   [ RunTime:0.0123s ]

[ 2017-09-11T10:36:26+08:00 ] 115.60.149.112 /index.php/Home/Activity/lists
INFO: [ app_init ] --START--
INFO: Run Behavior\BuildLiteBehavior [ RunTime:0.000024s ]
INFO: [ app_init ] --END-- [ RunTime:0.000555s ]
INFO: [ app_begin ] --START--
INFO: Run Behavior\ReadHtmlCacheBehavior [ RunTime:0.000790s ]
INFO: [ app_begin ] --END-- [ RunTime:0.000874s ]
SQL: SHOW COLUMNS FROM `user` [ RunTime:0.0024s ]
SQL: SHOW COLUMNS FROM `activities` [ RunTime:0.0023s ]
SQL: SELECT act.*,img.img FROM `activities` `act`,`act_img` `img` WHERE ( act.id=img.act_id AND img.face=2 ) ORDER BY id desc LIMIT 10,10   [ RunTime:0.0211s ]

[ 2017-09-11T10:36:31+08:00 ] 115.60.149.112 /index.php/Home/activity/details?id=95
INFO: [ app_init ] --START--
INFO: Run Behavior\BuildLiteBehavior [ RunTime:0.000019s ]
INFO: [ app_init ] --END-- [ RunTime:0.000399s ]
INFO: [ app_begin ] --START--
INFO: Run Behavior\ReadHtmlCacheBehavior [ RunTime:0.000536s ]
INFO: [ app_begin ] --END-- [ RunTime:0.000581s ]
SQL: SHOW COLUMNS FROM `activities` [ RunTime:0.0056s ]
SQL: SELECT act.*,img.img FROM `activities` `act`,`act_img` `img` WHERE ( act.id=img.act_id AND img.face=2 AND act.id=95 ) LIMIT 1   [ RunTime:0.0052s ]
INFO: [ view_parse ] --START--
INFO: [ template_filter ] --START--
INFO: Run Behavior\ContentReplaceBehavior [ RunTime:0.000136s ]
INFO: [ template_filter ] --END-- [ RunTime:0.000202s ]
NOTIC: [8] Use of undefined constant img - assumed 'img' /www/web/longzi_cn/public_html/Wap/Runtime/Cache/Home/a6bf43e822097655c8c77cae58014604.php 第 121 行.
NOTIC: [8] Use of undefined constant uptime - assumed 'uptime' /www/web/longzi_cn/public_html/Wap/Runtime/Cache/Home/a6bf43e822097655c8c77cae58014604.php 第 126 行.
NOTIC: [8] Use of undefined constant title - assumed 'title' /www/web/longzi_cn/public_html/Wap/Runtime/Cache/Home/a6bf43e822097655c8c77cae58014604.php 第 129 行.
NOTIC: [8] Use of undefined constant act_time - assumed 'act_time' /www/web/longzi_cn/public_html/Wap/Runtime/Cache/Home/a6bf43e822097655c8c77cae58014604.php 第 130 行.
NOTIC: [8] Use of undefined constant address - assumed 'address' /www/web/longzi_cn/public_html/Wap/Runtime/Cache/Home/a6bf43e822097655c8c77cae58014604.php 第 131 行.
NOTIC: [8] Use of undefined constant price - assumed 'price' /www/web/longzi_cn/public_html/Wap/Runtime/Cache/Home/a6bf43e822097655c8c77cae58014604.php 第 132 行.
NOTIC: [8] Use of undefined constant act_fl - assumed 'act_fl' /www/web/longzi_cn/public_html/Wap/Runtime/Cache/Home/a6bf43e822097655c8c77cae58014604.php 第 134 行.
NOTIC: [8] Use of undefined constant xiangqing - assumed 'xiangqing' /www/web/longzi_cn/public_html/Wap/Runtime/Cache/Home/a6bf43e822097655c8c77cae58014604.php 第 155 行.
NOTIC: [8] Use of undefined constant price - assumed 'price' /www/web/longzi_cn/public_html/Wap/Runtime/Cache/Home/a6bf43e822097655c8c77cae58014604.php 第 366 行.
NOTIC: [8] Use of undefined constant price - assumed 'price' /www/web/longzi_cn/public_html/Wap/Runtime/Cache/Home/a6bf43e822097655c8c77cae58014604.php 第 380 行.
NOTIC: [8] Undefined index: id /www/web/longzi_cn/public_html/Wap/Runtime/Cache/Home/a6bf43e822097655c8c77cae58014604.php 第 386 行.
INFO: Run Behavior\ParseTemplateBehavior [ RunTime:0.013009s ]
INFO: [ view_parse ] --END-- [ RunTime:0.013065s ]
INFO: [ view_filter ] --START--
INFO: Run Behavior\WriteHtmlCacheBehavior [ RunTime:0.000262s ]
INFO: [ view_filter ] --END-- [ RunTime:0.000301s ]
INFO: [ app_end ] --START--
INFO: Run Behavior\ShowPageTraceBehavior [ RunTime:0.000551s ]
INFO: [ app_end ] --END-- [ RunTime:0.000595s ]

[ 2017-09-11T10:36:32+08:00 ] 115.60.149.112 /Public/Wap/js/getsession.js
INFO: [ app_init ] --START--
INFO: Run Behavior\BuildLiteBehavior [ RunTime:0.000026s ]
INFO: [ app_init ] --END-- [ RunTime:0.000600s ]
INFO: [ app_begin ] --START--
INFO: Run Behavior\ReadHtmlCacheBehavior [ RunTime:0.000790s ]
INFO: [ app_begin ] --END-- [ RunTime:0.000865s ]
ERR: 无法加载控制器:Public

[ 2017-09-11T10:36:34+08:00 ] 115.60.149.112 /index.php/Home/images/time_small.png
INFO: [ app_init ] --START--
INFO: Run Behavior\BuildLiteBehavior [ RunTime:0.000014s ]
INFO: [ app_init ] --END-- [ RunTime:0.000365s ]

[ 2017-09-11T10:36:34+08:00 ] 115.60.149.112 /index.php/Home/images/address_small.png
INFO: [ app_init ] --START--
INFO: Run Behavior\BuildLiteBehavior [ RunTime:0.000014s ]
INFO: [ app_init ] --END-- [ RunTime:0.000389s ]

[ 2017-09-11T10:37:37+08:00 ] 115.60.149.112 /index.php/Home/Release/huodong
INFO: [ app_init ] --START--
INFO: Run Behavior\BuildLiteBehavior [ RunTime:0.000026s ]
INFO: [ app_init ] --END-- [ RunTime:0.000516s ]
INFO: [ app_begin ] --START--
INFO: Run Behavior\ReadHtmlCacheBehavior [ RunTime:0.000475s ]
INFO: [ app_begin ] --END-- [ RunTime:0.000520s ]
INFO: [ view_parse ] --START--
INFO: [ template_filter ] --START--
INFO: Run Behavior\ContentReplaceBehavior [ RunTime:0.000080s ]
INFO: [ template_filter ] --END-- [ RunTime:0.000126s ]
INFO: Run Behavior\ParseTemplateBehavior [ RunTime:0.007542s ]
INFO: [ view_parse ] --END-- [ RunTime:0.007600s ]
INFO: [ view_filter ] --START--
INFO: Run Behavior\WriteHtmlCacheBehavior [ RunTime:0.000215s ]
INFO: [ view_filter ] --END-- [ RunTime:0.000251s ]
INFO: [ app_end ] --START--
INFO: Run Behavior\ShowPageTraceBehavior [ RunTime:0.000467s ]
INFO: [ app_end ] --END-- [ RunTime:0.000509s ]

