[ 2017-08-03T06:16:10+08:00 ] 123.125.67.152 /
INFO: [ app_init ] --START--
INFO: Run Behavior\BuildLiteBehavior [ RunTime:0.000014s ]
INFO: [ app_init ] --END-- [ RunTime:0.000371s ]
INFO: [ app_begin ] --START--
INFO: Run Behavior\ReadHtmlCacheBehavior [ RunTime:0.000450s ]
INFO: [ app_begin ] --END-- [ RunTime:0.000505s ]
SQL: SHOW COLUMNS FROM `activities` [ RunTime:0.0024s ]
SQL: SELECT act.*,img.img FROM `activities` `act`,`act_img` `img` WHERE ( act.id=img.act_id AND img.face=2 ) ORDER BY id desc LIMIT 6   [ RunTime:0.0088s ]
INFO: [ view_parse ] --START--
INFO: [ template_filter ] --START--
INFO: Run Behavior\ContentReplaceBehavior [ RunTime:0.000163s ]
INFO: [ template_filter ] --END-- [ RunTime:0.000240s ]
INFO: Run Behavior\ParseTemplateBehavior [ RunTime:0.011109s ]
INFO: [ view_parse ] --END-- [ RunTime:0.011166s ]
INFO: [ view_filter ] --START--
INFO: Run Behavior\WriteHtmlCacheBehavior [ RunTime:0.000245s ]
INFO: [ view_filter ] --END-- [ RunTime:0.000282s ]
INFO: [ app_end ] --START--
INFO: Run Behavior\ShowPageTraceBehavior [ RunTime:0.000547s ]
INFO: [ app_end ] --END-- [ RunTime:0.000605s ]

[ 2017-08-03T10:10:29+08:00 ] 115.60.145.125 /
INFO: [ app_init ] --START--
INFO: Run Behavior\BuildLiteBehavior [ RunTime:0.000014s ]
INFO: [ app_init ] --END-- [ RunTime:0.000393s ]
INFO: [ app_begin ] --START--
INFO: Run Behavior\ReadHtmlCacheBehavior [ RunTime:0.000443s ]
INFO: [ app_begin ] --END-- [ RunTime:0.000487s ]
SQL: SHOW COLUMNS FROM `activities` [ RunTime:0.0025s ]
SQL: SELECT act.*,img.img FROM `activities` `act`,`act_img` `img` WHERE ( act.id=img.act_id AND img.face=2 ) ORDER BY id desc LIMIT 6   [ RunTime:0.0105s ]
INFO: [ view_parse ] --START--
INFO: [ template_filter ] --START--
INFO: Run Behavior\ContentReplaceBehavior [ RunTime:0.000160s ]
INFO: [ template_filter ] --END-- [ RunTime:0.000219s ]
INFO: Run Behavior\ParseTemplateBehavior [ RunTime:0.010441s ]
INFO: [ view_parse ] --END-- [ RunTime:0.010502s ]
INFO: [ view_filter ] --START--
INFO: Run Behavior\WriteHtmlCacheBehavior [ RunTime:0.000229s ]
INFO: [ view_filter ] --END-- [ RunTime:0.000266s ]
INFO: [ app_end ] --START--
INFO: Run Behavior\ShowPageTraceBehavior [ RunTime:0.000543s ]
INFO: [ app_end ] --END-- [ RunTime:0.000587s ]

[ 2017-08-03T10:13:46+08:00 ] 115.60.145.125 /
INFO: [ app_init ] --START--
INFO: Run Behavior\BuildLiteBehavior [ RunTime:0.000017s ]
INFO: [ app_init ] --END-- [ RunTime:0.000399s ]
INFO: [ app_begin ] --START--
INFO: Run Behavior\ReadHtmlCacheBehavior [ RunTime:0.000510s ]
INFO: [ app_begin ] --END-- [ RunTime:0.000553s ]
SQL: SHOW COLUMNS FROM `activities` [ RunTime:0.0022s ]
SQL: SELECT act.*,img.img FROM `activities` `act`,`act_img` `img` WHERE ( act.id=img.act_id AND img.face=2 ) ORDER BY id desc LIMIT 6   [ RunTime:0.0078s ]
INFO: [ view_parse ] --START--
INFO: [ template_filter ] --START--
INFO: Run Behavior\ContentReplaceBehavior [ RunTime:0.000174s ]
INFO: [ template_filter ] --END-- [ RunTime:0.000231s ]
INFO: Run Behavior\ParseTemplateBehavior [ RunTime:0.011012s ]
INFO: [ view_parse ] --END-- [ RunTime:0.011071s ]
INFO: [ view_filter ] --START--
INFO: Run Behavior\WriteHtmlCacheBehavior [ RunTime:0.000305s ]
INFO: [ view_filter ] --END-- [ RunTime:0.000350s ]
INFO: [ app_end ] --START--
INFO: Run Behavior\ShowPageTraceBehavior [ RunTime:0.000487s ]
INFO: [ app_end ] --END-- [ RunTime:0.000558s ]

[ 2017-08-03T10:14:21+08:00 ] 115.60.145.125 /
INFO: [ app_init ] --START--
INFO: Run Behavior\BuildLiteBehavior [ RunTime:0.000016s ]
INFO: [ app_init ] --END-- [ RunTime:0.000354s ]
INFO: [ app_begin ] --START--
INFO: Run Behavior\ReadHtmlCacheBehavior [ RunTime:0.000526s ]
INFO: [ app_begin ] --END-- [ RunTime:0.000582s ]
SQL: SHOW COLUMNS FROM `activities` [ RunTime:0.0023s ]
SQL: SELECT act.*,img.img FROM `activities` `act`,`act_img` `img` WHERE ( act.id=img.act_id AND img.face=2 ) ORDER BY id desc LIMIT 6   [ RunTime:0.0073s ]
INFO: [ view_parse ] --START--
INFO: [ template_filter ] --START--
INFO: Run Behavior\ContentReplaceBehavior [ RunTime:0.000132s ]
INFO: [ template_filter ] --END-- [ RunTime:0.000211s ]
INFO: Run Behavior\ParseTemplateBehavior [ RunTime:0.010749s ]
INFO: [ view_parse ] --END-- [ RunTime:0.010795s ]
INFO: [ view_filter ] --START--
INFO: Run Behavior\WriteHtmlCacheBehavior [ RunTime:0.000229s ]
INFO: [ view_filter ] --END-- [ RunTime:0.000265s ]
INFO: [ app_end ] --START--
INFO: Run Behavior\ShowPageTraceBehavior [ RunTime:0.000571s ]
INFO: [ app_end ] --END-- [ RunTime:0.000616s ]

[ 2017-08-03T10:14:34+08:00 ] 115.60.145.125 /
INFO: [ app_init ] --START--
INFO: Run Behavior\BuildLiteBehavior [ RunTime:0.000015s ]
INFO: [ app_init ] --END-- [ RunTime:0.000383s ]
INFO: [ app_begin ] --START--
INFO: Run Behavior\ReadHtmlCacheBehavior [ RunTime:0.000523s ]
INFO: [ app_begin ] --END-- [ RunTime:0.000566s ]
SQL: SHOW COLUMNS FROM `activities` [ RunTime:0.0021s ]
SQL: SELECT act.*,img.img FROM `activities` `act`,`act_img` `img` WHERE ( act.id=img.act_id AND img.face=2 ) ORDER BY id desc LIMIT 6   [ RunTime:0.0079s ]
INFO: [ view_parse ] --START--
INFO: [ template_filter ] --START--
INFO: Run Behavior\ContentReplaceBehavior [ RunTime:0.000165s ]
INFO: [ template_filter ] --END-- [ RunTime:0.000229s ]
INFO: Run Behavior\ParseTemplateBehavior [ RunTime:0.010534s ]
INFO: [ view_parse ] --END-- [ RunTime:0.010597s ]
INFO: [ view_filter ] --START--
INFO: Run Behavior\WriteHtmlCacheBehavior [ RunTime:0.000246s ]
INFO: [ view_filter ] --END-- [ RunTime:0.000282s ]
INFO: [ app_end ] --START--
INFO: Run Behavior\ShowPageTraceBehavior [ RunTime:0.000526s ]
INFO: [ app_end ] --END-- [ RunTime:0.000570s ]

[ 2017-08-03T10:14:37+08:00 ] 115.60.145.125 /index.php/Home/Wonder/highlights
INFO: [ app_init ] --START--
INFO: Run Behavior\BuildLiteBehavior [ RunTime:0.000015s ]
INFO: [ app_init ] --END-- [ RunTime:0.000359s ]
INFO: [ app_begin ] --START--
INFO: Run Behavior\ReadHtmlCacheBehavior [ RunTime:0.000453s ]
INFO: [ app_begin ] --END-- [ RunTime:0.000495s ]
ERR: 无法加载控制器:Wonder

[ 2017-08-03T10:14:38+08:00 ] 115.60.145.125 /index.php/Home/Wonder/highlights
INFO: [ app_init ] --START--
INFO: Run Behavior\BuildLiteBehavior [ RunTime:0.000014s ]
INFO: [ app_init ] --END-- [ RunTime:0.000360s ]
INFO: [ app_begin ] --START--
INFO: Run Behavior\ReadHtmlCacheBehavior [ RunTime:0.000458s ]
INFO: [ app_begin ] --END-- [ RunTime:0.000502s ]
ERR: 无法加载控制器:Wonder

[ 2017-08-03T10:14:40+08:00 ] 115.60.145.125 /
INFO: [ app_init ] --START--
INFO: Run Behavior\BuildLiteBehavior [ RunTime:0.000015s ]
INFO: [ app_init ] --END-- [ RunTime:0.000370s ]
INFO: [ app_begin ] --START--
INFO: Run Behavior\ReadHtmlCacheBehavior [ RunTime:0.000459s ]
INFO: [ app_begin ] --END-- [ RunTime:0.000517s ]
SQL: SHOW COLUMNS FROM `activities` [ RunTime:0.0023s ]
SQL: SELECT act.*,img.img FROM `activities` `act`,`act_img` `img` WHERE ( act.id=img.act_id AND img.face=2 ) ORDER BY id desc LIMIT 6   [ RunTime:0.0081s ]
INFO: [ view_parse ] --START--
INFO: [ template_filter ] --START--
INFO: Run Behavior\ContentReplaceBehavior [ RunTime:0.000223s ]
INFO: [ template_filter ] --END-- [ RunTime:0.000305s ]
INFO: Run Behavior\ParseTemplateBehavior [ RunTime:0.013782s ]
INFO: [ view_parse ] --END-- [ RunTime:0.013854s ]
INFO: [ view_filter ] --START--
INFO: Run Behavior\WriteHtmlCacheBehavior [ RunTime:0.000298s ]
INFO: [ view_filter ] --END-- [ RunTime:0.000350s ]
INFO: [ app_end ] --START--
INFO: Run Behavior\ShowPageTraceBehavior [ RunTime:0.000596s ]
INFO: [ app_end ] --END-- [ RunTime:0.000641s ]

[ 2017-08-03T10:14:51+08:00 ] 115.60.145.125 /index.php/Home/News/index
INFO: [ app_init ] --START--
INFO: Run Behavior\BuildLiteBehavior [ RunTime:0.000022s ]
INFO: [ app_init ] --END-- [ RunTime:0.000393s ]
INFO: [ app_begin ] --START--
INFO: Run Behavior\ReadHtmlCacheBehavior [ RunTime:0.000498s ]
INFO: [ app_begin ] --END-- [ RunTime:0.000542s ]
SQL: SHOW COLUMNS FROM `xinwen` [ RunTime:0.0023s ]
SQL: SELECT * FROM `xinwen` WHERE ( statu=1 ) ORDER BY id desc LIMIT 10   [ RunTime:0.0053s ]
INFO: [ view_parse ] --START--
INFO: [ template_filter ] --START--
INFO: Run Behavior\ContentReplaceBehavior [ RunTime:0.000128s ]
INFO: [ template_filter ] --END-- [ RunTime:0.000185s ]
NOTIC: [8] Undefined variable: val /www/web/longzi_cn/public_html/Wap/Runtime/Cache/Home/3e1db04e7083e697fef51415aa3aaf61.php 第 134 行.
NOTIC: [8] Undefined variable: val /www/web/longzi_cn/public_html/Wap/Runtime/Cache/Home/3e1db04e7083e697fef51415aa3aaf61.php 第 136 行.
NOTIC: [8] Undefined variable: val /www/web/longzi_cn/public_html/Wap/Runtime/Cache/Home/3e1db04e7083e697fef51415aa3aaf61.php 第 138 行.
NOTIC: [8] Undefined variable: val /www/web/longzi_cn/public_html/Wap/Runtime/Cache/Home/3e1db04e7083e697fef51415aa3aaf61.php 第 150 行.
INFO: Run Behavior\ParseTemplateBehavior [ RunTime:0.012064s ]
INFO: [ view_parse ] --END-- [ RunTime:0.012109s ]
INFO: [ view_filter ] --START--
INFO: Run Behavior\WriteHtmlCacheBehavior [ RunTime:0.000259s ]
INFO: [ view_filter ] --END-- [ RunTime:0.000300s ]
INFO: [ app_end ] --START--
INFO: Run Behavior\ShowPageTraceBehavior [ RunTime:0.000565s ]
INFO: [ app_end ] --END-- [ RunTime:0.000617s ]

[ 2017-08-03T10:14:52+08:00 ] 115.60.145.125 /index.php/Home/News/index
INFO: [ app_init ] --START--
INFO: Run Behavior\BuildLiteBehavior [ RunTime:0.000021s ]
INFO: [ app_init ] --END-- [ RunTime:0.000436s ]
INFO: [ app_begin ] --START--
INFO: Run Behavior\ReadHtmlCacheBehavior [ RunTime:0.000549s ]
INFO: [ app_begin ] --END-- [ RunTime:0.000590s ]
SQL: SHOW COLUMNS FROM `xinwen` [ RunTime:0.0030s ]
SQL: SELECT * FROM `xinwen` WHERE ( statu=1 ) ORDER BY id desc LIMIT 10   [ RunTime:0.0048s ]
INFO: [ view_parse ] --START--
INFO: [ template_filter ] --START--
INFO: Run Behavior\ContentReplaceBehavior [ RunTime:0.000146s ]
INFO: [ template_filter ] --END-- [ RunTime:0.000214s ]
NOTIC: [8] Undefined variable: val /www/web/longzi_cn/public_html/Wap/Runtime/Cache/Home/3e1db04e7083e697fef51415aa3aaf61.php 第 134 行.
NOTIC: [8] Undefined variable: val /www/web/longzi_cn/public_html/Wap/Runtime/Cache/Home/3e1db04e7083e697fef51415aa3aaf61.php 第 136 行.
NOTIC: [8] Undefined variable: val /www/web/longzi_cn/public_html/Wap/Runtime/Cache/Home/3e1db04e7083e697fef51415aa3aaf61.php 第 138 行.
NOTIC: [8] Undefined variable: val /www/web/longzi_cn/public_html/Wap/Runtime/Cache/Home/3e1db04e7083e697fef51415aa3aaf61.php 第 150 行.
INFO: Run Behavior\ParseTemplateBehavior [ RunTime:0.013296s ]
INFO: [ view_parse ] --END-- [ RunTime:0.013342s ]
INFO: [ view_filter ] --START--
INFO: Run Behavior\WriteHtmlCacheBehavior [ RunTime:0.000293s ]
INFO: [ view_filter ] --END-- [ RunTime:0.000328s ]
INFO: [ app_end ] --START--
INFO: Run Behavior\ShowPageTraceBehavior [ RunTime:0.000522s ]
INFO: [ app_end ] --END-- [ RunTime:0.000566s ]

[ 2017-08-03T10:15:43+08:00 ] 115.60.145.125 /
INFO: [ app_init ] --START--
INFO: Run Behavior\BuildLiteBehavior [ RunTime:0.000032s ]
INFO: [ app_init ] --END-- [ RunTime:0.000384s ]
INFO: [ app_begin ] --START--
INFO: Run Behavior\ReadHtmlCacheBehavior [ RunTime:0.000484s ]
INFO: [ app_begin ] --END-- [ RunTime:0.000527s ]
SQL: SHOW COLUMNS FROM `activities` [ RunTime:0.0023s ]
SQL: SELECT act.*,img.img FROM `activities` `act`,`act_img` `img` WHERE ( act.id=img.act_id AND img.face=2 ) ORDER BY id desc LIMIT 6   [ RunTime:0.0085s ]
INFO: [ view_parse ] --START--
INFO: [ template_filter ] --START--
INFO: Run Behavior\ContentReplaceBehavior [ RunTime:0.000183s ]
INFO: [ template_filter ] --END-- [ RunTime:0.000281s ]
INFO: Run Behavior\ParseTemplateBehavior [ RunTime:0.011842s ]
INFO: [ view_parse ] --END-- [ RunTime:0.011907s ]
INFO: [ view_filter ] --START--
INFO: Run Behavior\WriteHtmlCacheBehavior [ RunTime:0.000247s ]
INFO: [ view_filter ] --END-- [ RunTime:0.000285s ]
INFO: [ app_end ] --START--
INFO: Run Behavior\ShowPageTraceBehavior [ RunTime:0.000631s ]
INFO: [ app_end ] --END-- [ RunTime:0.000678s ]

[ 2017-08-03T10:15:49+08:00 ] 115.60.145.125 /index.php/Home/Activity/index
INFO: [ app_init ] --START--
INFO: Run Behavior\BuildLiteBehavior [ RunTime:0.000015s ]
INFO: [ app_init ] --END-- [ RunTime:0.000364s ]
INFO: [ app_begin ] --START--
INFO: Run Behavior\ReadHtmlCacheBehavior [ RunTime:0.000453s ]
INFO: [ app_begin ] --END-- [ RunTime:0.000498s ]
INFO: [ view_parse ] --START--
INFO: [ template_filter ] --START--
INFO: Run Behavior\ContentReplaceBehavior [ RunTime:0.000086s ]
INFO: [ template_filter ] --END-- [ RunTime:0.000142s ]
NOTIC: [8] Undefined variable: val /www/web/longzi_cn/public_html/Wap/Runtime/Cache/Home/2618447a8e475f55f6204d176ed7e80f.php 第 132 行.
NOTIC: [8] Undefined variable: val /www/web/longzi_cn/public_html/Wap/Runtime/Cache/Home/2618447a8e475f55f6204d176ed7e80f.php 第 135 行.
NOTIC: [8] Undefined variable: val /www/web/longzi_cn/public_html/Wap/Runtime/Cache/Home/2618447a8e475f55f6204d176ed7e80f.php 第 140 行.
NOTIC: [8] Undefined variable: val /www/web/longzi_cn/public_html/Wap/Runtime/Cache/Home/2618447a8e475f55f6204d176ed7e80f.php 第 143 行.
NOTIC: [8] Undefined variable: val /www/web/longzi_cn/public_html/Wap/Runtime/Cache/Home/2618447a8e475f55f6204d176ed7e80f.php 第 146 行.
INFO: Run Behavior\ParseTemplateBehavior [ RunTime:0.009693s ]
INFO: [ view_parse ] --END-- [ RunTime:0.009734s ]
INFO: [ view_filter ] --START--
INFO: Run Behavior\WriteHtmlCacheBehavior [ RunTime:0.000228s ]
INFO: [ view_filter ] --END-- [ RunTime:0.000263s ]
INFO: [ app_end ] --START--
INFO: Run Behavior\ShowPageTraceBehavior [ RunTime:0.000505s ]
INFO: [ app_end ] --END-- [ RunTime:0.000548s ]

[ 2017-08-03T10:15:50+08:00 ] 115.60.145.125 /index.php/Home/Activity/lists
INFO: [ app_init ] --START--
INFO: Run Behavior\BuildLiteBehavior [ RunTime:0.000014s ]
INFO: [ app_init ] --END-- [ RunTime:0.000351s ]
INFO: [ app_begin ] --START--
INFO: Run Behavior\ReadHtmlCacheBehavior [ RunTime:0.000525s ]
INFO: [ app_begin ] --END-- [ RunTime:0.000578s ]
SQL: SHOW COLUMNS FROM `user` [ RunTime:0.0024s ]
SQL: SHOW COLUMNS FROM `activities` [ RunTime:0.0024s ]
SQL: SELECT act.*,img.img FROM `activities` `act`,`act_img` `img` WHERE ( act.id=img.act_id AND img.face=2 ) ORDER BY id desc LIMIT 0,10   [ RunTime:0.0112s ]

[ 2017-08-03T10:15:55+08:00 ] 115.60.145.125 /index.php/Home/Activity/lists
INFO: [ app_init ] --START--
INFO: Run Behavior\BuildLiteBehavior [ RunTime:0.000014s ]
INFO: [ app_init ] --END-- [ RunTime:0.000362s ]
INFO: [ app_begin ] --START--
INFO: Run Behavior\ReadHtmlCacheBehavior [ RunTime:0.000456s ]
INFO: [ app_begin ] --END-- [ RunTime:0.000508s ]
SQL: SHOW COLUMNS FROM `user` [ RunTime:0.0019s ]
SQL: SHOW COLUMNS FROM `activities` [ RunTime:0.0019s ]
SQL: SELECT act.*,img.img FROM `activities` `act`,`act_img` `img` WHERE ( act.id=img.act_id AND img.face=2 ) ORDER BY id desc LIMIT 10,10   [ RunTime:0.0122s ]

[ 2017-08-03T10:16:10+08:00 ] 115.60.145.125 /index.php/Home/Activity/lists
INFO: [ app_init ] --START--
INFO: Run Behavior\BuildLiteBehavior [ RunTime:0.000016s ]
INFO: [ app_init ] --END-- [ RunTime:0.000355s ]
INFO: [ app_begin ] --START--
INFO: Run Behavior\ReadHtmlCacheBehavior [ RunTime:0.000444s ]
INFO: [ app_begin ] --END-- [ RunTime:0.000486s ]
SQL: SHOW COLUMNS FROM `user` [ RunTime:0.0021s ]
SQL: SHOW COLUMNS FROM `activities` [ RunTime:0.0020s ]
SQL: SELECT act.*,img.img FROM `activities` `act`,`act_img` `img` WHERE ( act.id=img.act_id AND img.face=2 ) ORDER BY id desc LIMIT 20,10   [ RunTime:0.0144s ]

[ 2017-08-03T10:16:16+08:00 ] 115.60.145.125 /index.php/Home/Activity/lists
INFO: [ app_init ] --START--
INFO: Run Behavior\BuildLiteBehavior [ RunTime:0.000018s ]
INFO: [ app_init ] --END-- [ RunTime:0.000370s ]
INFO: [ app_begin ] --START--
INFO: Run Behavior\ReadHtmlCacheBehavior [ RunTime:0.000449s ]
INFO: [ app_begin ] --END-- [ RunTime:0.000491s ]
SQL: SHOW COLUMNS FROM `user` [ RunTime:0.0022s ]
SQL: SHOW COLUMNS FROM `activities` [ RunTime:0.0021s ]
SQL: SELECT act.*,img.img FROM `activities` `act`,`act_img` `img` WHERE ( act.id=img.act_id AND img.face=2 ) ORDER BY id desc LIMIT 30,10   [ RunTime:0.0116s ]
SQL: SELECT * FROM `user` WHERE ( id=91 )  [ RunTime:0.0017s ]

[ 2017-08-03T10:16:26+08:00 ] 101.226.33.239 /index.php/Home/Addname/index
INFO: [ app_init ] --START--
INFO: Run Behavior\BuildLiteBehavior [ RunTime:0.000017s ]
INFO: [ app_init ] --END-- [ RunTime:0.000374s ]
INFO: [ app_begin ] --START--
INFO: Run Behavior\ReadHtmlCacheBehavior [ RunTime:0.000492s ]
INFO: [ app_begin ] --END-- [ RunTime:0.000536s ]
ERR: 无法加载控制器:Addname

[ 2017-08-03T10:16:31+08:00 ] 115.60.145.125 /index.php/Home/Activity/lists
INFO: [ app_init ] --START--
INFO: Run Behavior\BuildLiteBehavior [ RunTime:0.000016s ]
INFO: [ app_init ] --END-- [ RunTime:0.000360s ]
INFO: [ app_begin ] --START--
INFO: Run Behavior\ReadHtmlCacheBehavior [ RunTime:0.000470s ]
INFO: [ app_begin ] --END-- [ RunTime:0.000513s ]
SQL: SHOW COLUMNS FROM `user` [ RunTime:0.0028s ]
SQL: SHOW COLUMNS FROM `activities` [ RunTime:0.0022s ]
SQL: SELECT act.*,img.img FROM `activities` `act`,`act_img` `img` WHERE ( act.id=img.act_id AND img.face=2 ) ORDER BY id desc LIMIT 40,10   [ RunTime:0.0064s ]
SQL: SELECT * FROM `user` WHERE ( id=87 )  [ RunTime:0.0017s ]
SQL: SELECT * FROM `user` WHERE ( id=87 )  [ RunTime:0.0015s ]
SQL: SELECT * FROM `user` WHERE ( id=87 )  [ RunTime:0.0016s ]
SQL: SELECT * FROM `user` WHERE ( id=87 )  [ RunTime:0.0017s ]
SQL: SELECT * FROM `user` WHERE ( id=87 )  [ RunTime:0.0017s ]
SQL: SELECT * FROM `user` WHERE ( id=87 )  [ RunTime:0.0016s ]

[ 2017-08-03T10:16:36+08:00 ] 115.60.145.125 /index.php/Home/Activity/lists
INFO: [ app_init ] --START--
INFO: Run Behavior\BuildLiteBehavior [ RunTime:0.000017s ]
INFO: [ app_init ] --END-- [ RunTime:0.000366s ]
INFO: [ app_begin ] --START--
INFO: Run Behavior\ReadHtmlCacheBehavior [ RunTime:0.000457s ]
INFO: [ app_begin ] --END-- [ RunTime:0.000498s ]
SQL: SHOW COLUMNS FROM `user` [ RunTime:0.0021s ]
SQL: SHOW COLUMNS FROM `activities` [ RunTime:0.0020s ]
SQL: SELECT act.*,img.img FROM `activities` `act`,`act_img` `img` WHERE ( act.id=img.act_id AND img.face=2 ) ORDER BY id desc LIMIT 50,10   [ RunTime:0.0061s ]
SQL: SELECT * FROM `user` WHERE ( id=87 )  [ RunTime:0.0016s ]

[ 2017-08-03T10:16:37+08:00 ] 115.60.145.125 /index.php/Home/Activity/lists
INFO: [ app_init ] --START--
INFO: Run Behavior\BuildLiteBehavior [ RunTime:0.000023s ]
INFO: [ app_init ] --END-- [ RunTime:0.000444s ]
INFO: [ app_begin ] --START--
INFO: Run Behavior\ReadHtmlCacheBehavior [ RunTime:0.000514s ]
INFO: [ app_begin ] --END-- [ RunTime:0.000555s ]
SQL: SHOW COLUMNS FROM `user` [ RunTime:0.0021s ]
SQL: SHOW COLUMNS FROM `activities` [ RunTime:0.0021s ]
SQL: SELECT act.*,img.img FROM `activities` `act`,`act_img` `img` WHERE ( act.id=img.act_id AND img.face=2 ) ORDER BY id desc LIMIT 60,10   [ RunTime:0.0050s ]

[ 2017-08-03T10:17:41+08:00 ] 115.60.145.125 /index.php/Home/activity/details?id=a30
INFO: [ app_init ] --START--
INFO: Run Behavior\BuildLiteBehavior [ RunTime:0.000014s ]
INFO: [ app_init ] --END-- [ RunTime:0.000342s ]
INFO: [ app_begin ] --START--
INFO: Run Behavior\ReadHtmlCacheBehavior [ RunTime:0.000443s ]
INFO: [ app_begin ] --END-- [ RunTime:0.000487s ]
SQL: SHOW COLUMNS FROM `activities` [ RunTime:0.0026s ]
ERR: 1054:Unknown column 'a30' in 'where clause'
 [ SQL语句 ] : SELECT act.*,img.img FROM `activities` `act`,`act_img` `img` WHERE ( act.id=img.act_id AND img.face=2 AND act.id=a30 ) LIMIT 1  
ERR: 1054:Unknown column 'a30' in 'where clause'
 [ SQL语句 ] : SELECT act.*,img.img FROM `activities` `act`,`act_img` `img` WHERE ( act.id=img.act_id AND img.face=2 AND act.id=a30 ) LIMIT 1  

[ 2017-08-03T10:17:45+08:00 ] 115.60.145.125 /index.php/Home/Activity/index
INFO: [ app_init ] --START--
INFO: Run Behavior\BuildLiteBehavior [ RunTime:0.000022s ]
INFO: [ app_init ] --END-- [ RunTime:0.000493s ]
INFO: [ app_begin ] --START--
INFO: Run Behavior\ReadHtmlCacheBehavior [ RunTime:0.000664s ]
INFO: [ app_begin ] --END-- [ RunTime:0.000726s ]
INFO: [ view_parse ] --START--
INFO: [ template_filter ] --START--
INFO: Run Behavior\ContentReplaceBehavior [ RunTime:0.000094s ]
INFO: [ template_filter ] --END-- [ RunTime:0.000163s ]
NOTIC: [8] Undefined variable: val /www/web/longzi_cn/public_html/Wap/Runtime/Cache/Home/2618447a8e475f55f6204d176ed7e80f.php 第 132 行.
NOTIC: [8] Undefined variable: val /www/web/longzi_cn/public_html/Wap/Runtime/Cache/Home/2618447a8e475f55f6204d176ed7e80f.php 第 135 行.
NOTIC: [8] Undefined variable: val /www/web/longzi_cn/public_html/Wap/Runtime/Cache/Home/2618447a8e475f55f6204d176ed7e80f.php 第 140 行.
NOTIC: [8] Undefined variable: val /www/web/longzi_cn/public_html/Wap/Runtime/Cache/Home/2618447a8e475f55f6204d176ed7e80f.php 第 143 行.
NOTIC: [8] Undefined variable: val /www/web/longzi_cn/public_html/Wap/Runtime/Cache/Home/2618447a8e475f55f6204d176ed7e80f.php 第 146 行.
INFO: Run Behavior\ParseTemplateBehavior [ RunTime:0.009930s ]
INFO: [ view_parse ] --END-- [ RunTime:0.009978s ]
INFO: [ view_filter ] --START--
INFO: Run Behavior\WriteHtmlCacheBehavior [ RunTime:0.000245s ]
INFO: [ view_filter ] --END-- [ RunTime:0.000281s ]
INFO: [ app_end ] --START--
INFO: Run Behavior\ShowPageTraceBehavior [ RunTime:0.000538s ]
INFO: [ app_end ] --END-- [ RunTime:0.000598s ]

[ 2017-08-03T10:17:45+08:00 ] 115.60.145.125 /index.php/Home/Activity/lists
INFO: [ app_init ] --START--
INFO: Run Behavior\BuildLiteBehavior [ RunTime:0.000014s ]
INFO: [ app_init ] --END-- [ RunTime:0.000366s ]
INFO: [ app_begin ] --START--
INFO: Run Behavior\ReadHtmlCacheBehavior [ RunTime:0.000510s ]
INFO: [ app_begin ] --END-- [ RunTime:0.000559s ]
SQL: SHOW COLUMNS FROM `user` [ RunTime:0.0021s ]
SQL: SHOW COLUMNS FROM `activities` [ RunTime:0.0024s ]
SQL: SELECT act.*,img.img FROM `activities` `act`,`act_img` `img` WHERE ( act.id=img.act_id AND img.face=2 ) ORDER BY id desc LIMIT 0,10   [ RunTime:0.0098s ]

[ 2017-08-03T10:17:48+08:00 ] 115.60.145.125 /index.php/Home/activity/details?id=a30
INFO: [ app_init ] --START--
INFO: Run Behavior\BuildLiteBehavior [ RunTime:0.000019s ]
INFO: [ app_init ] --END-- [ RunTime:0.000377s ]
INFO: [ app_begin ] --START--
INFO: Run Behavior\ReadHtmlCacheBehavior [ RunTime:0.000464s ]
INFO: [ app_begin ] --END-- [ RunTime:0.000524s ]
SQL: SHOW COLUMNS FROM `activities` [ RunTime:0.0022s ]
ERR: 1054:Unknown column 'a30' in 'where clause'
 [ SQL语句 ] : SELECT act.*,img.img FROM `activities` `act`,`act_img` `img` WHERE ( act.id=img.act_id AND img.face=2 AND act.id=a30 ) LIMIT 1  
ERR: 1054:Unknown column 'a30' in 'where clause'
 [ SQL语句 ] : SELECT act.*,img.img FROM `activities` `act`,`act_img` `img` WHERE ( act.id=img.act_id AND img.face=2 AND act.id=a30 ) LIMIT 1  

[ 2017-08-03T10:17:52+08:00 ] 115.60.145.125 /index.php/Home/Activity/index
INFO: [ app_init ] --START--
INFO: Run Behavior\BuildLiteBehavior [ RunTime:0.000014s ]
INFO: [ app_init ] --END-- [ RunTime:0.000357s ]
INFO: [ app_begin ] --START--
INFO: Run Behavior\ReadHtmlCacheBehavior [ RunTime:0.000484s ]
INFO: [ app_begin ] --END-- [ RunTime:0.000542s ]
INFO: [ view_parse ] --START--
INFO: [ template_filter ] --START--
INFO: Run Behavior\ContentReplaceBehavior [ RunTime:0.000115s ]
INFO: [ template_filter ] --END-- [ RunTime:0.000183s ]
NOTIC: [8] Undefined variable: val /www/web/longzi_cn/public_html/Wap/Runtime/Cache/Home/2618447a8e475f55f6204d176ed7e80f.php 第 132 行.
NOTIC: [8] Undefined variable: val /www/web/longzi_cn/public_html/Wap/Runtime/Cache/Home/2618447a8e475f55f6204d176ed7e80f.php 第 135 行.
NOTIC: [8] Undefined variable: val /www/web/longzi_cn/public_html/Wap/Runtime/Cache/Home/2618447a8e475f55f6204d176ed7e80f.php 第 140 行.
NOTIC: [8] Undefined variable: val /www/web/longzi_cn/public_html/Wap/Runtime/Cache/Home/2618447a8e475f55f6204d176ed7e80f.php 第 143 行.
NOTIC: [8] Undefined variable: val /www/web/longzi_cn/public_html/Wap/Runtime/Cache/Home/2618447a8e475f55f6204d176ed7e80f.php 第 146 行.
INFO: Run Behavior\ParseTemplateBehavior [ RunTime:0.009150s ]
INFO: [ view_parse ] --END-- [ RunTime:0.009190s ]
INFO: [ view_filter ] --START--
INFO: Run Behavior\WriteHtmlCacheBehavior [ RunTime:0.000299s ]
INFO: [ view_filter ] --END-- [ RunTime:0.000365s ]
INFO: [ app_end ] --START--
INFO: Run Behavior\ShowPageTraceBehavior [ RunTime:0.000522s ]
INFO: [ app_end ] --END-- [ RunTime:0.000575s ]

[ 2017-08-03T10:17:52+08:00 ] 115.60.145.125 /index.php/Home/Activity/lists
INFO: [ app_init ] --START--
INFO: Run Behavior\BuildLiteBehavior [ RunTime:0.000017s ]
INFO: [ app_init ] --END-- [ RunTime:0.000399s ]
INFO: [ app_begin ] --START--
INFO: Run Behavior\ReadHtmlCacheBehavior [ RunTime:0.000494s ]
INFO: [ app_begin ] --END-- [ RunTime:0.000537s ]
SQL: SHOW COLUMNS FROM `user` [ RunTime:0.0022s ]
SQL: SHOW COLUMNS FROM `activities` [ RunTime:0.0021s ]
SQL: SELECT act.*,img.img FROM `activities` `act`,`act_img` `img` WHERE ( act.id=img.act_id AND img.face=2 ) ORDER BY id desc LIMIT 0,10   [ RunTime:0.0112s ]

[ 2017-08-03T10:18:21+08:00 ] 115.60.145.125 /index.php/Home/activity/details?id=a30
INFO: [ app_init ] --START--
INFO: Run Behavior\BuildLiteBehavior [ RunTime:0.000022s ]
INFO: [ app_init ] --END-- [ RunTime:0.000475s ]
INFO: [ app_begin ] --START--
INFO: Run Behavior\ReadHtmlCacheBehavior [ RunTime:0.000796s ]
INFO: [ app_begin ] --END-- [ RunTime:0.000851s ]
SQL: SHOW COLUMNS FROM `activities` [ RunTime:0.0022s ]
ERR: 1054:Unknown column 'a30' in 'where clause'
 [ SQL语句 ] : SELECT act.*,img.img FROM `activities` `act`,`act_img` `img` WHERE ( act.id=img.act_id AND img.face=2 AND act.id=a30 ) LIMIT 1  
ERR: 1054:Unknown column 'a30' in 'where clause'
 [ SQL语句 ] : SELECT act.*,img.img FROM `activities` `act`,`act_img` `img` WHERE ( act.id=img.act_id AND img.face=2 AND act.id=a30 ) LIMIT 1  

[ 2017-08-03T10:18:23+08:00 ] 115.60.145.125 /index.php/Home/Activity/index
INFO: [ app_init ] --START--
INFO: Run Behavior\BuildLiteBehavior [ RunTime:0.000021s ]
INFO: [ app_init ] --END-- [ RunTime:0.000452s ]
INFO: [ app_begin ] --START--
INFO: Run Behavior\ReadHtmlCacheBehavior [ RunTime:0.000551s ]
INFO: [ app_begin ] --END-- [ RunTime:0.000618s ]
INFO: [ view_parse ] --START--
INFO: [ template_filter ] --START--
INFO: Run Behavior\ContentReplaceBehavior [ RunTime:0.000118s ]
INFO: [ template_filter ] --END-- [ RunTime:0.000186s ]
NOTIC: [8] Undefined variable: val /www/web/longzi_cn/public_html/Wap/Runtime/Cache/Home/2618447a8e475f55f6204d176ed7e80f.php 第 132 行.
NOTIC: [8] Undefined variable: val /www/web/longzi_cn/public_html/Wap/Runtime/Cache/Home/2618447a8e475f55f6204d176ed7e80f.php 第 135 行.
NOTIC: [8] Undefined variable: val /www/web/longzi_cn/public_html/Wap/Runtime/Cache/Home/2618447a8e475f55f6204d176ed7e80f.php 第 140 行.
NOTIC: [8] Undefined variable: val /www/web/longzi_cn/public_html/Wap/Runtime/Cache/Home/2618447a8e475f55f6204d176ed7e80f.php 第 143 行.
NOTIC: [8] Undefined variable: val /www/web/longzi_cn/public_html/Wap/Runtime/Cache/Home/2618447a8e475f55f6204d176ed7e80f.php 第 146 行.
INFO: Run Behavior\ParseTemplateBehavior [ RunTime:0.009643s ]
INFO: [ view_parse ] --END-- [ RunTime:0.009697s ]
INFO: [ view_filter ] --START--
INFO: Run Behavior\WriteHtmlCacheBehavior [ RunTime:0.000259s ]
INFO: [ view_filter ] --END-- [ RunTime:0.000309s ]
INFO: [ app_end ] --START--
INFO: Run Behavior\ShowPageTraceBehavior [ RunTime:0.000691s ]
INFO: [ app_end ] --END-- [ RunTime:0.000736s ]

[ 2017-08-03T10:18:24+08:00 ] 115.60.145.125 /index.php/Home/Activity/lists
INFO: [ app_init ] --START--
INFO: Run Behavior\BuildLiteBehavior [ RunTime:0.000015s ]
INFO: [ app_init ] --END-- [ RunTime:0.000375s ]
INFO: [ app_begin ] --START--
INFO: Run Behavior\ReadHtmlCacheBehavior [ RunTime:0.000539s ]
INFO: [ app_begin ] --END-- [ RunTime:0.000590s ]
SQL: SHOW COLUMNS FROM `user` [ RunTime:0.0020s ]
SQL: SHOW COLUMNS FROM `activities` [ RunTime:0.0020s ]
SQL: SELECT act.*,img.img FROM `activities` `act`,`act_img` `img` WHERE ( act.id=img.act_id AND img.face=2 ) ORDER BY id desc LIMIT 0,10   [ RunTime:0.0107s ]

[ 2017-08-03T10:19:52+08:00 ] 115.60.145.125 /index.php/Home/Activity/lists
INFO: [ app_init ] --START--
INFO: Run Behavior\BuildLiteBehavior [ RunTime:0.000018s ]
INFO: [ app_init ] --END-- [ RunTime:0.000429s ]
INFO: [ app_begin ] --START--
INFO: Run Behavior\ReadHtmlCacheBehavior [ RunTime:0.000537s ]
INFO: [ app_begin ] --END-- [ RunTime:0.000598s ]
SQL: SHOW COLUMNS FROM `user` [ RunTime:0.0021s ]
SQL: SHOW COLUMNS FROM `activities` [ RunTime:0.0020s ]
SQL: SELECT act.*,img.img FROM `activities` `act`,`act_img` `img` WHERE ( act.id=img.act_id AND img.face=2 ) ORDER BY id desc LIMIT 10,10   [ RunTime:0.0132s ]

[ 2017-08-03T16:09:33+08:00 ] 115.60.145.125 /
INFO: [ app_init ] --START--
INFO: Run Behavior\BuildLiteBehavior [ RunTime:0.000016s ]
INFO: [ app_init ] --END-- [ RunTime:0.000370s ]
INFO: [ app_begin ] --START--
INFO: Run Behavior\ReadHtmlCacheBehavior [ RunTime:0.000456s ]
INFO: [ app_begin ] --END-- [ RunTime:0.000499s ]
SQL: SHOW COLUMNS FROM `activities` [ RunTime:0.0021s ]
SQL: SELECT act.*,img.img FROM `activities` `act`,`act_img` `img` WHERE ( act.id=img.act_id AND img.face=2 ) ORDER BY id desc LIMIT 6   [ RunTime:0.0075s ]
INFO: [ view_parse ] --START--
INFO: [ template_filter ] --START--
INFO: Run Behavior\ContentReplaceBehavior [ RunTime:0.000181s ]
INFO: [ template_filter ] --END-- [ RunTime:0.000264s ]
INFO: Run Behavior\ParseTemplateBehavior [ RunTime:0.012467s ]
INFO: [ view_parse ] --END-- [ RunTime:0.012546s ]
INFO: [ view_filter ] --START--
INFO: Run Behavior\WriteHtmlCacheBehavior [ RunTime:0.000270s ]
INFO: [ view_filter ] --END-- [ RunTime:0.000321s ]
INFO: [ app_end ] --START--
INFO: Run Behavior\ShowPageTraceBehavior [ RunTime:0.000616s ]
INFO: [ app_end ] --END-- [ RunTime:0.000682s ]

[ 2017-08-03T16:09:35+08:00 ] 115.60.145.125 /
INFO: [ app_init ] --START--
INFO: Run Behavior\BuildLiteBehavior [ RunTime:0.000041s ]
INFO: [ app_init ] --END-- [ RunTime:0.000566s ]
INFO: [ app_begin ] --START--
INFO: Run Behavior\ReadHtmlCacheBehavior [ RunTime:0.000710s ]
INFO: [ app_begin ] --END-- [ RunTime:0.000794s ]
SQL: SHOW COLUMNS FROM `activities` [ RunTime:0.0024s ]
SQL: SELECT act.*,img.img FROM `activities` `act`,`act_img` `img` WHERE ( act.id=img.act_id AND img.face=2 ) ORDER BY id desc LIMIT 6   [ RunTime:0.0085s ]
INFO: [ view_parse ] --START--
INFO: [ template_filter ] --START--
INFO: Run Behavior\ContentReplaceBehavior [ RunTime:0.000145s ]
INFO: [ template_filter ] --END-- [ RunTime:0.000203s ]
INFO: Run Behavior\ParseTemplateBehavior [ RunTime:0.014173s ]
INFO: [ view_parse ] --END-- [ RunTime:0.014223s ]
INFO: [ view_filter ] --START--
INFO: Run Behavior\WriteHtmlCacheBehavior [ RunTime:0.000323s ]
INFO: [ view_filter ] --END-- [ RunTime:0.000433s ]
INFO: [ app_end ] --START--
INFO: Run Behavior\ShowPageTraceBehavior [ RunTime:0.000507s ]
INFO: [ app_end ] --END-- [ RunTime:0.000551s ]

[ 2017-08-03T16:09:40+08:00 ] 115.60.145.125 /index.php/Home/Wonder/highlights
INFO: [ app_init ] --START--
INFO: Run Behavior\BuildLiteBehavior [ RunTime:0.000025s ]
INFO: [ app_init ] --END-- [ RunTime:0.000544s ]
INFO: [ app_begin ] --START--
INFO: Run Behavior\ReadHtmlCacheBehavior [ RunTime:0.000497s ]
INFO: [ app_begin ] --END-- [ RunTime:0.000542s ]
ERR: 无法加载控制器:Wonder

[ 2017-08-03T16:10:00+08:00 ] 115.60.145.125 /
INFO: [ app_init ] --START--
INFO: Run Behavior\BuildLiteBehavior [ RunTime:0.000018s ]
INFO: [ app_init ] --END-- [ RunTime:0.000396s ]
INFO: [ app_begin ] --START--
INFO: Run Behavior\ReadHtmlCacheBehavior [ RunTime:0.000513s ]
INFO: [ app_begin ] --END-- [ RunTime:0.000559s ]
SQL: SHOW COLUMNS FROM `activities` [ RunTime:0.0027s ]
SQL: SELECT act.*,img.img FROM `activities` `act`,`act_img` `img` WHERE ( act.id=img.act_id AND img.face=2 ) ORDER BY id desc LIMIT 6   [ RunTime:0.0109s ]
INFO: [ view_parse ] --START--
INFO: [ template_filter ] --START--
INFO: Run Behavior\ContentReplaceBehavior [ RunTime:0.000183s ]
INFO: [ template_filter ] --END-- [ RunTime:0.000253s ]
INFO: Run Behavior\ParseTemplateBehavior [ RunTime:0.011087s ]
INFO: [ view_parse ] --END-- [ RunTime:0.011153s ]
INFO: [ view_filter ] --START--
INFO: Run Behavior\WriteHtmlCacheBehavior [ RunTime:0.000297s ]
INFO: [ view_filter ] --END-- [ RunTime:0.000339s ]
INFO: [ app_end ] --START--
INFO: Run Behavior\ShowPageTraceBehavior [ RunTime:0.000618s ]
INFO: [ app_end ] --END-- [ RunTime:0.000664s ]

[ 2017-08-03T16:10:07+08:00 ] 115.60.145.125 /index.php/Home/Wonder/highlights
INFO: [ app_init ] --START--
INFO: Run Behavior\BuildLiteBehavior [ RunTime:0.000018s ]
INFO: [ app_init ] --END-- [ RunTime:0.000371s ]
INFO: [ app_begin ] --START--
INFO: Run Behavior\ReadHtmlCacheBehavior [ RunTime:0.000494s ]
INFO: [ app_begin ] --END-- [ RunTime:0.000538s ]
ERR: 无法加载控制器:Wonder

[ 2017-08-03T16:10:10+08:00 ] 115.60.145.125 /
INFO: [ app_init ] --START--
INFO: Run Behavior\BuildLiteBehavior [ RunTime:0.000014s ]
INFO: [ app_init ] --END-- [ RunTime:0.000402s ]
INFO: [ app_begin ] --START--
INFO: Run Behavior\ReadHtmlCacheBehavior [ RunTime:0.000488s ]
INFO: [ app_begin ] --END-- [ RunTime:0.000544s ]
SQL: SHOW COLUMNS FROM `activities` [ RunTime:0.0027s ]
SQL: SELECT act.*,img.img FROM `activities` `act`,`act_img` `img` WHERE ( act.id=img.act_id AND img.face=2 ) ORDER BY id desc LIMIT 6   [ RunTime:0.0084s ]
INFO: [ view_parse ] --START--
INFO: [ template_filter ] --START--
INFO: Run Behavior\ContentReplaceBehavior [ RunTime:0.000192s ]
INFO: [ template_filter ] --END-- [ RunTime:0.000272s ]
INFO: Run Behavior\ParseTemplateBehavior [ RunTime:0.010997s ]
INFO: [ view_parse ] --END-- [ RunTime:0.011053s ]
INFO: [ view_filter ] --START--
INFO: Run Behavior\WriteHtmlCacheBehavior [ RunTime:0.000248s ]
INFO: [ view_filter ] --END-- [ RunTime:0.000285s ]
INFO: [ app_end ] --START--
INFO: Run Behavior\ShowPageTraceBehavior [ RunTime:0.000533s ]
INFO: [ app_end ] --END-- [ RunTime:0.000577s ]

[ 2017-08-03T16:12:29+08:00 ] 115.60.145.125 /index.php/Home/Topic/STlist
INFO: [ app_init ] --START--
INFO: Run Behavior\BuildLiteBehavior [ RunTime:0.000014s ]
INFO: [ app_init ] --END-- [ RunTime:0.000410s ]
INFO: [ app_begin ] --START--
INFO: Run Behavior\ReadHtmlCacheBehavior [ RunTime:0.000468s ]
INFO: [ app_begin ] --END-- [ RunTime:0.000527s ]
ERR: 非法操作:STlist

[ 2017-08-03T16:13:07+08:00 ] 115.60.145.125 /index.php/Home/Wonder/index
INFO: [ app_init ] --START--
INFO: Run Behavior\BuildLiteBehavior [ RunTime:0.000017s ]
INFO: [ app_init ] --END-- [ RunTime:0.000355s ]
INFO: [ app_begin ] --START--
INFO: Run Behavior\ReadHtmlCacheBehavior [ RunTime:0.000526s ]
INFO: [ app_begin ] --END-- [ RunTime:0.000569s ]
ERR: 无法加载控制器:Wonder

[ 2017-08-03T16:13:09+08:00 ] 115.60.145.125 /index.php/Home/Wonder/index
INFO: [ app_init ] --START--
INFO: Run Behavior\BuildLiteBehavior [ RunTime:0.000016s ]
INFO: [ app_init ] --END-- [ RunTime:0.000377s ]
INFO: [ app_begin ] --START--
INFO: Run Behavior\ReadHtmlCacheBehavior [ RunTime:0.000538s ]
INFO: [ app_begin ] --END-- [ RunTime:0.000597s ]
ERR: 无法加载控制器:Wonder

[ 2017-08-03T16:13:09+08:00 ] 115.60.145.125 /index.php/Home/Wonder/index
INFO: [ app_init ] --START--
INFO: Run Behavior\BuildLiteBehavior [ RunTime:0.000024s ]
INFO: [ app_init ] --END-- [ RunTime:0.000508s ]
INFO: [ app_begin ] --START--
INFO: Run Behavior\ReadHtmlCacheBehavior [ RunTime:0.000526s ]
INFO: [ app_begin ] --END-- [ RunTime:0.000572s ]
ERR: 无法加载控制器:Wonder

[ 2017-08-03T16:13:10+08:00 ] 115.60.145.125 /index.php/Home/Wonder/index
INFO: [ app_init ] --START--
INFO: Run Behavior\BuildLiteBehavior [ RunTime:0.000017s ]
INFO: [ app_init ] --END-- [ RunTime:0.000358s ]
INFO: [ app_begin ] --START--
INFO: Run Behavior\ReadHtmlCacheBehavior [ RunTime:0.000520s ]
INFO: [ app_begin ] --END-- [ RunTime:0.000564s ]
ERR: 无法加载控制器:Wonder

[ 2017-08-03T16:13:10+08:00 ] 115.60.145.125 /index.php/Home/Wonder/index
INFO: [ app_init ] --START--
INFO: Run Behavior\BuildLiteBehavior [ RunTime:0.000015s ]
INFO: [ app_init ] --END-- [ RunTime:0.000395s ]
INFO: [ app_begin ] --START--
INFO: Run Behavior\ReadHtmlCacheBehavior [ RunTime:0.000495s ]
INFO: [ app_begin ] --END-- [ RunTime:0.000539s ]
ERR: 无法加载控制器:Wonder

[ 2017-08-03T16:13:10+08:00 ] 115.60.145.125 /index.php/Home/Wonder/index
INFO: [ app_init ] --START--
INFO: Run Behavior\BuildLiteBehavior [ RunTime:0.000016s ]
INFO: [ app_init ] --END-- [ RunTime:0.000490s ]
INFO: [ app_begin ] --START--
INFO: Run Behavior\ReadHtmlCacheBehavior [ RunTime:0.000770s ]
INFO: [ app_begin ] --END-- [ RunTime:0.000827s ]
ERR: 无法加载控制器:Wonder

[ 2017-08-03T16:13:10+08:00 ] 115.60.145.125 /index.php/Home/Wonder/index
INFO: [ app_init ] --START--
INFO: Run Behavior\BuildLiteBehavior [ RunTime:0.000015s ]
INFO: [ app_init ] --END-- [ RunTime:0.000484s ]
INFO: [ app_begin ] --START--
INFO: Run Behavior\ReadHtmlCacheBehavior [ RunTime:0.000552s ]
INFO: [ app_begin ] --END-- [ RunTime:0.000604s ]
ERR: 无法加载控制器:Wonder

[ 2017-08-03T16:13:11+08:00 ] 115.60.145.125 /index.php/Home/Wonder/index
INFO: [ app_init ] --START--
INFO: Run Behavior\BuildLiteBehavior [ RunTime:0.000014s ]
INFO: [ app_init ] --END-- [ RunTime:0.000411s ]
INFO: [ app_begin ] --START--
INFO: Run Behavior\ReadHtmlCacheBehavior [ RunTime:0.000544s ]
INFO: [ app_begin ] --END-- [ RunTime:0.000587s ]
ERR: 无法加载控制器:Wonder

[ 2017-08-03T16:13:11+08:00 ] 115.60.145.125 /index.php/Home/Wonder/index
INFO: [ app_init ] --START--
INFO: Run Behavior\BuildLiteBehavior [ RunTime:0.000020s ]
INFO: [ app_init ] --END-- [ RunTime:0.000383s ]
INFO: [ app_begin ] --START--
INFO: Run Behavior\ReadHtmlCacheBehavior [ RunTime:0.000562s ]
INFO: [ app_begin ] --END-- [ RunTime:0.000626s ]
ERR: 无法加载控制器:Wonder

[ 2017-08-03T16:13:11+08:00 ] 115.60.145.125 /index.php/Home/Wonder/index
INFO: [ app_init ] --START--
INFO: Run Behavior\BuildLiteBehavior [ RunTime:0.000015s ]
INFO: [ app_init ] --END-- [ RunTime:0.000430s ]
INFO: [ app_begin ] --START--
INFO: Run Behavior\ReadHtmlCacheBehavior [ RunTime:0.000608s ]
INFO: [ app_begin ] --END-- [ RunTime:0.000668s ]
ERR: 无法加载控制器:Wonder

[ 2017-08-03T16:13:32+08:00 ] 115.60.145.125 /index.php/Home/Wonder/index
INFO: [ app_init ] --START--
INFO: Run Behavior\BuildLiteBehavior [ RunTime:0.000015s ]
INFO: [ app_init ] --END-- [ RunTime:0.000380s ]
INFO: [ app_begin ] --START--
INFO: Run Behavior\ReadHtmlCacheBehavior [ RunTime:0.000494s ]
INFO: [ app_begin ] --END-- [ RunTime:0.000539s ]
INFO: [ view_parse ] --START--
INFO: [ template_filter ] --START--
INFO: Run Behavior\ContentReplaceBehavior [ RunTime:0.000105s ]
INFO: [ template_filter ] --END-- [ RunTime:0.000167s ]
INFO: Run Behavior\ParseTemplateBehavior [ RunTime:0.009706s ]
INFO: [ view_parse ] --END-- [ RunTime:0.009762s ]
INFO: [ view_filter ] --START--
INFO: Run Behavior\WriteHtmlCacheBehavior [ RunTime:0.000224s ]
INFO: [ view_filter ] --END-- [ RunTime:0.000271s ]
INFO: [ app_end ] --START--
INFO: Run Behavior\ShowPageTraceBehavior [ RunTime:0.000484s ]
INFO: [ app_end ] --END-- [ RunTime:0.000526s ]

[ 2017-08-03T16:14:30+08:00 ] 115.60.145.125 /index.php/Home/Topic/STlist
INFO: [ app_init ] --START--
INFO: Run Behavior\BuildLiteBehavior [ RunTime:0.000023s ]
INFO: [ app_init ] --END-- [ RunTime:0.000398s ]
INFO: [ app_begin ] --START--
INFO: Run Behavior\ReadHtmlCacheBehavior [ RunTime:0.000486s ]
INFO: [ app_begin ] --END-- [ RunTime:0.000529s ]
ERR: 非法操作:STlist

[ 2017-08-03T16:14:40+08:00 ] 115.60.145.125 /index.php/Home/Pay/doalipay
INFO: [ app_init ] --START--
INFO: Run Behavior\BuildLiteBehavior [ RunTime:0.000026s ]
INFO: [ app_init ] --END-- [ RunTime:0.000521s ]
INFO: [ app_begin ] --START--
INFO: Run Behavior\ReadHtmlCacheBehavior [ RunTime:0.000749s ]
INFO: [ app_begin ] --END-- [ RunTime:0.000817s ]
ERR: 无法加载控制器:Pay

[ 2017-08-03T16:14:50+08:00 ] 115.60.145.125 /index.php/Home/Wonder/index
INFO: [ app_init ] --START--
INFO: Run Behavior\BuildLiteBehavior [ RunTime:0.000017s ]
INFO: [ app_init ] --END-- [ RunTime:0.000385s ]
INFO: [ app_begin ] --START--
INFO: Run Behavior\ReadHtmlCacheBehavior [ RunTime:0.000471s ]
INFO: [ app_begin ] --END-- [ RunTime:0.000525s ]
INFO: [ view_parse ] --START--
INFO: [ template_filter ] --START--
INFO: Run Behavior\ContentReplaceBehavior [ RunTime:0.000133s ]
INFO: [ template_filter ] --END-- [ RunTime:0.000214s ]
INFO: Run Behavior\ParseTemplateBehavior [ RunTime:0.010718s ]
INFO: [ view_parse ] --END-- [ RunTime:0.010763s ]
INFO: [ view_filter ] --START--
INFO: Run Behavior\WriteHtmlCacheBehavior [ RunTime:0.000286s ]
INFO: [ view_filter ] --END-- [ RunTime:0.000323s ]
INFO: [ app_end ] --START--
INFO: Run Behavior\ShowPageTraceBehavior [ RunTime:0.000527s ]
INFO: [ app_end ] --END-- [ RunTime:0.000574s ]

[ 2017-08-03T16:15:03+08:00 ] 115.60.145.125 /
INFO: [ app_init ] --START--
INFO: Run Behavior\BuildLiteBehavior [ RunTime:0.000019s ]
INFO: [ app_init ] --END-- [ RunTime:0.000509s ]
INFO: [ app_begin ] --START--
INFO: Run Behavior\ReadHtmlCacheBehavior [ RunTime:0.000472s ]
INFO: [ app_begin ] --END-- [ RunTime:0.000515s ]
SQL: SHOW COLUMNS FROM `activities` [ RunTime:0.0030s ]
SQL: SELECT act.*,img.img FROM `activities` `act`,`act_img` `img` WHERE ( act.id=img.act_id AND img.face=2 ) ORDER BY id desc LIMIT 6   [ RunTime:0.0137s ]
INFO: [ view_parse ] --START--
INFO: [ template_filter ] --START--
INFO: Run Behavior\ContentReplaceBehavior [ RunTime:0.000167s ]
INFO: [ template_filter ] --END-- [ RunTime:0.000256s ]
INFO: Run Behavior\ParseTemplateBehavior [ RunTime:0.011035s ]
INFO: [ view_parse ] --END-- [ RunTime:0.011087s ]
INFO: [ view_filter ] --START--
INFO: Run Behavior\WriteHtmlCacheBehavior [ RunTime:0.000238s ]
INFO: [ view_filter ] --END-- [ RunTime:0.000274s ]
INFO: [ app_end ] --START--
INFO: Run Behavior\ShowPageTraceBehavior [ RunTime:0.000565s ]
INFO: [ app_end ] --END-- [ RunTime:0.000619s ]

[ 2017-08-03T16:32:32+08:00 ] 115.60.145.125 /
INFO: [ app_init ] --START--
INFO: Run Behavior\BuildLiteBehavior [ RunTime:0.000016s ]
INFO: [ app_init ] --END-- [ RunTime:0.000377s ]
INFO: [ app_begin ] --START--
INFO: Run Behavior\ReadHtmlCacheBehavior [ RunTime:0.000480s ]
INFO: [ app_begin ] --END-- [ RunTime:0.000526s ]
SQL: SHOW COLUMNS FROM `activities` [ RunTime:0.0021s ]
SQL: SELECT act.*,img.img FROM `activities` `act`,`act_img` `img` WHERE ( act.id=img.act_id AND img.face=2 ) ORDER BY id desc LIMIT 6   [ RunTime:0.0076s ]
INFO: [ view_parse ] --START--
INFO: [ template_filter ] --START--
INFO: Run Behavior\ContentReplaceBehavior [ RunTime:0.000159s ]
INFO: [ template_filter ] --END-- [ RunTime:0.000210s ]
INFO: Run Behavior\ParseTemplateBehavior [ RunTime:0.010649s ]
INFO: [ view_parse ] --END-- [ RunTime:0.010699s ]
INFO: [ view_filter ] --START--
INFO: Run Behavior\WriteHtmlCacheBehavior [ RunTime:0.000237s ]
INFO: [ view_filter ] --END-- [ RunTime:0.000273s ]
INFO: [ app_end ] --START--
INFO: Run Behavior\ShowPageTraceBehavior [ RunTime:0.000571s ]
INFO: [ app_end ] --END-- [ RunTime:0.000623s ]

[ 2017-08-03T16:35:31+08:00 ] 115.60.145.125 /index.php/Home/Activity/index
INFO: [ app_init ] --START--
INFO: Run Behavior\BuildLiteBehavior [ RunTime:0.000027s ]
INFO: [ app_init ] --END-- [ RunTime:0.000392s ]
INFO: [ app_begin ] --START--
INFO: Run Behavior\ReadHtmlCacheBehavior [ RunTime:0.000479s ]
INFO: [ app_begin ] --END-- [ RunTime:0.000521s ]
INFO: [ view_parse ] --START--
INFO: [ template_filter ] --START--
INFO: Run Behavior\ContentReplaceBehavior [ RunTime:0.000105s ]
INFO: [ template_filter ] --END-- [ RunTime:0.000157s ]
NOTIC: [8] Undefined variable: val /www/web/longzi_cn/public_html/Wap/Runtime/Cache/Home/2618447a8e475f55f6204d176ed7e80f.php 第 132 行.
NOTIC: [8] Undefined variable: val /www/web/longzi_cn/public_html/Wap/Runtime/Cache/Home/2618447a8e475f55f6204d176ed7e80f.php 第 135 行.
NOTIC: [8] Undefined variable: val /www/web/longzi_cn/public_html/Wap/Runtime/Cache/Home/2618447a8e475f55f6204d176ed7e80f.php 第 140 行.
NOTIC: [8] Undefined variable: val /www/web/longzi_cn/public_html/Wap/Runtime/Cache/Home/2618447a8e475f55f6204d176ed7e80f.php 第 143 行.
NOTIC: [8] Undefined variable: val /www/web/longzi_cn/public_html/Wap/Runtime/Cache/Home/2618447a8e475f55f6204d176ed7e80f.php 第 146 行.
INFO: Run Behavior\ParseTemplateBehavior [ RunTime:0.008502s ]
INFO: [ view_parse ] --END-- [ RunTime:0.008552s ]
INFO: [ view_filter ] --START--
INFO: Run Behavior\WriteHtmlCacheBehavior [ RunTime:0.000269s ]
INFO: [ view_filter ] --END-- [ RunTime:0.000306s ]
INFO: [ app_end ] --START--
INFO: Run Behavior\ShowPageTraceBehavior [ RunTime:0.000480s ]
INFO: [ app_end ] --END-- [ RunTime:0.000523s ]

[ 2017-08-03T16:35:31+08:00 ] 115.60.145.125 /index.php/Home/Activity/lists
INFO: [ app_init ] --START--
INFO: Run Behavior\BuildLiteBehavior [ RunTime:0.000014s ]
INFO: [ app_init ] --END-- [ RunTime:0.000343s ]
INFO: [ app_begin ] --START--
INFO: Run Behavior\ReadHtmlCacheBehavior [ RunTime:0.000437s ]
INFO: [ app_begin ] --END-- [ RunTime:0.000480s ]
SQL: SHOW COLUMNS FROM `user` [ RunTime:0.0021s ]
SQL: SHOW COLUMNS FROM `activities` [ RunTime:0.0025s ]
SQL: SELECT act.*,img.img FROM `activities` `act`,`act_img` `img` WHERE ( act.id=img.act_id AND img.face=2 ) ORDER BY id desc LIMIT 0,10   [ RunTime:0.0108s ]

[ 2017-08-03T16:35:44+08:00 ] 115.60.145.125 /index.php/Home/Activity/lists
INFO: [ app_init ] --START--
INFO: Run Behavior\BuildLiteBehavior [ RunTime:0.000026s ]
INFO: [ app_init ] --END-- [ RunTime:0.000570s ]
INFO: [ app_begin ] --START--
INFO: Run Behavior\ReadHtmlCacheBehavior [ RunTime:0.000492s ]
INFO: [ app_begin ] --END-- [ RunTime:0.000536s ]
SQL: SHOW COLUMNS FROM `user` [ RunTime:0.0022s ]
SQL: SHOW COLUMNS FROM `activities` [ RunTime:0.0024s ]
SQL: SELECT act.*,img.img FROM `activities` `act`,`act_img` `img` WHERE ( act.id=img.act_id AND img.face=2 ) ORDER BY id desc LIMIT 10,10   [ RunTime:0.0177s ]

[ 2017-08-03T16:36:06+08:00 ] 115.60.145.125 /index.php/Home/Activity/lists
INFO: [ app_init ] --START--
INFO: Run Behavior\BuildLiteBehavior [ RunTime:0.000017s ]
INFO: [ app_init ] --END-- [ RunTime:0.000362s ]
INFO: [ app_begin ] --START--
INFO: Run Behavior\ReadHtmlCacheBehavior [ RunTime:0.000455s ]
INFO: [ app_begin ] --END-- [ RunTime:0.000497s ]
SQL: SHOW COLUMNS FROM `user` [ RunTime:0.0025s ]
SQL: SHOW COLUMNS FROM `activities` [ RunTime:0.0020s ]
SQL: SELECT act.*,img.img FROM `activities` `act`,`act_img` `img` WHERE ( act.id=img.act_id AND img.face=2 ) ORDER BY id desc LIMIT 20,10   [ RunTime:0.0129s ]

[ 2017-08-03T16:36:14+08:00 ] 115.60.145.125 /index.php/Home/Activity/lists
INFO: [ app_init ] --START--
INFO: Run Behavior\BuildLiteBehavior [ RunTime:0.000017s ]
INFO: [ app_init ] --END-- [ RunTime:0.000419s ]
INFO: [ app_begin ] --START--
INFO: Run Behavior\ReadHtmlCacheBehavior [ RunTime:0.000483s ]
INFO: [ app_begin ] --END-- [ RunTime:0.000523s ]
SQL: SHOW COLUMNS FROM `user` [ RunTime:0.0022s ]
SQL: SHOW COLUMNS FROM `activities` [ RunTime:0.0021s ]
SQL: SELECT act.*,img.img FROM `activities` `act`,`act_img` `img` WHERE ( act.id=img.act_id AND img.face=2 AND act.act_fl='文学' ) ORDER BY id desc LIMIT 0,10   [ RunTime:0.0042s ]

[ 2017-08-03T16:36:16+08:00 ] 115.60.145.125 /index.php/Home/Activity/lists
INFO: [ app_init ] --START--
INFO: Run Behavior\BuildLiteBehavior [ RunTime:0.000015s ]
INFO: [ app_init ] --END-- [ RunTime:0.000387s ]
INFO: [ app_begin ] --START--
INFO: Run Behavior\ReadHtmlCacheBehavior [ RunTime:0.000455s ]
INFO: [ app_begin ] --END-- [ RunTime:0.000504s ]
SQL: SHOW COLUMNS FROM `user` [ RunTime:0.0021s ]
SQL: SHOW COLUMNS FROM `activities` [ RunTime:0.0023s ]
SQL: SELECT act.*,img.img FROM `activities` `act`,`act_img` `img` WHERE ( act.id=img.act_id AND img.face=2 AND act.act_fl='体育' ) ORDER BY id desc LIMIT 0,10   [ RunTime:0.0034s ]

[ 2017-08-03T16:36:17+08:00 ] 115.60.145.125 /index.php/Home/Activity/lists
INFO: [ app_init ] --START--
INFO: Run Behavior\BuildLiteBehavior [ RunTime:0.000025s ]
INFO: [ app_init ] --END-- [ RunTime:0.000396s ]
INFO: [ app_begin ] --START--
INFO: Run Behavior\ReadHtmlCacheBehavior [ RunTime:0.000522s ]
INFO: [ app_begin ] --END-- [ RunTime:0.000564s ]
SQL: SHOW COLUMNS FROM `user` [ RunTime:0.0021s ]
SQL: SHOW COLUMNS FROM `activities` [ RunTime:0.0022s ]
SQL: SELECT act.*,img.img FROM `activities` `act`,`act_img` `img` WHERE ( act.id=img.act_id AND img.face=2 AND act.act_fl='娱乐' ) ORDER BY id desc LIMIT 0,10   [ RunTime:0.0086s ]

[ 2017-08-03T16:36:18+08:00 ] 115.60.145.125 /index.php/Home/Activity/lists
INFO: [ app_init ] --START--
INFO: Run Behavior\BuildLiteBehavior [ RunTime:0.000016s ]
INFO: [ app_init ] --END-- [ RunTime:0.000389s ]
INFO: [ app_begin ] --START--
INFO: Run Behavior\ReadHtmlCacheBehavior [ RunTime:0.000519s ]
INFO: [ app_begin ] --END-- [ RunTime:0.000560s ]
SQL: SHOW COLUMNS FROM `user` [ RunTime:0.0020s ]
SQL: SHOW COLUMNS FROM `activities` [ RunTime:0.0020s ]
SQL: SELECT act.*,img.img FROM `activities` `act`,`act_img` `img` WHERE ( act.id=img.act_id AND img.face=2 AND act.act_fl='公益' ) ORDER BY id desc LIMIT 0,10   [ RunTime:0.0070s ]
SQL: SELECT * FROM `user` WHERE ( id=87 )  [ RunTime:0.0018s ]
SQL: SELECT * FROM `user` WHERE ( id=87 )  [ RunTime:0.0016s ]
SQL: SELECT * FROM `user` WHERE ( id=87 )  [ RunTime:0.0017s ]

[ 2017-08-03T16:36:19+08:00 ] 115.60.145.125 /index.php/Home/Activity/lists
INFO: [ app_init ] --START--
INFO: Run Behavior\BuildLiteBehavior [ RunTime:0.000014s ]
INFO: [ app_init ] --END-- [ RunTime:0.000355s ]
INFO: [ app_begin ] --START--
INFO: Run Behavior\ReadHtmlCacheBehavior [ RunTime:0.000439s ]
INFO: [ app_begin ] --END-- [ RunTime:0.000482s ]
SQL: SHOW COLUMNS FROM `user` [ RunTime:0.0021s ]
SQL: SHOW COLUMNS FROM `activities` [ RunTime:0.0023s ]
SQL: SELECT act.*,img.img FROM `activities` `act`,`act_img` `img` WHERE ( act.id=img.act_id AND img.face=2 AND act.act_fl='户外' ) ORDER BY id desc LIMIT 0,10   [ RunTime:0.0050s ]

[ 2017-08-03T16:36:23+08:00 ] 115.60.145.125 /index.php/Home/Topic/index
INFO: [ app_init ] --START--
INFO: Run Behavior\BuildLiteBehavior [ RunTime:0.000016s ]
INFO: [ app_init ] --END-- [ RunTime:0.000392s ]
INFO: [ app_begin ] --START--
INFO: Run Behavior\ReadHtmlCacheBehavior [ RunTime:0.000492s ]
INFO: [ app_begin ] --END-- [ RunTime:0.000537s ]
SQL: SHOW COLUMNS FROM `topic` [ RunTime:0.0021s ]
SQL: SELECT * FROM `topic` ORDER BY id desc LIMIT 10   [ RunTime:0.0020s ]
INFO: [ view_parse ] --START--
INFO: [ template_filter ] --START--
INFO: Run Behavior\ContentReplaceBehavior [ RunTime:0.000178s ]
INFO: [ template_filter ] --END-- [ RunTime:0.000260s ]
INFO: Run Behavior\ParseTemplateBehavior [ RunTime:0.019973s ]
INFO: [ view_parse ] --END-- [ RunTime:0.020040s ]
INFO: [ view_filter ] --START--
INFO: Run Behavior\WriteHtmlCacheBehavior [ RunTime:0.000299s ]
INFO: [ view_filter ] --END-- [ RunTime:0.000358s ]
INFO: [ app_end ] --START--
INFO: Run Behavior\ShowPageTraceBehavior [ RunTime:0.000537s ]
INFO: [ app_end ] --END-- [ RunTime:0.000585s ]

[ 2017-08-03T16:36:27+08:00 ] 115.60.145.125 /index.php/Home/Wonder/highlights
INFO: [ app_init ] --START--
INFO: Run Behavior\BuildLiteBehavior [ RunTime:0.000015s ]
INFO: [ app_init ] --END-- [ RunTime:0.000378s ]
INFO: [ app_begin ] --START--
INFO: Run Behavior\ReadHtmlCacheBehavior [ RunTime:0.000476s ]
INFO: [ app_begin ] --END-- [ RunTime:0.000519s ]
ERR: 非法操作:highlights

[ 2017-08-03T16:36:30+08:00 ] 115.60.145.125 /index.php/Home/Wonder/highlights
INFO: [ app_init ] --START--
INFO: Run Behavior\BuildLiteBehavior [ RunTime:0.000016s ]
INFO: [ app_init ] --END-- [ RunTime:0.000430s ]
INFO: [ app_begin ] --START--
INFO: Run Behavior\ReadHtmlCacheBehavior [ RunTime:0.000484s ]
INFO: [ app_begin ] --END-- [ RunTime:0.000527s ]
ERR: 非法操作:highlights

[ 2017-08-03T16:36:41+08:00 ] 115.60.145.125 /index.php/Home/Wonder/index
INFO: [ app_init ] --START--
INFO: Run Behavior\BuildLiteBehavior [ RunTime:0.000016s ]
INFO: [ app_init ] --END-- [ RunTime:0.000384s ]
INFO: [ app_begin ] --START--
INFO: Run Behavior\ReadHtmlCacheBehavior [ RunTime:0.000513s ]
INFO: [ app_begin ] --END-- [ RunTime:0.000569s ]
INFO: [ view_parse ] --START--
INFO: [ template_filter ] --START--
INFO: Run Behavior\ContentReplaceBehavior [ RunTime:0.000103s ]
INFO: [ template_filter ] --END-- [ RunTime:0.000164s ]
INFO: Run Behavior\ParseTemplateBehavior [ RunTime:0.010455s ]
INFO: [ view_parse ] --END-- [ RunTime:0.010511s ]
INFO: [ view_filter ] --START--
INFO: Run Behavior\WriteHtmlCacheBehavior [ RunTime:0.000268s ]
INFO: [ view_filter ] --END-- [ RunTime:0.000304s ]
INFO: [ app_end ] --START--
INFO: Run Behavior\ShowPageTraceBehavior [ RunTime:0.000489s ]
INFO: [ app_end ] --END-- [ RunTime:0.000539s ]

[ 2017-08-03T16:40:22+08:00 ] 115.60.145.125 /index.php/Home/Wonder/highlights
INFO: [ app_init ] --START--
INFO: Run Behavior\BuildLiteBehavior [ RunTime:0.000017s ]
INFO: [ app_init ] --END-- [ RunTime:0.000359s ]
INFO: [ app_begin ] --START--
INFO: Run Behavior\ReadHtmlCacheBehavior [ RunTime:0.000476s ]
INFO: [ app_begin ] --END-- [ RunTime:0.000521s ]
ERR: 非法操作:highlights

[ 2017-08-03T16:40:56+08:00 ] 115.60.145.125 /index.php/Home/Wonder/highlights
INFO: [ app_init ] --START--
INFO: Run Behavior\BuildLiteBehavior [ RunTime:0.000017s ]
INFO: [ app_init ] --END-- [ RunTime:0.000363s ]
INFO: [ app_begin ] --START--
INFO: Run Behavior\ReadHtmlCacheBehavior [ RunTime:0.000451s ]
INFO: [ app_begin ] --END-- [ RunTime:0.000493s ]
ERR: 非法操作:highlights

[ 2017-08-03T16:41:00+08:00 ] 115.60.145.125 /index.php/Home/Literature/index
INFO: [ app_init ] --START--
INFO: Run Behavior\BuildLiteBehavior [ RunTime:0.000015s ]
INFO: [ app_init ] --END-- [ RunTime:0.000355s ]
INFO: [ app_begin ] --START--
INFO: Run Behavior\ReadHtmlCacheBehavior [ RunTime:0.000474s ]
INFO: [ app_begin ] --END-- [ RunTime:0.000518s ]
SQL: SHOW COLUMNS FROM `wenxue` [ RunTime:0.0021s ]
SQL: SELECT * FROM `wenxue` WHERE ( statu=1 ) LIMIT 10   [ RunTime:0.0042s ]
INFO: [ view_parse ] --START--
INFO: [ template_filter ] --START--
INFO: Run Behavior\ContentReplaceBehavior [ RunTime:0.000269s ]
INFO: [ template_filter ] --END-- [ RunTime:0.000379s ]
INFO: Run Behavior\ParseTemplateBehavior [ RunTime:0.017908s ]
INFO: [ view_parse ] --END-- [ RunTime:0.017960s ]
INFO: [ view_filter ] --START--
INFO: Run Behavior\WriteHtmlCacheBehavior [ RunTime:0.000264s ]
INFO: [ view_filter ] --END-- [ RunTime:0.000304s ]
INFO: [ app_end ] --START--
INFO: Run Behavior\ShowPageTraceBehavior [ RunTime:0.000587s ]
INFO: [ app_end ] --END-- [ RunTime:0.000632s ]

[ 2017-08-03T16:41:01+08:00 ] 115.60.145.125 /index.php/Home/js/swiper.js
INFO: [ app_init ] --START--
INFO: Run Behavior\BuildLiteBehavior [ RunTime:0.000018s ]
INFO: [ app_init ] --END-- [ RunTime:0.000404s ]
INFO: [ app_begin ] --START--
INFO: Run Behavior\ReadHtmlCacheBehavior [ RunTime:0.000528s ]
INFO: [ app_begin ] --END-- [ RunTime:0.000572s ]
ERR: 无法加载控制器:Js

[ 2017-08-03T16:41:01+08:00 ] 115.60.145.125 /index.php/Home/js/swiper.js
INFO: [ app_init ] --START--
INFO: Run Behavior\BuildLiteBehavior [ RunTime:0.000030s ]
INFO: [ app_init ] --END-- [ RunTime:0.000554s ]
INFO: [ app_begin ] --START--
INFO: Run Behavior\ReadHtmlCacheBehavior [ RunTime:0.000578s ]
INFO: [ app_begin ] --END-- [ RunTime:0.000651s ]
ERR: 无法加载控制器:Js

[ 2017-08-03T16:41:28+08:00 ] 115.60.145.125 /index.php/Home/PE/index
INFO: [ app_init ] --START--
INFO: Run Behavior\BuildLiteBehavior [ RunTime:0.000014s ]
INFO: [ app_init ] --END-- [ RunTime:0.000387s ]
INFO: [ app_begin ] --START--
INFO: Run Behavior\ReadHtmlCacheBehavior [ RunTime:0.000507s ]
INFO: [ app_begin ] --END-- [ RunTime:0.000558s ]
INFO: [ view_parse ] --START--
INFO: [ template_filter ] --START--
INFO: Run Behavior\ContentReplaceBehavior [ RunTime:0.000098s ]
INFO: [ template_filter ] --END-- [ RunTime:0.000161s ]
INFO: Run Behavior\ParseTemplateBehavior [ RunTime:0.010544s ]
INFO: [ view_parse ] --END-- [ RunTime:0.010588s ]
INFO: [ view_filter ] --START--
INFO: Run Behavior\WriteHtmlCacheBehavior [ RunTime:0.000232s ]
INFO: [ view_filter ] --END-- [ RunTime:0.000268s ]
INFO: [ app_end ] --START--
INFO: Run Behavior\ShowPageTraceBehavior [ RunTime:0.000512s ]
INFO: [ app_end ] --END-- [ RunTime:0.000555s ]

[ 2017-08-03T16:41:33+08:00 ] 115.60.145.125 /index.php/Home/News/index
INFO: [ app_init ] --START--
INFO: Run Behavior\BuildLiteBehavior [ RunTime:0.000017s ]
INFO: [ app_init ] --END-- [ RunTime:0.000385s ]
INFO: [ app_begin ] --START--
INFO: Run Behavior\ReadHtmlCacheBehavior [ RunTime:0.000515s ]
INFO: [ app_begin ] --END-- [ RunTime:0.000559s ]
SQL: SHOW COLUMNS FROM `xinwen` [ RunTime:0.0020s ]
SQL: SELECT * FROM `xinwen` WHERE ( statu=1 ) ORDER BY id desc LIMIT 10   [ RunTime:0.0048s ]
INFO: [ view_parse ] --START--
INFO: [ template_filter ] --START--
INFO: Run Behavior\ContentReplaceBehavior [ RunTime:0.000142s ]
INFO: [ template_filter ] --END-- [ RunTime:0.000193s ]
NOTIC: [8] Undefined variable: val /www/web/longzi_cn/public_html/Wap/Runtime/Cache/Home/3e1db04e7083e697fef51415aa3aaf61.php 第 134 行.
NOTIC: [8] Undefined variable: val /www/web/longzi_cn/public_html/Wap/Runtime/Cache/Home/3e1db04e7083e697fef51415aa3aaf61.php 第 136 行.
NOTIC: [8] Undefined variable: val /www/web/longzi_cn/public_html/Wap/Runtime/Cache/Home/3e1db04e7083e697fef51415aa3aaf61.php 第 138 行.
NOTIC: [8] Undefined variable: val /www/web/longzi_cn/public_html/Wap/Runtime/Cache/Home/3e1db04e7083e697fef51415aa3aaf61.php 第 150 行.
INFO: Run Behavior\ParseTemplateBehavior [ RunTime:0.013178s ]
INFO: [ view_parse ] --END-- [ RunTime:0.013224s ]
INFO: [ view_filter ] --START--
INFO: Run Behavior\WriteHtmlCacheBehavior [ RunTime:0.000267s ]
INFO: [ view_filter ] --END-- [ RunTime:0.000304s ]
INFO: [ app_end ] --START--
INFO: Run Behavior\ShowPageTraceBehavior [ RunTime:0.000596s ]
INFO: [ app_end ] --END-- [ RunTime:0.000651s ]

[ 2017-08-03T16:41:34+08:00 ] 115.60.145.125 /index.php/Home/News/index
INFO: [ app_init ] --START--
INFO: Run Behavior\BuildLiteBehavior [ RunTime:0.000014s ]
INFO: [ app_init ] --END-- [ RunTime:0.000399s ]
INFO: [ app_begin ] --START--
INFO: Run Behavior\ReadHtmlCacheBehavior [ RunTime:0.000450s ]
INFO: [ app_begin ] --END-- [ RunTime:0.000492s ]
SQL: SHOW COLUMNS FROM `xinwen` [ RunTime:0.0028s ]
SQL: SELECT * FROM `xinwen` WHERE ( statu=1 ) ORDER BY id desc LIMIT 10   [ RunTime:0.0057s ]
INFO: [ view_parse ] --START--
INFO: [ template_filter ] --START--
INFO: Run Behavior\ContentReplaceBehavior [ RunTime:0.000151s ]
INFO: [ template_filter ] --END-- [ RunTime:0.000204s ]
NOTIC: [8] Undefined variable: val /www/web/longzi_cn/public_html/Wap/Runtime/Cache/Home/3e1db04e7083e697fef51415aa3aaf61.php 第 134 行.
NOTIC: [8] Undefined variable: val /www/web/longzi_cn/public_html/Wap/Runtime/Cache/Home/3e1db04e7083e697fef51415aa3aaf61.php 第 136 行.
NOTIC: [8] Undefined variable: val /www/web/longzi_cn/public_html/Wap/Runtime/Cache/Home/3e1db04e7083e697fef51415aa3aaf61.php 第 138 行.
NOTIC: [8] Undefined variable: val /www/web/longzi_cn/public_html/Wap/Runtime/Cache/Home/3e1db04e7083e697fef51415aa3aaf61.php 第 150 行.
INFO: Run Behavior\ParseTemplateBehavior [ RunTime:0.013751s ]
INFO: [ view_parse ] --END-- [ RunTime:0.013795s ]
INFO: [ view_filter ] --START--
INFO: Run Behavior\WriteHtmlCacheBehavior [ RunTime:0.000237s ]
INFO: [ view_filter ] --END-- [ RunTime:0.000276s ]
INFO: [ app_end ] --START--
INFO: Run Behavior\ShowPageTraceBehavior [ RunTime:0.000541s ]
INFO: [ app_end ] --END-- [ RunTime:0.000590s ]

[ 2017-08-03T16:49:16+08:00 ] 115.60.145.125 /index.php/Home/Wonder/index
INFO: [ app_init ] --START--
INFO: Run Behavior\BuildLiteBehavior [ RunTime:0.000017s ]
INFO: [ app_init ] --END-- [ RunTime:0.000388s ]
INFO: [ app_begin ] --START--
INFO: Run Behavior\ReadHtmlCacheBehavior [ RunTime:0.000489s ]
INFO: [ app_begin ] --END-- [ RunTime:0.000533s ]
INFO: [ view_parse ] --START--
INFO: [ template_filter ] --START--
INFO: Run Behavior\ContentReplaceBehavior [ RunTime:0.000133s ]
INFO: [ template_filter ] --END-- [ RunTime:0.000201s ]
INFO: Run Behavior\ParseTemplateBehavior [ RunTime:0.011642s ]
INFO: [ view_parse ] --END-- [ RunTime:0.011687s ]
INFO: [ view_filter ] --START--
INFO: Run Behavior\WriteHtmlCacheBehavior [ RunTime:0.000234s ]
INFO: [ view_filter ] --END-- [ RunTime:0.000288s ]
INFO: [ app_end ] --START--
INFO: Run Behavior\ShowPageTraceBehavior [ RunTime:0.000483s ]
INFO: [ app_end ] --END-- [ RunTime:0.000527s ]

[ 2017-08-03T20:50:10+08:00 ] 223.104.105.152 /
INFO: [ app_init ] --START--
INFO: Run Behavior\BuildLiteBehavior [ RunTime:0.000013s ]
INFO: [ app_init ] --END-- [ RunTime:0.000396s ]
INFO: [ app_begin ] --START--
INFO: Run Behavior\ReadHtmlCacheBehavior [ RunTime:0.000507s ]
INFO: [ app_begin ] --END-- [ RunTime:0.000557s ]
SQL: SHOW COLUMNS FROM `activities` [ RunTime:0.0022s ]
SQL: SELECT act.*,img.img FROM `activities` `act`,`act_img` `img` WHERE ( act.id=img.act_id AND img.face=2 ) ORDER BY id desc LIMIT 6   [ RunTime:0.0085s ]
INFO: [ view_parse ] --START--
INFO: [ template_filter ] --START--
INFO: Run Behavior\ContentReplaceBehavior [ RunTime:0.000161s ]
INFO: [ template_filter ] --END-- [ RunTime:0.000212s ]
INFO: Run Behavior\ParseTemplateBehavior [ RunTime:0.010860s ]
INFO: [ view_parse ] --END-- [ RunTime:0.010929s ]
INFO: [ view_filter ] --START--
INFO: Run Behavior\WriteHtmlCacheBehavior [ RunTime:0.000268s ]
INFO: [ view_filter ] --END-- [ RunTime:0.000316s ]
INFO: [ app_end ] --START--
INFO: Run Behavior\ShowPageTraceBehavior [ RunTime:0.000521s ]
INFO: [ app_end ] --END-- [ RunTime:0.000600s ]

